[35m[1mConsolidate compiler generated dependencies of target motor_driver[0m
[100%] Built target motor_driver
-- Install configuration: ""
-- Up-to-date: /home/pi/pi_bot_ws/install/motor_driver/lib/libmotor_driver.a
-- Up-to-date: /home/pi/pi_bot_ws/install/motor_driver/include/
-- Up-to-date: /home/pi/pi_bot_ws/install/motor_driver/include//motor_driver
-- Up-to-date: /home/pi/pi_bot_ws/install/motor_driver/include//motor_driver/motor_hat.hpp
-- Up-to-date: /home/pi/pi_bot_ws/install/motor_driver/include//motor_driver/pwm_driver.hpp
-- Up-to-date: /home/pi/pi_bot_ws/install/motor_driver/include//motor_driver/motor.hpp
-- Up-to-date: /home/pi/pi_bot_ws/install/motor_driver/include//i2c_comm_cpp
-- Up-to-date: /home/pi/pi_bot_ws/install/motor_driver/include//i2c_comm_cpp/i2c-dev.h
-- Up-to-date: /home/pi/pi_bot_ws/install/motor_driver/include//i2c_comm_cpp/i2c_utils.hpp
-- Up-to-date: /home/pi/pi_bot_ws/install/motor_driver/share/ament_index/resource_index/package_run_dependencies/motor_driver
-- Up-to-date: /home/pi/pi_bot_ws/install/motor_driver/share/ament_index/resource_index/parent_prefix_path/motor_driver
-- Up-to-date: /home/pi/pi_bot_ws/install/motor_driver/share/motor_driver/environment/ament_prefix_path.sh
-- Up-to-date: /home/pi/pi_bot_ws/install/motor_driver/share/motor_driver/environment/ament_prefix_path.dsv
-- Up-to-date: /home/pi/pi_bot_ws/install/motor_driver/share/motor_driver/environment/path.sh
-- Up-to-date: /home/pi/pi_bot_ws/install/motor_driver/share/motor_driver/environment/path.dsv
-- Up-to-date: /home/pi/pi_bot_ws/install/motor_driver/share/motor_driver/local_setup.bash
-- Up-to-date: /home/pi/pi_bot_ws/install/motor_driver/share/motor_driver/local_setup.sh
-- Up-to-date: /home/pi/pi_bot_ws/install/motor_driver/share/motor_driver/local_setup.zsh
-- Up-to-date: /home/pi/pi_bot_ws/install/motor_driver/share/motor_driver/local_setup.dsv
-- Installing: /home/pi/pi_bot_ws/install/motor_driver/share/motor_driver/package.dsv
-- Up-to-date: /home/pi/pi_bot_ws/install/motor_driver/share/ament_index/resource_index/packages/motor_driver
-- Up-to-date: /home/pi/pi_bot_ws/install/motor_driver/share/motor_driver/cmake/export_motor_driverExport.cmake
-- Up-to-date: /home/pi/pi_bot_ws/install/motor_driver/share/motor_driver/cmake/export_motor_driverExport-noconfig.cmake
-- Up-to-date: /home/pi/pi_bot_ws/install/motor_driver/share/motor_driver/cmake/ament_cmake_export_include_directories-extras.cmake
-- Up-to-date: /home/pi/pi_bot_ws/install/motor_driver/share/motor_driver/cmake/ament_cmake_export_dependencies-extras.cmake
-- Up-to-date: /home/pi/pi_bot_ws/install/motor_driver/share/motor_driver/cmake/ament_cmake_export_targets-extras.cmake
-- Up-to-date: /home/pi/pi_bot_ws/install/motor_driver/share/motor_driver/cmake/motor_driverConfig.cmake
-- Up-to-date: /home/pi/pi_bot_ws/install/motor_driver/share/motor_driver/cmake/motor_driverConfig-version.cmake
-- Up-to-date: /home/pi/pi_bot_ws/install/motor_driver/share/motor_driver/package.xml
