[0.108s] Invoking command in '/home/pi/pi_bot_ws/build/motor_driver': CMAKE_PREFIX_PATH=/opt/ros/humble /usr/bin/cmake --build /home/pi/pi_bot_ws/build/motor_driver -- -j4 -l4
[0.449s] [35m[1mConsolidate compiler generated dependencies of target motor_driver[0m
[0.592s] [100%] Built target motor_driver
[0.670s] Invoked command in '/home/pi/pi_bot_ws/build/motor_driver' returned '0': CMAKE_PREFIX_PATH=/opt/ros/humble /usr/bin/cmake --build /home/pi/pi_bot_ws/build/motor_driver -- -j4 -l4
[0.749s] Invoking command in '/home/pi/pi_bot_ws/build/motor_driver': CMAKE_PREFIX_PATH=/opt/ros/humble /usr/bin/cmake --install /home/pi/pi_bot_ws/build/motor_driver
[0.803s] -- Install configuration: ""
[0.805s] -- Up-to-date: /home/pi/pi_bot_ws/install/motor_driver/lib/libmotor_driver.a
[0.806s] -- Up-to-date: /home/pi/pi_bot_ws/install/motor_driver/include/
[0.808s] -- Up-to-date: /home/pi/pi_bot_ws/install/motor_driver/include//motor_driver
[0.809s] -- Up-to-date: /home/pi/pi_bot_ws/install/motor_driver/include//motor_driver/motor_hat.hpp
[0.811s] -- Up-to-date: /home/pi/pi_bot_ws/install/motor_driver/include//motor_driver/pwm_driver.hpp
[0.812s] -- Up-to-date: /home/pi/pi_bot_ws/install/motor_driver/include//motor_driver/motor.hpp
[0.814s] -- Up-to-date: /home/pi/pi_bot_ws/install/motor_driver/include//i2c_comm_cpp
[0.816s] -- Up-to-date: /home/pi/pi_bot_ws/install/motor_driver/include//i2c_comm_cpp/i2c-dev.h
[0.817s] -- Up-to-date: /home/pi/pi_bot_ws/install/motor_driver/include//i2c_comm_cpp/i2c_utils.hpp
[0.818s] -- Up-to-date: /home/pi/pi_bot_ws/install/motor_driver/share/ament_index/resource_index/package_run_dependencies/motor_driver
[0.820s] -- Up-to-date: /home/pi/pi_bot_ws/install/motor_driver/share/ament_index/resource_index/parent_prefix_path/motor_driver
[0.820s] -- Up-to-date: /home/pi/pi_bot_ws/install/motor_driver/share/motor_driver/environment/ament_prefix_path.sh
[0.821s] -- Up-to-date: /home/pi/pi_bot_ws/install/motor_driver/share/motor_driver/environment/ament_prefix_path.dsv
[0.822s] -- Up-to-date: /home/pi/pi_bot_ws/install/motor_driver/share/motor_driver/environment/path.sh
[0.825s] -- Up-to-date: /home/pi/pi_bot_ws/install/motor_driver/share/motor_driver/environment/path.dsv
[0.826s] -- Up-to-date: /home/pi/pi_bot_ws/install/motor_driver/share/motor_driver/local_setup.bash
[0.827s] -- Up-to-date: /home/pi/pi_bot_ws/install/motor_driver/share/motor_driver/local_setup.sh
[0.829s] -- Up-to-date: /home/pi/pi_bot_ws/install/motor_driver/share/motor_driver/local_setup.zsh
[0.830s] -- Up-to-date: /home/pi/pi_bot_ws/install/motor_driver/share/motor_driver/local_setup.dsv
[0.831s] -- Installing: /home/pi/pi_bot_ws/install/motor_driver/share/motor_driver/package.dsv
[0.832s] -- Up-to-date: /home/pi/pi_bot_ws/install/motor_driver/share/ament_index/resource_index/packages/motor_driver
[0.833s] -- Up-to-date: /home/pi/pi_bot_ws/install/motor_driver/share/motor_driver/cmake/export_motor_driverExport.cmake
[0.834s] -- Up-to-date: /home/pi/pi_bot_ws/install/motor_driver/share/motor_driver/cmake/export_motor_driverExport-noconfig.cmake
[0.835s] -- Up-to-date: /home/pi/pi_bot_ws/install/motor_driver/share/motor_driver/cmake/ament_cmake_export_include_directories-extras.cmake
[0.836s] -- Up-to-date: /home/pi/pi_bot_ws/install/motor_driver/share/motor_driver/cmake/ament_cmake_export_dependencies-extras.cmake
[0.837s] -- Up-to-date: /home/pi/pi_bot_ws/install/motor_driver/share/motor_driver/cmake/ament_cmake_export_targets-extras.cmake
[0.838s] -- Up-to-date: /home/pi/pi_bot_ws/install/motor_driver/share/motor_driver/cmake/motor_driverConfig.cmake
[0.839s] -- Up-to-date: /home/pi/pi_bot_ws/install/motor_driver/share/motor_driver/cmake/motor_driverConfig-version.cmake
[0.841s] -- Up-to-date: /home/pi/pi_bot_ws/install/motor_driver/share/motor_driver/package.xml
[0.846s] Invoked command in '/home/pi/pi_bot_ws/build/motor_driver' returned '0': CMAKE_PREFIX_PATH=/opt/ros/humble /usr/bin/cmake --install /home/pi/pi_bot_ws/build/motor_driver
