[1.088s] DEBUG:colcon:Command line arguments: ['/usr/bin/colcon', 'build']
[1.089s] DEBUG:colcon:Parsed command line arguments: Namespace(log_base=None, log_level=None, verb_name='build', build_base='build', install_base='install', merge_install=False, symlink_install=False, test_result_base=None, continue_on_error=False, executor='parallel', parallel_workers=4, event_handlers=None, ignore_user_meta=False, metas=['./colcon.meta'], base_paths=['.'], packages_ignore=None, packages_ignore_regex=None, paths=None, packages_up_to=None, packages_up_to_regex=None, packages_above=None, packages_above_and_dependencies=None, packages_above_depth=None, packages_select_by_dep=None, packages_skip_by_dep=None, packages_skip_up_to=None, packages_select_build_failed=False, packages_skip_build_finished=False, packages_select_test_failures=False, packages_skip_test_passed=False, packages_select=None, packages_skip=None, packages_select_regex=None, packages_skip_regex=None, packages_start=None, packages_end=None, allow_overriding=[], cmake_args=None, cmake_target=None, cmake_target_skip_unavailable=False, cmake_clean_cache=False, cmake_clean_first=False, cmake_force_configure=False, ament_cmake_args=None, catkin_cmake_args=None, catkin_skip_building_tests=False, mixin_files=None, mixin=None, verb_parser=<colcon_mixin.mixin.mixin_argument.MixinArgumentDecorator object at 0xffff9c4eba30>, verb_extension=<colcon_core.verb.build.BuildVerb object at 0xffff9c64ca00>, main=<bound method BuildVerb.main of <colcon_core.verb.build.BuildVerb object at 0xffff9c64ca00>>, mixin_verb=('build',))
[2.770s] Level 1:colcon.colcon_core.package_discovery:discover_packages(colcon_meta) check parameters
[2.771s] Level 1:colcon.colcon_core.package_discovery:discover_packages(recursive) check parameters
[2.782s] Level 1:colcon.colcon_core.package_discovery:discover_packages(ignore) check parameters
[2.783s] Level 1:colcon.colcon_core.package_discovery:discover_packages(path) check parameters
[2.783s] Level 1:colcon.colcon_core.package_discovery:discover_packages(colcon_meta) discover
[2.784s] Level 1:colcon.colcon_core.package_discovery:discover_packages(recursive) discover
[2.785s] INFO:colcon.colcon_core.package_discovery:Crawling recursively for packages in '/home/pi/pi_bot_ws'
[2.787s] Level 1:colcon.colcon_core.package_identification:_identify(.) by extensions ['ignore', 'ignore_ament_install']
[2.788s] Level 1:colcon.colcon_core.package_identification:_identify(.) by extension 'ignore'
[2.789s] Level 1:colcon.colcon_core.package_identification:_identify(.) by extension 'ignore_ament_install'
[2.790s] Level 1:colcon.colcon_core.package_identification:_identify(.) by extensions ['colcon_pkg']
[2.791s] Level 1:colcon.colcon_core.package_identification:_identify(.) by extension 'colcon_pkg'
[2.792s] Level 1:colcon.colcon_core.package_identification:_identify(.) by extensions ['colcon_meta']
[2.792s] Level 1:colcon.colcon_core.package_identification:_identify(.) by extension 'colcon_meta'
[2.793s] Level 1:colcon.colcon_core.package_identification:_identify(.) by extensions ['ros']
[2.794s] Level 1:colcon.colcon_core.package_identification:_identify(.) by extension 'ros'
[2.910s] Level 1:colcon.colcon_core.package_identification:_identify(.) by extensions ['cmake', 'python']
[2.911s] Level 1:colcon.colcon_core.package_identification:_identify(.) by extension 'cmake'
[2.911s] Level 1:colcon.colcon_core.package_identification:_identify(.) by extension 'python'
[2.911s] Level 1:colcon.colcon_core.package_identification:_identify(.) by extensions ['python_setup_py']
[2.912s] Level 1:colcon.colcon_core.package_identification:_identify(.) by extension 'python_setup_py'
[2.913s] Level 1:colcon.colcon_core.package_identification:_identify(build) by extensions ['ignore', 'ignore_ament_install']
[2.914s] Level 1:colcon.colcon_core.package_identification:_identify(build) by extension 'ignore'
[2.914s] Level 1:colcon.colcon_core.package_identification:_identify(build) ignored
[2.916s] Level 1:colcon.colcon_core.package_identification:_identify(install) by extensions ['ignore', 'ignore_ament_install']
[2.916s] Level 1:colcon.colcon_core.package_identification:_identify(install) by extension 'ignore'
[2.917s] Level 1:colcon.colcon_core.package_identification:_identify(install) ignored
[2.918s] Level 1:colcon.colcon_core.package_identification:_identify(log) by extensions ['ignore', 'ignore_ament_install']
[2.919s] Level 1:colcon.colcon_core.package_identification:_identify(log) by extension 'ignore'
[2.920s] Level 1:colcon.colcon_core.package_identification:_identify(log) ignored
[2.920s] Level 1:colcon.colcon_core.package_identification:_identify(src) by extensions ['ignore', 'ignore_ament_install']
[2.921s] Level 1:colcon.colcon_core.package_identification:_identify(src) by extension 'ignore'
[2.922s] Level 1:colcon.colcon_core.package_identification:_identify(src) by extension 'ignore_ament_install'
[2.922s] Level 1:colcon.colcon_core.package_identification:_identify(src) by extensions ['colcon_pkg']
[2.923s] Level 1:colcon.colcon_core.package_identification:_identify(src) by extension 'colcon_pkg'
[2.923s] Level 1:colcon.colcon_core.package_identification:_identify(src) by extensions ['colcon_meta']
[2.923s] Level 1:colcon.colcon_core.package_identification:_identify(src) by extension 'colcon_meta'
[2.924s] Level 1:colcon.colcon_core.package_identification:_identify(src) by extensions ['ros']
[2.924s] Level 1:colcon.colcon_core.package_identification:_identify(src) by extension 'ros'
[2.925s] Level 1:colcon.colcon_core.package_identification:_identify(src) by extensions ['cmake', 'python']
[2.925s] Level 1:colcon.colcon_core.package_identification:_identify(src) by extension 'cmake'
[2.926s] Level 1:colcon.colcon_core.package_identification:_identify(src) by extension 'python'
[2.926s] Level 1:colcon.colcon_core.package_identification:_identify(src) by extensions ['python_setup_py']
[2.926s] Level 1:colcon.colcon_core.package_identification:_identify(src) by extension 'python_setup_py'
[2.927s] Level 1:colcon.colcon_core.package_identification:_identify(src/hat_test) by extensions ['ignore', 'ignore_ament_install']
[2.928s] Level 1:colcon.colcon_core.package_identification:_identify(src/hat_test) by extension 'ignore'
[2.929s] Level 1:colcon.colcon_core.package_identification:_identify(src/hat_test) by extension 'ignore_ament_install'
[2.929s] Level 1:colcon.colcon_core.package_identification:_identify(src/hat_test) by extensions ['colcon_pkg']
[2.929s] Level 1:colcon.colcon_core.package_identification:_identify(src/hat_test) by extension 'colcon_pkg'
[2.930s] Level 1:colcon.colcon_core.package_identification:_identify(src/hat_test) by extensions ['colcon_meta']
[2.930s] Level 1:colcon.colcon_core.package_identification:_identify(src/hat_test) by extension 'colcon_meta'
[2.931s] Level 1:colcon.colcon_core.package_identification:_identify(src/hat_test) by extensions ['ros']
[2.931s] Level 1:colcon.colcon_core.package_identification:_identify(src/hat_test) by extension 'ros'
[2.951s] DEBUG:colcon.colcon_core.package_identification:Package 'src/hat_test' with type 'ros.ament_cmake' and name 'hat_test'
[2.952s] Level 1:colcon.colcon_core.package_identification:_identify(src/motor_driver) by extensions ['ignore', 'ignore_ament_install']
[2.953s] Level 1:colcon.colcon_core.package_identification:_identify(src/motor_driver) by extension 'ignore'
[2.953s] Level 1:colcon.colcon_core.package_identification:_identify(src/motor_driver) by extension 'ignore_ament_install'
[2.954s] Level 1:colcon.colcon_core.package_identification:_identify(src/motor_driver) by extensions ['colcon_pkg']
[2.954s] Level 1:colcon.colcon_core.package_identification:_identify(src/motor_driver) by extension 'colcon_pkg'
[2.955s] Level 1:colcon.colcon_core.package_identification:_identify(src/motor_driver) by extensions ['colcon_meta']
[2.955s] Level 1:colcon.colcon_core.package_identification:_identify(src/motor_driver) by extension 'colcon_meta'
[2.956s] Level 1:colcon.colcon_core.package_identification:_identify(src/motor_driver) by extensions ['ros']
[2.956s] Level 1:colcon.colcon_core.package_identification:_identify(src/motor_driver) by extension 'ros'
[2.961s] DEBUG:colcon.colcon_core.package_identification:Package 'src/motor_driver' with type 'ros.ament_cmake' and name 'motor_driver'
[2.962s] Level 1:colcon.colcon_core.package_discovery:discover_packages(recursive) using defaults
[2.962s] Level 1:colcon.colcon_core.package_discovery:discover_packages(ignore) discover
[2.963s] Level 1:colcon.colcon_core.package_discovery:discover_packages(ignore) using defaults
[2.963s] Level 1:colcon.colcon_core.package_discovery:discover_packages(path) discover
[2.963s] Level 1:colcon.colcon_core.package_discovery:discover_packages(path) using defaults
[3.135s] Level 1:colcon.colcon_core.package_discovery:discover_packages(prefix_path) check parameters
[3.136s] Level 1:colcon.colcon_core.package_discovery:discover_packages(prefix_path) discover
[3.156s] DEBUG:colcon.colcon_installed_package_information.package_discovery:Found 2 installed packages in /home/pi/pi_bot_ws/install
[3.170s] DEBUG:colcon.colcon_installed_package_information.package_discovery:Found 182 installed packages in /opt/ros/humble
[3.180s] Level 1:colcon.colcon_core.package_discovery:discover_packages(prefix_path) using defaults
[3.559s] Level 5:colcon.colcon_core.verb:set package 'motor_driver' build argument 'cmake_args' from command line to 'None'
[3.559s] Level 5:colcon.colcon_core.verb:set package 'motor_driver' build argument 'cmake_target' from command line to 'None'
[3.560s] Level 5:colcon.colcon_core.verb:set package 'motor_driver' build argument 'cmake_target_skip_unavailable' from command line to 'False'
[3.560s] Level 5:colcon.colcon_core.verb:set package 'motor_driver' build argument 'cmake_clean_cache' from command line to 'False'
[3.560s] Level 5:colcon.colcon_core.verb:set package 'motor_driver' build argument 'cmake_clean_first' from command line to 'False'
[3.560s] Level 5:colcon.colcon_core.verb:set package 'motor_driver' build argument 'cmake_force_configure' from command line to 'False'
[3.561s] Level 5:colcon.colcon_core.verb:set package 'motor_driver' build argument 'ament_cmake_args' from command line to 'None'
[3.561s] Level 5:colcon.colcon_core.verb:set package 'motor_driver' build argument 'catkin_cmake_args' from command line to 'None'
[3.561s] Level 5:colcon.colcon_core.verb:set package 'motor_driver' build argument 'catkin_skip_building_tests' from command line to 'False'
[3.561s] DEBUG:colcon.colcon_core.verb:Building package 'motor_driver' with the following arguments: {'ament_cmake_args': None, 'build_base': '/home/pi/pi_bot_ws/build/motor_driver', 'catkin_cmake_args': None, 'catkin_skip_building_tests': False, 'cmake_args': None, 'cmake_clean_cache': False, 'cmake_clean_first': False, 'cmake_force_configure': False, 'cmake_target': None, 'cmake_target_skip_unavailable': False, 'install_base': '/home/pi/pi_bot_ws/install/motor_driver', 'merge_install': False, 'path': '/home/pi/pi_bot_ws/src/motor_driver', 'symlink_install': False, 'test_result_base': None}
[3.565s] Level 5:colcon.colcon_core.verb:set package 'hat_test' build argument 'cmake_args' from command line to 'None'
[3.565s] Level 5:colcon.colcon_core.verb:set package 'hat_test' build argument 'cmake_target' from command line to 'None'
[3.566s] Level 5:colcon.colcon_core.verb:set package 'hat_test' build argument 'cmake_target_skip_unavailable' from command line to 'False'
[3.566s] Level 5:colcon.colcon_core.verb:set package 'hat_test' build argument 'cmake_clean_cache' from command line to 'False'
[3.566s] Level 5:colcon.colcon_core.verb:set package 'hat_test' build argument 'cmake_clean_first' from command line to 'False'
[3.566s] Level 5:colcon.colcon_core.verb:set package 'hat_test' build argument 'cmake_force_configure' from command line to 'False'
[3.567s] Level 5:colcon.colcon_core.verb:set package 'hat_test' build argument 'ament_cmake_args' from command line to 'None'
[3.567s] Level 5:colcon.colcon_core.verb:set package 'hat_test' build argument 'catkin_cmake_args' from command line to 'None'
[3.567s] Level 5:colcon.colcon_core.verb:set package 'hat_test' build argument 'catkin_skip_building_tests' from command line to 'False'
[3.568s] DEBUG:colcon.colcon_core.verb:Building package 'hat_test' with the following arguments: {'ament_cmake_args': None, 'build_base': '/home/pi/pi_bot_ws/build/hat_test', 'catkin_cmake_args': None, 'catkin_skip_building_tests': False, 'cmake_args': None, 'cmake_clean_cache': False, 'cmake_clean_first': False, 'cmake_force_configure': False, 'cmake_target': None, 'cmake_target_skip_unavailable': False, 'install_base': '/home/pi/pi_bot_ws/install/hat_test', 'merge_install': False, 'path': '/home/pi/pi_bot_ws/src/hat_test', 'symlink_install': False, 'test_result_base': None}
[3.569s] INFO:colcon.colcon_core.executor:Executing jobs using 'parallel' executor
[3.576s] DEBUG:colcon.colcon_parallel_executor.executor.parallel:run_until_complete
[3.577s] INFO:colcon.colcon_ros.task.ament_cmake.build:Building ROS package in '/home/pi/pi_bot_ws/src/motor_driver' with build type 'ament_cmake'
[3.578s] INFO:colcon.colcon_cmake.task.cmake.build:Building CMake package in '/home/pi/pi_bot_ws/src/motor_driver'
[3.599s] INFO:colcon.colcon_core.plugin_system:Skipping extension 'colcon_core.shell.bat': Not used on non-Windows systems
[3.601s] INFO:colcon.colcon_core.shell:Skip shell extension 'powershell' for command environment: Not usable outside of PowerShell
[3.602s] DEBUG:colcon.colcon_core.shell:Skip shell extension 'dsv' for command environment
[3.698s] DEBUG:colcon.colcon_core.event_handler.log_command:Invoking command in '/home/pi/pi_bot_ws/build/motor_driver': CMAKE_PREFIX_PATH=${CMAKE_PREFIX_PATH}:/opt/ros/humble /usr/bin/cmake --build /home/pi/pi_bot_ws/build/motor_driver -- -j4 -l4
[4.199s] DEBUG:colcon.colcon_core.event_handler.log_command:Invoked command in '/home/pi/pi_bot_ws/build/motor_driver' returned '0': CMAKE_PREFIX_PATH=${CMAKE_PREFIX_PATH}:/opt/ros/humble /usr/bin/cmake --build /home/pi/pi_bot_ws/build/motor_driver -- -j4 -l4
[4.278s] DEBUG:colcon.colcon_core.event_handler.log_command:Invoking command in '/home/pi/pi_bot_ws/build/motor_driver': CMAKE_PREFIX_PATH=${CMAKE_PREFIX_PATH}:/opt/ros/humble /usr/bin/cmake --install /home/pi/pi_bot_ws/build/motor_driver
[4.367s] Level 1:colcon.colcon_core.environment:create_environment_scripts_only(motor_driver)
[4.370s] DEBUG:colcon.colcon_core.event_handler.log_command:Invoked command in '/home/pi/pi_bot_ws/build/motor_driver' returned '0': CMAKE_PREFIX_PATH=${CMAKE_PREFIX_PATH}:/opt/ros/humble /usr/bin/cmake --install /home/pi/pi_bot_ws/build/motor_driver
[4.393s] Level 1:colcon.colcon_core.environment:checking '/home/pi/pi_bot_ws/install/motor_driver' for CMake module files
[4.400s] Level 1:colcon.colcon_core.environment:checking '/home/pi/pi_bot_ws/install/motor_driver' for CMake config files
[4.403s] Level 1:colcon.colcon_core.shell:create_environment_hook('motor_driver', 'cmake_prefix_path')
[4.405s] INFO:colcon.colcon_core.shell:Creating environment hook '/home/pi/pi_bot_ws/install/motor_driver/share/motor_driver/hook/cmake_prefix_path.ps1'
[4.411s] INFO:colcon.colcon_core.shell:Creating environment descriptor '/home/pi/pi_bot_ws/install/motor_driver/share/motor_driver/hook/cmake_prefix_path.dsv'
[4.416s] INFO:colcon.colcon_core.shell:Creating environment hook '/home/pi/pi_bot_ws/install/motor_driver/share/motor_driver/hook/cmake_prefix_path.sh'
[4.425s] Level 1:colcon.colcon_core.environment:checking '/home/pi/pi_bot_ws/install/motor_driver/lib'
[4.427s] Level 1:colcon.colcon_core.environment:checking '/home/pi/pi_bot_ws/install/motor_driver/bin'
[4.427s] Level 1:colcon.colcon_core.environment:checking '/home/pi/pi_bot_ws/install/motor_driver/lib/pkgconfig/motor_driver.pc'
[4.429s] Level 1:colcon.colcon_core.environment:checking '/home/pi/pi_bot_ws/install/motor_driver/lib/python3.10/site-packages'
[4.432s] Level 1:colcon.colcon_core.environment:checking '/home/pi/pi_bot_ws/install/motor_driver/bin'
[4.435s] INFO:colcon.colcon_core.shell:Creating package script '/home/pi/pi_bot_ws/install/motor_driver/share/motor_driver/package.ps1'
[4.442s] INFO:colcon.colcon_core.shell:Creating package descriptor '/home/pi/pi_bot_ws/install/motor_driver/share/motor_driver/package.dsv'
[4.448s] INFO:colcon.colcon_core.shell:Creating package script '/home/pi/pi_bot_ws/install/motor_driver/share/motor_driver/package.sh'
[4.455s] INFO:colcon.colcon_core.shell:Creating package script '/home/pi/pi_bot_ws/install/motor_driver/share/motor_driver/package.bash'
[4.463s] INFO:colcon.colcon_core.shell:Creating package script '/home/pi/pi_bot_ws/install/motor_driver/share/motor_driver/package.zsh'
[4.471s] Level 1:colcon.colcon_core.environment:create_file_with_runtime_dependencies(/home/pi/pi_bot_ws/install/motor_driver/share/colcon-core/packages/motor_driver)
[4.477s] Level 1:colcon.colcon_core.environment:create_environment_scripts_only(motor_driver)
[4.479s] Level 1:colcon.colcon_core.environment:checking '/home/pi/pi_bot_ws/install/motor_driver' for CMake module files
[4.485s] Level 1:colcon.colcon_core.environment:checking '/home/pi/pi_bot_ws/install/motor_driver' for CMake config files
[4.488s] Level 1:colcon.colcon_core.shell:create_environment_hook('motor_driver', 'cmake_prefix_path')
[4.490s] INFO:colcon.colcon_core.shell:Creating environment hook '/home/pi/pi_bot_ws/install/motor_driver/share/motor_driver/hook/cmake_prefix_path.ps1'
[4.494s] INFO:colcon.colcon_core.shell:Creating environment descriptor '/home/pi/pi_bot_ws/install/motor_driver/share/motor_driver/hook/cmake_prefix_path.dsv'
[4.498s] INFO:colcon.colcon_core.shell:Creating environment hook '/home/pi/pi_bot_ws/install/motor_driver/share/motor_driver/hook/cmake_prefix_path.sh'
[4.503s] Level 1:colcon.colcon_core.environment:checking '/home/pi/pi_bot_ws/install/motor_driver/lib'
[4.505s] Level 1:colcon.colcon_core.environment:checking '/home/pi/pi_bot_ws/install/motor_driver/bin'
[4.505s] Level 1:colcon.colcon_core.environment:checking '/home/pi/pi_bot_ws/install/motor_driver/lib/pkgconfig/motor_driver.pc'
[4.508s] Level 1:colcon.colcon_core.environment:checking '/home/pi/pi_bot_ws/install/motor_driver/lib/python3.10/site-packages'
[4.510s] Level 1:colcon.colcon_core.environment:checking '/home/pi/pi_bot_ws/install/motor_driver/bin'
[4.513s] INFO:colcon.colcon_core.shell:Creating package script '/home/pi/pi_bot_ws/install/motor_driver/share/motor_driver/package.ps1'
[4.519s] INFO:colcon.colcon_core.shell:Creating package descriptor '/home/pi/pi_bot_ws/install/motor_driver/share/motor_driver/package.dsv'
[4.524s] INFO:colcon.colcon_core.shell:Creating package script '/home/pi/pi_bot_ws/install/motor_driver/share/motor_driver/package.sh'
[4.529s] INFO:colcon.colcon_core.shell:Creating package script '/home/pi/pi_bot_ws/install/motor_driver/share/motor_driver/package.bash'
[4.534s] INFO:colcon.colcon_core.shell:Creating package script '/home/pi/pi_bot_ws/install/motor_driver/share/motor_driver/package.zsh'
[4.538s] Level 1:colcon.colcon_core.environment:create_file_with_runtime_dependencies(/home/pi/pi_bot_ws/install/motor_driver/share/colcon-core/packages/motor_driver)
[4.541s] INFO:colcon.colcon_ros.task.ament_cmake.build:Building ROS package in '/home/pi/pi_bot_ws/src/hat_test' with build type 'ament_cmake'
[4.542s] INFO:colcon.colcon_cmake.task.cmake.build:Building CMake package in '/home/pi/pi_bot_ws/src/hat_test'
[4.545s] INFO:colcon.colcon_core.shell:Skip shell extension 'powershell' for command environment: Not usable outside of PowerShell
[4.546s] DEBUG:colcon.colcon_core.shell:Skip shell extension 'dsv' for command environment
[4.634s] DEBUG:colcon.colcon_core.event_handler.log_command:Invoking command in '/home/pi/pi_bot_ws/build/hat_test': CMAKE_PREFIX_PATH=/home/pi/pi_bot_ws/install/motor_driver:/home/pi/pi_bot_ws/install/hat_test:/opt/ros/humble /usr/bin/cmake --build /home/pi/pi_bot_ws/build/hat_test -- -j4 -l4
[33.872s] DEBUG:colcon.colcon_core.event_handler.log_command:Invoked command in '/home/pi/pi_bot_ws/build/hat_test' returned '0': CMAKE_PREFIX_PATH=/home/pi/pi_bot_ws/install/motor_driver:/home/pi/pi_bot_ws/install/hat_test:/opt/ros/humble /usr/bin/cmake --build /home/pi/pi_bot_ws/build/hat_test -- -j4 -l4
[33.892s] DEBUG:colcon.colcon_core.event_handler.log_command:Invoking command in '/home/pi/pi_bot_ws/build/hat_test': CMAKE_PREFIX_PATH=/home/pi/pi_bot_ws/install/motor_driver:/home/pi/pi_bot_ws/install/hat_test:/opt/ros/humble /usr/bin/cmake --install /home/pi/pi_bot_ws/build/hat_test
[33.980s] Level 1:colcon.colcon_core.environment:create_environment_scripts_only(hat_test)
[33.982s] Level 1:colcon.colcon_core.environment:checking '/home/pi/pi_bot_ws/install/hat_test' for CMake module files
[33.986s] DEBUG:colcon.colcon_core.event_handler.log_command:Invoked command in '/home/pi/pi_bot_ws/build/hat_test' returned '0': CMAKE_PREFIX_PATH=/home/pi/pi_bot_ws/install/motor_driver:/home/pi/pi_bot_ws/install/hat_test:/opt/ros/humble /usr/bin/cmake --install /home/pi/pi_bot_ws/build/hat_test
[33.991s] Level 1:colcon.colcon_core.environment:checking '/home/pi/pi_bot_ws/install/hat_test' for CMake config files
[33.995s] Level 1:colcon.colcon_core.shell:create_environment_hook('hat_test', 'cmake_prefix_path')
[33.997s] INFO:colcon.colcon_core.shell:Creating environment hook '/home/pi/pi_bot_ws/install/hat_test/share/hat_test/hook/cmake_prefix_path.ps1'
[34.003s] INFO:colcon.colcon_core.shell:Creating environment descriptor '/home/pi/pi_bot_ws/install/hat_test/share/hat_test/hook/cmake_prefix_path.dsv'
[34.007s] INFO:colcon.colcon_core.shell:Creating environment hook '/home/pi/pi_bot_ws/install/hat_test/share/hat_test/hook/cmake_prefix_path.sh'
[34.013s] Level 1:colcon.colcon_core.environment:checking '/home/pi/pi_bot_ws/install/hat_test/lib'
[34.014s] Level 1:colcon.colcon_core.environment:checking '/home/pi/pi_bot_ws/install/hat_test/bin'
[34.015s] Level 1:colcon.colcon_core.environment:checking '/home/pi/pi_bot_ws/install/hat_test/lib/pkgconfig/hat_test.pc'
[34.017s] Level 1:colcon.colcon_core.environment:checking '/home/pi/pi_bot_ws/install/hat_test/lib/python3.10/site-packages'
[34.019s] Level 1:colcon.colcon_core.environment:checking '/home/pi/pi_bot_ws/install/hat_test/bin'
[34.021s] INFO:colcon.colcon_core.shell:Creating package script '/home/pi/pi_bot_ws/install/hat_test/share/hat_test/package.ps1'
[34.026s] INFO:colcon.colcon_core.shell:Creating package descriptor '/home/pi/pi_bot_ws/install/hat_test/share/hat_test/package.dsv'
[34.030s] INFO:colcon.colcon_core.shell:Creating package script '/home/pi/pi_bot_ws/install/hat_test/share/hat_test/package.sh'
[34.035s] INFO:colcon.colcon_core.shell:Creating package script '/home/pi/pi_bot_ws/install/hat_test/share/hat_test/package.bash'
[34.039s] INFO:colcon.colcon_core.shell:Creating package script '/home/pi/pi_bot_ws/install/hat_test/share/hat_test/package.zsh'
[34.043s] Level 1:colcon.colcon_core.environment:create_file_with_runtime_dependencies(/home/pi/pi_bot_ws/install/hat_test/share/colcon-core/packages/hat_test)
[34.048s] Level 1:colcon.colcon_core.environment:create_environment_scripts_only(hat_test)
[34.050s] Level 1:colcon.colcon_core.environment:checking '/home/pi/pi_bot_ws/install/hat_test' for CMake module files
[34.056s] Level 1:colcon.colcon_core.environment:checking '/home/pi/pi_bot_ws/install/hat_test' for CMake config files
[34.059s] Level 1:colcon.colcon_core.shell:create_environment_hook('hat_test', 'cmake_prefix_path')
[34.061s] INFO:colcon.colcon_core.shell:Creating environment hook '/home/pi/pi_bot_ws/install/hat_test/share/hat_test/hook/cmake_prefix_path.ps1'
[34.065s] INFO:colcon.colcon_core.shell:Creating environment descriptor '/home/pi/pi_bot_ws/install/hat_test/share/hat_test/hook/cmake_prefix_path.dsv'
[34.069s] INFO:colcon.colcon_core.shell:Creating environment hook '/home/pi/pi_bot_ws/install/hat_test/share/hat_test/hook/cmake_prefix_path.sh'
[34.075s] Level 1:colcon.colcon_core.environment:checking '/home/pi/pi_bot_ws/install/hat_test/lib'
[34.076s] Level 1:colcon.colcon_core.environment:checking '/home/pi/pi_bot_ws/install/hat_test/bin'
[34.077s] Level 1:colcon.colcon_core.environment:checking '/home/pi/pi_bot_ws/install/hat_test/lib/pkgconfig/hat_test.pc'
[34.079s] Level 1:colcon.colcon_core.environment:checking '/home/pi/pi_bot_ws/install/hat_test/lib/python3.10/site-packages'
[34.081s] Level 1:colcon.colcon_core.environment:checking '/home/pi/pi_bot_ws/install/hat_test/bin'
[34.084s] INFO:colcon.colcon_core.shell:Creating package script '/home/pi/pi_bot_ws/install/hat_test/share/hat_test/package.ps1'
[34.089s] INFO:colcon.colcon_core.shell:Creating package descriptor '/home/pi/pi_bot_ws/install/hat_test/share/hat_test/package.dsv'
[34.094s] INFO:colcon.colcon_core.shell:Creating package script '/home/pi/pi_bot_ws/install/hat_test/share/hat_test/package.sh'
[34.098s] INFO:colcon.colcon_core.shell:Creating package script '/home/pi/pi_bot_ws/install/hat_test/share/hat_test/package.bash'
[34.104s] INFO:colcon.colcon_core.shell:Creating package script '/home/pi/pi_bot_ws/install/hat_test/share/hat_test/package.zsh'
[34.109s] Level 1:colcon.colcon_core.environment:create_file_with_runtime_dependencies(/home/pi/pi_bot_ws/install/hat_test/share/colcon-core/packages/hat_test)
[34.111s] DEBUG:colcon.colcon_parallel_executor.executor.parallel:closing loop
[34.114s] DEBUG:colcon.colcon_parallel_executor.executor.parallel:loop closed
[34.116s] DEBUG:colcon.colcon_parallel_executor.executor.parallel:run_until_complete finished with '0'
[34.116s] DEBUG:colcon.colcon_core.event_reactor:joining thread
[34.161s] INFO:colcon.colcon_core.plugin_system:Skipping extension 'colcon_notification.desktop_notification.notify_send': Could not find 'notify-send'
[34.162s] INFO:colcon.colcon_core.plugin_system:Skipping extension 'colcon_notification.desktop_notification.terminal_notifier': Not used on non-Darwin systems
[34.162s] INFO:colcon.colcon_core.plugin_system:Skipping extension 'colcon_notification.desktop_notification.win32': Not used on non-Windows systems
[34.163s] INFO:colcon.colcon_notification.desktop_notification:Sending desktop notification using 'notify2'
[34.168s] DEBUG:colcon.colcon_notification.desktop_notification.notify2:Failed to initialize notify2: org.freedesktop.DBus.Error.ServiceUnknown: The name org.freedesktop.Notifications was not provided by any .service files
[34.169s] DEBUG:colcon.colcon_core.event_reactor:joined thread
[34.171s] INFO:colcon.colcon_core.shell:Creating prefix script '/home/pi/pi_bot_ws/install/local_setup.ps1'
[34.182s] INFO:colcon.colcon_core.shell:Creating prefix util module '/home/pi/pi_bot_ws/install/_local_setup_util_ps1.py'
[34.197s] INFO:colcon.colcon_core.shell:Creating prefix chain script '/home/pi/pi_bot_ws/install/setup.ps1'
[34.207s] INFO:colcon.colcon_core.shell:Creating prefix script '/home/pi/pi_bot_ws/install/local_setup.sh'
[34.213s] INFO:colcon.colcon_core.shell:Creating prefix util module '/home/pi/pi_bot_ws/install/_local_setup_util_sh.py'
[34.219s] INFO:colcon.colcon_core.shell:Creating prefix chain script '/home/pi/pi_bot_ws/install/setup.sh'
[34.230s] INFO:colcon.colcon_core.shell:Creating prefix script '/home/pi/pi_bot_ws/install/local_setup.bash'
[34.236s] INFO:colcon.colcon_core.shell:Creating prefix chain script '/home/pi/pi_bot_ws/install/setup.bash'
[34.246s] INFO:colcon.colcon_core.shell:Creating prefix script '/home/pi/pi_bot_ws/install/local_setup.zsh'
[34.252s] INFO:colcon.colcon_core.shell:Creating prefix chain script '/home/pi/pi_bot_ws/install/setup.zsh'
