[0.155s] DEBUG:colcon:Command line arguments: ['/home/nick/.pyenv/versions/3.11.9/bin/colcon', 'build', '--cmake-args', '-DCMAKE_EXPORT_COMPILE_COMMANDS=ON']
[0.155s] DEBUG:colcon:Parsed command line arguments: Namespace(log_base=None, log_level=None, verb_name='build', build_base='build', install_base='install', merge_install=False, symlink_install=False, test_result_base=None, continue_on_error=False, executor='parallel', parallel_workers=12, event_handlers=None, ignore_user_meta=False, metas=['./colcon.meta'], base_paths=['.'], packages_ignore=None, packages_ignore_regex=None, paths=None, packages_up_to=None, packages_up_to_regex=None, packages_above=None, packages_above_and_dependencies=None, packages_above_depth=None, packages_select_by_dep=None, packages_skip_by_dep=None, packages_skip_up_to=None, packages_select_build_failed=False, packages_skip_build_finished=False, packages_select_test_failures=False, packages_skip_test_passed=False, packages_select=None, packages_skip=None, packages_select_regex=None, packages_skip_regex=None, packages_start=None, packages_end=None, cmake_args=['-DCMAKE_EXPORT_COMPILE_COMMANDS=ON'], cmake_target=None, cmake_target_skip_unavailable=False, cmake_clean_cache=False, cmake_clean_first=False, cmake_force_configure=False, ament_cmake_args=None, catkin_cmake_args=None, catkin_skip_building_tests=False, verb_parser=<colcon_defaults.argument_parser.defaults.DefaultArgumentsDecorator object at 0x7f24e52afd50>, verb_extension=<colcon_core.verb.build.BuildVerb object at 0x7f24e469f750>, main=<bound method BuildVerb.main of <colcon_core.verb.build.BuildVerb object at 0x7f24e469f750>>)
[0.334s] Level 1:colcon.colcon_core.package_discovery:discover_packages(colcon_meta) check parameters
[0.334s] Level 1:colcon.colcon_core.package_discovery:discover_packages(recursive) check parameters
[0.334s] Level 1:colcon.colcon_core.package_discovery:discover_packages(ignore) check parameters
[0.334s] Level 1:colcon.colcon_core.package_discovery:discover_packages(path) check parameters
[0.334s] Level 1:colcon.colcon_core.package_discovery:discover_packages(colcon_meta) discover
[0.334s] Level 1:colcon.colcon_core.package_discovery:discover_packages(recursive) discover
[0.334s] INFO:colcon.colcon_core.package_discovery:Crawling recursively for packages in '/home/nick/dev/pi_bot_ws'
[0.334s] Level 1:colcon.colcon_core.package_identification:_identify(.) by extensions ['ignore', 'ignore_ament_install']
[0.335s] Level 1:colcon.colcon_core.package_identification:_identify(.) by extension 'ignore'
[0.335s] Level 1:colcon.colcon_core.package_identification:_identify(.) by extension 'ignore_ament_install'
[0.335s] Level 1:colcon.colcon_core.package_identification:_identify(.) by extensions ['colcon_pkg']
[0.335s] Level 1:colcon.colcon_core.package_identification:_identify(.) by extension 'colcon_pkg'
[0.335s] Level 1:colcon.colcon_core.package_identification:_identify(.) by extensions ['colcon_meta']
[0.335s] Level 1:colcon.colcon_core.package_identification:_identify(.) by extension 'colcon_meta'
[0.335s] Level 1:colcon.colcon_core.package_identification:_identify(.) by extensions ['ros']
[0.335s] Level 1:colcon.colcon_core.package_identification:_identify(.) by extension 'ros'
[0.376s] Level 1:colcon.colcon_core.package_identification:_identify(.) by extensions ['cmake', 'python']
[0.376s] Level 1:colcon.colcon_core.package_identification:_identify(.) by extension 'cmake'
[0.376s] Level 1:colcon.colcon_core.package_identification:_identify(.) by extension 'python'
[0.376s] Level 1:colcon.colcon_core.package_identification:_identify(.) by extensions ['python_setup_py']
[0.376s] Level 1:colcon.colcon_core.package_identification:_identify(.) by extension 'python_setup_py'
[0.376s] Level 1:colcon.colcon_core.package_identification:_identify(build) by extensions ['ignore', 'ignore_ament_install']
[0.376s] Level 1:colcon.colcon_core.package_identification:_identify(build) by extension 'ignore'
[0.376s] Level 1:colcon.colcon_core.package_identification:_identify(build) ignored
[0.376s] Level 1:colcon.colcon_core.package_identification:_identify(install) by extensions ['ignore', 'ignore_ament_install']
[0.376s] Level 1:colcon.colcon_core.package_identification:_identify(install) by extension 'ignore'
[0.376s] Level 1:colcon.colcon_core.package_identification:_identify(install) ignored
[0.377s] Level 1:colcon.colcon_core.package_identification:_identify(log) by extensions ['ignore', 'ignore_ament_install']
[0.377s] Level 1:colcon.colcon_core.package_identification:_identify(log) by extension 'ignore'
[0.377s] Level 1:colcon.colcon_core.package_identification:_identify(log) ignored
[0.377s] Level 1:colcon.colcon_core.package_identification:_identify(src) by extensions ['ignore', 'ignore_ament_install']
[0.377s] Level 1:colcon.colcon_core.package_identification:_identify(src) by extension 'ignore'
[0.377s] Level 1:colcon.colcon_core.package_identification:_identify(src) by extension 'ignore_ament_install'
[0.377s] Level 1:colcon.colcon_core.package_identification:_identify(src) by extensions ['colcon_pkg']
[0.377s] Level 1:colcon.colcon_core.package_identification:_identify(src) by extension 'colcon_pkg'
[0.377s] Level 1:colcon.colcon_core.package_identification:_identify(src) by extensions ['colcon_meta']
[0.377s] Level 1:colcon.colcon_core.package_identification:_identify(src) by extension 'colcon_meta'
[0.377s] Level 1:colcon.colcon_core.package_identification:_identify(src) by extensions ['ros']
[0.377s] Level 1:colcon.colcon_core.package_identification:_identify(src) by extension 'ros'
[0.377s] Level 1:colcon.colcon_core.package_identification:_identify(src) by extensions ['cmake', 'python']
[0.377s] Level 1:colcon.colcon_core.package_identification:_identify(src) by extension 'cmake'
[0.377s] Level 1:colcon.colcon_core.package_identification:_identify(src) by extension 'python'
[0.377s] Level 1:colcon.colcon_core.package_identification:_identify(src) by extensions ['python_setup_py']
[0.377s] Level 1:colcon.colcon_core.package_identification:_identify(src) by extension 'python_setup_py'
[0.378s] Level 1:colcon.colcon_core.package_identification:_identify(src/hat_test) by extensions ['ignore', 'ignore_ament_install']
[0.378s] Level 1:colcon.colcon_core.package_identification:_identify(src/hat_test) by extension 'ignore'
[0.378s] Level 1:colcon.colcon_core.package_identification:_identify(src/hat_test) by extension 'ignore_ament_install'
[0.378s] Level 1:colcon.colcon_core.package_identification:_identify(src/hat_test) by extensions ['colcon_pkg']
[0.378s] Level 1:colcon.colcon_core.package_identification:_identify(src/hat_test) by extension 'colcon_pkg'
[0.378s] Level 1:colcon.colcon_core.package_identification:_identify(src/hat_test) by extensions ['colcon_meta']
[0.378s] Level 1:colcon.colcon_core.package_identification:_identify(src/hat_test) by extension 'colcon_meta'
[0.378s] Level 1:colcon.colcon_core.package_identification:_identify(src/hat_test) by extensions ['ros']
[0.378s] Level 1:colcon.colcon_core.package_identification:_identify(src/hat_test) by extension 'ros'
[0.381s] DEBUG:colcon.colcon_core.package_identification:Package 'src/hat_test' with type 'ros.ament_cmake' and name 'hat_test'
[0.381s] Level 1:colcon.colcon_core.package_identification:_identify(src/motor_driver) by extensions ['ignore', 'ignore_ament_install']
[0.381s] Level 1:colcon.colcon_core.package_identification:_identify(src/motor_driver) by extension 'ignore'
[0.381s] Level 1:colcon.colcon_core.package_identification:_identify(src/motor_driver) by extension 'ignore_ament_install'
[0.381s] Level 1:colcon.colcon_core.package_identification:_identify(src/motor_driver) by extensions ['colcon_pkg']
[0.381s] Level 1:colcon.colcon_core.package_identification:_identify(src/motor_driver) by extension 'colcon_pkg'
[0.381s] Level 1:colcon.colcon_core.package_identification:_identify(src/motor_driver) by extensions ['colcon_meta']
[0.381s] Level 1:colcon.colcon_core.package_identification:_identify(src/motor_driver) by extension 'colcon_meta'
[0.381s] Level 1:colcon.colcon_core.package_identification:_identify(src/motor_driver) by extensions ['ros']
[0.381s] Level 1:colcon.colcon_core.package_identification:_identify(src/motor_driver) by extension 'ros'
[0.382s] DEBUG:colcon.colcon_core.package_identification:Package 'src/motor_driver' with type 'ros.ament_cmake' and name 'motor_driver'
[0.382s] Level 1:colcon.colcon_core.package_discovery:discover_packages(recursive) using defaults
[0.382s] Level 1:colcon.colcon_core.package_discovery:discover_packages(ignore) discover
[0.382s] Level 1:colcon.colcon_core.package_discovery:discover_packages(ignore) using defaults
[0.382s] Level 1:colcon.colcon_core.package_discovery:discover_packages(path) discover
[0.382s] Level 1:colcon.colcon_core.package_discovery:discover_packages(path) using defaults
[0.403s] Level 5:colcon.colcon_core.verb:set package 'motor_driver' build argument 'cmake_args' from command line to '['-DCMAKE_EXPORT_COMPILE_COMMANDS=ON']'
[0.403s] Level 5:colcon.colcon_core.verb:set package 'motor_driver' build argument 'cmake_target' from command line to 'None'
[0.403s] Level 5:colcon.colcon_core.verb:set package 'motor_driver' build argument 'cmake_target_skip_unavailable' from command line to 'False'
[0.403s] Level 5:colcon.colcon_core.verb:set package 'motor_driver' build argument 'cmake_clean_cache' from command line to 'False'
[0.403s] Level 5:colcon.colcon_core.verb:set package 'motor_driver' build argument 'cmake_clean_first' from command line to 'False'
[0.403s] Level 5:colcon.colcon_core.verb:set package 'motor_driver' build argument 'cmake_force_configure' from command line to 'False'
[0.403s] Level 5:colcon.colcon_core.verb:set package 'motor_driver' build argument 'ament_cmake_args' from command line to 'None'
[0.403s] Level 5:colcon.colcon_core.verb:set package 'motor_driver' build argument 'catkin_cmake_args' from command line to 'None'
[0.403s] Level 5:colcon.colcon_core.verb:set package 'motor_driver' build argument 'catkin_skip_building_tests' from command line to 'False'
[0.403s] DEBUG:colcon.colcon_core.verb:Building package 'motor_driver' with the following arguments: {'ament_cmake_args': None, 'build_base': '/home/nick/dev/pi_bot_ws/build/motor_driver', 'catkin_cmake_args': None, 'catkin_skip_building_tests': False, 'cmake_args': ['-DCMAKE_EXPORT_COMPILE_COMMANDS=ON'], 'cmake_clean_cache': False, 'cmake_clean_first': False, 'cmake_force_configure': False, 'cmake_target': None, 'cmake_target_skip_unavailable': False, 'install_base': '/home/nick/dev/pi_bot_ws/install/motor_driver', 'merge_install': False, 'path': '/home/nick/dev/pi_bot_ws/src/motor_driver', 'symlink_install': False, 'test_result_base': None}
[0.403s] Level 5:colcon.colcon_core.verb:set package 'hat_test' build argument 'cmake_args' from command line to '['-DCMAKE_EXPORT_COMPILE_COMMANDS=ON']'
[0.403s] Level 5:colcon.colcon_core.verb:set package 'hat_test' build argument 'cmake_target' from command line to 'None'
[0.403s] Level 5:colcon.colcon_core.verb:set package 'hat_test' build argument 'cmake_target_skip_unavailable' from command line to 'False'
[0.403s] Level 5:colcon.colcon_core.verb:set package 'hat_test' build argument 'cmake_clean_cache' from command line to 'False'
[0.403s] Level 5:colcon.colcon_core.verb:set package 'hat_test' build argument 'cmake_clean_first' from command line to 'False'
[0.403s] Level 5:colcon.colcon_core.verb:set package 'hat_test' build argument 'cmake_force_configure' from command line to 'False'
[0.403s] Level 5:colcon.colcon_core.verb:set package 'hat_test' build argument 'ament_cmake_args' from command line to 'None'
[0.403s] Level 5:colcon.colcon_core.verb:set package 'hat_test' build argument 'catkin_cmake_args' from command line to 'None'
[0.404s] Level 5:colcon.colcon_core.verb:set package 'hat_test' build argument 'catkin_skip_building_tests' from command line to 'False'
[0.404s] DEBUG:colcon.colcon_core.verb:Building package 'hat_test' with the following arguments: {'ament_cmake_args': None, 'build_base': '/home/nick/dev/pi_bot_ws/build/hat_test', 'catkin_cmake_args': None, 'catkin_skip_building_tests': False, 'cmake_args': ['-DCMAKE_EXPORT_COMPILE_COMMANDS=ON'], 'cmake_clean_cache': False, 'cmake_clean_first': False, 'cmake_force_configure': False, 'cmake_target': None, 'cmake_target_skip_unavailable': False, 'install_base': '/home/nick/dev/pi_bot_ws/install/hat_test', 'merge_install': False, 'path': '/home/nick/dev/pi_bot_ws/src/hat_test', 'symlink_install': False, 'test_result_base': None}
[0.404s] INFO:colcon.colcon_core.executor:Executing jobs using 'parallel' executor
[0.405s] DEBUG:colcon.colcon_parallel_executor.executor.parallel:run_until_complete
[0.406s] INFO:colcon.colcon_ros.task.ament_cmake.build:Building ROS package in '/home/nick/dev/pi_bot_ws/src/motor_driver' with build type 'ament_cmake'
[0.406s] INFO:colcon.colcon_cmake.task.cmake.build:Building CMake package in '/home/nick/dev/pi_bot_ws/src/motor_driver'
[0.408s] INFO:colcon.colcon_core.plugin_system:Skipping extension 'colcon_core.shell.bat': Not used on non-Windows systems
[0.408s] INFO:colcon.colcon_core.shell:Skip shell extension 'powershell' for command environment: Not usable outside of PowerShell
[0.408s] DEBUG:colcon.colcon_core.shell:Skip shell extension 'dsv' for command environment
[0.428s] DEBUG:colcon.colcon_core.event_handler.log_command:Invoking command in '/home/nick/dev/pi_bot_ws/build/motor_driver': DEBUGINFOD_URLS=https://debuginfod.archlinux.org _=/usr/bin/env /usr/bin/cmake --build /home/nick/dev/pi_bot_ws/build/motor_driver -- -j12 -l12
[0.516s] DEBUG:colcon.colcon_core.event_handler.log_command:Invoked command in '/home/nick/dev/pi_bot_ws/build/motor_driver' returned '0': DEBUGINFOD_URLS=https://debuginfod.archlinux.org _=/usr/bin/env /usr/bin/cmake --build /home/nick/dev/pi_bot_ws/build/motor_driver -- -j12 -l12
[0.527s] DEBUG:colcon.colcon_core.event_handler.log_command:Invoking command in '/home/nick/dev/pi_bot_ws/build/motor_driver': DEBUGINFOD_URLS=https://debuginfod.archlinux.org _=/usr/bin/env /usr/bin/cmake --install /home/nick/dev/pi_bot_ws/build/motor_driver
[0.538s] Level 1:colcon.colcon_core.environment:create_environment_scripts_only(motor_driver)
[0.538s] DEBUG:colcon.colcon_core.event_handler.log_command:Invoked command in '/home/nick/dev/pi_bot_ws/build/motor_driver' returned '0': DEBUGINFOD_URLS=https://debuginfod.archlinux.org _=/usr/bin/env /usr/bin/cmake --install /home/nick/dev/pi_bot_ws/build/motor_driver
[0.541s] Level 1:colcon.colcon_core.environment:checking '/home/nick/dev/pi_bot_ws/install/motor_driver' for CMake module files
[0.542s] Level 1:colcon.colcon_core.environment:checking '/home/nick/dev/pi_bot_ws/install/motor_driver' for CMake config files
[0.542s] Level 1:colcon.colcon_core.shell:create_environment_hook('motor_driver', 'cmake_prefix_path')
[0.542s] INFO:colcon.colcon_core.shell:Creating environment hook '/home/nick/dev/pi_bot_ws/install/motor_driver/share/motor_driver/hook/cmake_prefix_path.ps1'
[0.543s] INFO:colcon.colcon_core.shell:Creating environment descriptor '/home/nick/dev/pi_bot_ws/install/motor_driver/share/motor_driver/hook/cmake_prefix_path.dsv'
[0.543s] INFO:colcon.colcon_core.shell:Creating environment hook '/home/nick/dev/pi_bot_ws/install/motor_driver/share/motor_driver/hook/cmake_prefix_path.sh'
[0.544s] Level 1:colcon.colcon_core.environment:checking '/home/nick/dev/pi_bot_ws/install/motor_driver/lib'
[0.544s] Level 1:colcon.colcon_core.environment:checking '/home/nick/dev/pi_bot_ws/install/motor_driver/bin'
[0.544s] Level 1:colcon.colcon_core.environment:checking '/home/nick/dev/pi_bot_ws/install/motor_driver/lib/pkgconfig/motor_driver.pc'
[0.546s] Level 1:colcon.colcon_core.environment:checking '/home/nick/dev/pi_bot_ws/install/motor_driver/lib/python3.11/site-packages'
[0.546s] Level 1:colcon.colcon_core.environment:checking '/home/nick/dev/pi_bot_ws/install/motor_driver/bin'
[0.546s] INFO:colcon.colcon_core.shell:Creating package script '/home/nick/dev/pi_bot_ws/install/motor_driver/share/motor_driver/package.ps1'
[0.547s] INFO:colcon.colcon_core.shell:Creating package descriptor '/home/nick/dev/pi_bot_ws/install/motor_driver/share/motor_driver/package.dsv'
[0.547s] INFO:colcon.colcon_core.shell:Creating package script '/home/nick/dev/pi_bot_ws/install/motor_driver/share/motor_driver/package.sh'
[0.548s] INFO:colcon.colcon_core.shell:Creating package script '/home/nick/dev/pi_bot_ws/install/motor_driver/share/motor_driver/package.bash'
[0.549s] INFO:colcon.colcon_core.shell:Creating package script '/home/nick/dev/pi_bot_ws/install/motor_driver/share/motor_driver/package.zsh'
[0.549s] Level 1:colcon.colcon_core.environment:create_file_with_runtime_dependencies(/home/nick/dev/pi_bot_ws/install/motor_driver/share/colcon-core/packages/motor_driver)
[0.550s] Level 1:colcon.colcon_core.environment:create_environment_scripts_only(motor_driver)
[0.550s] Level 1:colcon.colcon_core.environment:checking '/home/nick/dev/pi_bot_ws/install/motor_driver' for CMake module files
[0.551s] Level 1:colcon.colcon_core.environment:checking '/home/nick/dev/pi_bot_ws/install/motor_driver' for CMake config files
[0.551s] Level 1:colcon.colcon_core.shell:create_environment_hook('motor_driver', 'cmake_prefix_path')
[0.551s] INFO:colcon.colcon_core.shell:Creating environment hook '/home/nick/dev/pi_bot_ws/install/motor_driver/share/motor_driver/hook/cmake_prefix_path.ps1'
[0.552s] INFO:colcon.colcon_core.shell:Creating environment descriptor '/home/nick/dev/pi_bot_ws/install/motor_driver/share/motor_driver/hook/cmake_prefix_path.dsv'
[0.552s] INFO:colcon.colcon_core.shell:Creating environment hook '/home/nick/dev/pi_bot_ws/install/motor_driver/share/motor_driver/hook/cmake_prefix_path.sh'
[0.552s] Level 1:colcon.colcon_core.environment:checking '/home/nick/dev/pi_bot_ws/install/motor_driver/lib'
[0.553s] Level 1:colcon.colcon_core.environment:checking '/home/nick/dev/pi_bot_ws/install/motor_driver/bin'
[0.553s] Level 1:colcon.colcon_core.environment:checking '/home/nick/dev/pi_bot_ws/install/motor_driver/lib/pkgconfig/motor_driver.pc'
[0.553s] Level 1:colcon.colcon_core.environment:checking '/home/nick/dev/pi_bot_ws/install/motor_driver/lib/python3.11/site-packages'
[0.553s] Level 1:colcon.colcon_core.environment:checking '/home/nick/dev/pi_bot_ws/install/motor_driver/bin'
[0.553s] INFO:colcon.colcon_core.shell:Creating package script '/home/nick/dev/pi_bot_ws/install/motor_driver/share/motor_driver/package.ps1'
[0.554s] INFO:colcon.colcon_core.shell:Creating package descriptor '/home/nick/dev/pi_bot_ws/install/motor_driver/share/motor_driver/package.dsv'
[0.554s] INFO:colcon.colcon_core.shell:Creating package script '/home/nick/dev/pi_bot_ws/install/motor_driver/share/motor_driver/package.sh'
[0.555s] INFO:colcon.colcon_core.shell:Creating package script '/home/nick/dev/pi_bot_ws/install/motor_driver/share/motor_driver/package.bash'
[0.555s] INFO:colcon.colcon_core.shell:Creating package script '/home/nick/dev/pi_bot_ws/install/motor_driver/share/motor_driver/package.zsh'
[0.556s] Level 1:colcon.colcon_core.environment:create_file_with_runtime_dependencies(/home/nick/dev/pi_bot_ws/install/motor_driver/share/colcon-core/packages/motor_driver)
[0.556s] INFO:colcon.colcon_ros.task.ament_cmake.build:Building ROS package in '/home/nick/dev/pi_bot_ws/src/hat_test' with build type 'ament_cmake'
[0.556s] INFO:colcon.colcon_cmake.task.cmake.build:Building CMake package in '/home/nick/dev/pi_bot_ws/src/hat_test'
[0.556s] INFO:colcon.colcon_core.shell:Skip shell extension 'powershell' for command environment: Not usable outside of PowerShell
[0.556s] DEBUG:colcon.colcon_core.shell:Skip shell extension 'dsv' for command environment
[0.574s] DEBUG:colcon.colcon_core.event_handler.log_command:Invoking command in '/home/nick/dev/pi_bot_ws/build/hat_test': AMENT_PREFIX_PATH=/home/nick/dev/pi_bot_ws/install/motor_driver:${AMENT_PREFIX_PATH} CMAKE_PREFIX_PATH=/home/nick/dev/pi_bot_ws/install/motor_driver:${CMAKE_PREFIX_PATH} DEBUGINFOD_URLS=https://debuginfod.archlinux.org _=/usr/bin/env /usr/bin/cmake --build /home/nick/dev/pi_bot_ws/build/hat_test -- -j12 -l12
[0.660s] DEBUG:colcon.colcon_core.event_handler.log_command:Invoked command in '/home/nick/dev/pi_bot_ws/build/hat_test' returned '0': AMENT_PREFIX_PATH=/home/nick/dev/pi_bot_ws/install/motor_driver:${AMENT_PREFIX_PATH} CMAKE_PREFIX_PATH=/home/nick/dev/pi_bot_ws/install/motor_driver:${CMAKE_PREFIX_PATH} DEBUGINFOD_URLS=https://debuginfod.archlinux.org _=/usr/bin/env /usr/bin/cmake --build /home/nick/dev/pi_bot_ws/build/hat_test -- -j12 -l12
[0.661s] DEBUG:colcon.colcon_core.event_handler.log_command:Invoking command in '/home/nick/dev/pi_bot_ws/build/hat_test': AMENT_PREFIX_PATH=/home/nick/dev/pi_bot_ws/install/motor_driver:${AMENT_PREFIX_PATH} CMAKE_PREFIX_PATH=/home/nick/dev/pi_bot_ws/install/motor_driver:${CMAKE_PREFIX_PATH} DEBUGINFOD_URLS=https://debuginfod.archlinux.org _=/usr/bin/env /usr/bin/cmake --install /home/nick/dev/pi_bot_ws/build/hat_test
[0.672s] Level 1:colcon.colcon_core.environment:create_environment_scripts_only(hat_test)
[0.672s] DEBUG:colcon.colcon_core.event_handler.log_command:Invoked command in '/home/nick/dev/pi_bot_ws/build/hat_test' returned '0': AMENT_PREFIX_PATH=/home/nick/dev/pi_bot_ws/install/motor_driver:${AMENT_PREFIX_PATH} CMAKE_PREFIX_PATH=/home/nick/dev/pi_bot_ws/install/motor_driver:${CMAKE_PREFIX_PATH} DEBUGINFOD_URLS=https://debuginfod.archlinux.org _=/usr/bin/env /usr/bin/cmake --install /home/nick/dev/pi_bot_ws/build/hat_test
[0.673s] Level 1:colcon.colcon_core.environment:checking '/home/nick/dev/pi_bot_ws/install/hat_test' for CMake module files
[0.673s] Level 1:colcon.colcon_core.environment:checking '/home/nick/dev/pi_bot_ws/install/hat_test' for CMake config files
[0.673s] Level 1:colcon.colcon_core.shell:create_environment_hook('hat_test', 'cmake_prefix_path')
[0.674s] INFO:colcon.colcon_core.shell:Creating environment hook '/home/nick/dev/pi_bot_ws/install/hat_test/share/hat_test/hook/cmake_prefix_path.ps1'
[0.674s] INFO:colcon.colcon_core.shell:Creating environment descriptor '/home/nick/dev/pi_bot_ws/install/hat_test/share/hat_test/hook/cmake_prefix_path.dsv'
[0.674s] INFO:colcon.colcon_core.shell:Creating environment hook '/home/nick/dev/pi_bot_ws/install/hat_test/share/hat_test/hook/cmake_prefix_path.sh'
[0.675s] Level 1:colcon.colcon_core.environment:checking '/home/nick/dev/pi_bot_ws/install/hat_test/lib'
[0.675s] Level 1:colcon.colcon_core.environment:checking '/home/nick/dev/pi_bot_ws/install/hat_test/bin'
[0.675s] Level 1:colcon.colcon_core.environment:checking '/home/nick/dev/pi_bot_ws/install/hat_test/lib/pkgconfig/hat_test.pc'
[0.676s] Level 1:colcon.colcon_core.environment:checking '/home/nick/dev/pi_bot_ws/install/hat_test/lib/python3.11/site-packages'
[0.676s] Level 1:colcon.colcon_core.environment:checking '/home/nick/dev/pi_bot_ws/install/hat_test/bin'
[0.676s] INFO:colcon.colcon_core.shell:Creating package script '/home/nick/dev/pi_bot_ws/install/hat_test/share/hat_test/package.ps1'
[0.676s] INFO:colcon.colcon_core.shell:Creating package descriptor '/home/nick/dev/pi_bot_ws/install/hat_test/share/hat_test/package.dsv'
[0.677s] INFO:colcon.colcon_core.shell:Creating package script '/home/nick/dev/pi_bot_ws/install/hat_test/share/hat_test/package.sh'
[0.677s] INFO:colcon.colcon_core.shell:Creating package script '/home/nick/dev/pi_bot_ws/install/hat_test/share/hat_test/package.bash'
[0.678s] INFO:colcon.colcon_core.shell:Creating package script '/home/nick/dev/pi_bot_ws/install/hat_test/share/hat_test/package.zsh'
[0.678s] Level 1:colcon.colcon_core.environment:create_file_with_runtime_dependencies(/home/nick/dev/pi_bot_ws/install/hat_test/share/colcon-core/packages/hat_test)
[0.678s] Level 1:colcon.colcon_core.environment:create_environment_scripts_only(hat_test)
[0.679s] Level 1:colcon.colcon_core.environment:checking '/home/nick/dev/pi_bot_ws/install/hat_test' for CMake module files
[0.679s] Level 1:colcon.colcon_core.environment:checking '/home/nick/dev/pi_bot_ws/install/hat_test' for CMake config files
[0.679s] Level 1:colcon.colcon_core.shell:create_environment_hook('hat_test', 'cmake_prefix_path')
[0.679s] INFO:colcon.colcon_core.shell:Creating environment hook '/home/nick/dev/pi_bot_ws/install/hat_test/share/hat_test/hook/cmake_prefix_path.ps1'
[0.680s] INFO:colcon.colcon_core.shell:Creating environment descriptor '/home/nick/dev/pi_bot_ws/install/hat_test/share/hat_test/hook/cmake_prefix_path.dsv'
[0.680s] INFO:colcon.colcon_core.shell:Creating environment hook '/home/nick/dev/pi_bot_ws/install/hat_test/share/hat_test/hook/cmake_prefix_path.sh'
[0.681s] Level 1:colcon.colcon_core.environment:checking '/home/nick/dev/pi_bot_ws/install/hat_test/lib'
[0.681s] Level 1:colcon.colcon_core.environment:checking '/home/nick/dev/pi_bot_ws/install/hat_test/bin'
[0.681s] Level 1:colcon.colcon_core.environment:checking '/home/nick/dev/pi_bot_ws/install/hat_test/lib/pkgconfig/hat_test.pc'
[0.681s] Level 1:colcon.colcon_core.environment:checking '/home/nick/dev/pi_bot_ws/install/hat_test/lib/python3.11/site-packages'
[0.681s] Level 1:colcon.colcon_core.environment:checking '/home/nick/dev/pi_bot_ws/install/hat_test/bin'
[0.681s] INFO:colcon.colcon_core.shell:Creating package script '/home/nick/dev/pi_bot_ws/install/hat_test/share/hat_test/package.ps1'
[0.682s] INFO:colcon.colcon_core.shell:Creating package descriptor '/home/nick/dev/pi_bot_ws/install/hat_test/share/hat_test/package.dsv'
[0.682s] INFO:colcon.colcon_core.shell:Creating package script '/home/nick/dev/pi_bot_ws/install/hat_test/share/hat_test/package.sh'
[0.683s] INFO:colcon.colcon_core.shell:Creating package script '/home/nick/dev/pi_bot_ws/install/hat_test/share/hat_test/package.bash'
[0.683s] INFO:colcon.colcon_core.shell:Creating package script '/home/nick/dev/pi_bot_ws/install/hat_test/share/hat_test/package.zsh'
[0.684s] Level 1:colcon.colcon_core.environment:create_file_with_runtime_dependencies(/home/nick/dev/pi_bot_ws/install/hat_test/share/colcon-core/packages/hat_test)
[0.684s] DEBUG:colcon.colcon_parallel_executor.executor.parallel:closing loop
[0.684s] DEBUG:colcon.colcon_parallel_executor.executor.parallel:loop closed
[0.684s] DEBUG:colcon.colcon_parallel_executor.executor.parallel:run_until_complete finished with '0'
[0.684s] DEBUG:colcon.colcon_core.event_reactor:joining thread
[0.686s] INFO:colcon.colcon_core.plugin_system:Skipping extension 'colcon_notification.desktop_notification.notify2': 'notify2' not found
[0.687s] INFO:colcon.colcon_core.plugin_system:Skipping extension 'colcon_notification.desktop_notification.terminal_notifier': Not used on non-Darwin systems
[0.687s] INFO:colcon.colcon_core.plugin_system:Skipping extension 'colcon_notification.desktop_notification.win32': Not used on non-Windows systems
[0.687s] INFO:colcon.colcon_notification.desktop_notification:Sending desktop notification using 'notify_send'
[0.702s] DEBUG:colcon.colcon_core.event_reactor:joined thread
[0.703s] INFO:colcon.colcon_core.shell:Creating prefix script '/home/nick/dev/pi_bot_ws/install/local_setup.ps1'
[0.704s] INFO:colcon.colcon_core.shell:Creating prefix util module '/home/nick/dev/pi_bot_ws/install/_local_setup_util_ps1.py'
[0.705s] INFO:colcon.colcon_core.shell:Creating prefix chain script '/home/nick/dev/pi_bot_ws/install/setup.ps1'
[0.706s] INFO:colcon.colcon_core.shell:Creating prefix script '/home/nick/dev/pi_bot_ws/install/local_setup.sh'
[0.707s] INFO:colcon.colcon_core.shell:Creating prefix util module '/home/nick/dev/pi_bot_ws/install/_local_setup_util_sh.py'
[0.707s] INFO:colcon.colcon_core.shell:Creating prefix chain script '/home/nick/dev/pi_bot_ws/install/setup.sh'
[0.709s] INFO:colcon.colcon_core.shell:Creating prefix script '/home/nick/dev/pi_bot_ws/install/local_setup.bash'
[0.709s] INFO:colcon.colcon_core.shell:Creating prefix chain script '/home/nick/dev/pi_bot_ws/install/setup.bash'
[0.710s] INFO:colcon.colcon_core.shell:Creating prefix script '/home/nick/dev/pi_bot_ws/install/local_setup.zsh'
[0.710s] INFO:colcon.colcon_core.shell:Creating prefix chain script '/home/nick/dev/pi_bot_ws/install/setup.zsh'
