[1.099s] DEBUG:colcon:Command line arguments: ['/usr/bin/colcon', 'build']
[1.100s] DEBUG:colcon:Parsed command line arguments: Namespace(log_base=None, log_level=None, verb_name='build', build_base='build', install_base='install', merge_install=False, symlink_install=False, test_result_base=None, continue_on_error=False, executor='parallel', parallel_workers=4, event_handlers=None, ignore_user_meta=False, metas=['./colcon.meta'], base_paths=['.'], packages_ignore=None, packages_ignore_regex=None, paths=None, packages_up_to=None, packages_up_to_regex=None, packages_above=None, packages_above_and_dependencies=None, packages_above_depth=None, packages_select_by_dep=None, packages_skip_by_dep=None, packages_skip_up_to=None, packages_select_build_failed=False, packages_skip_build_finished=False, packages_select_test_failures=False, packages_skip_test_passed=False, packages_select=None, packages_skip=None, packages_select_regex=None, packages_skip_regex=None, packages_start=None, packages_end=None, allow_overriding=[], cmake_args=None, cmake_target=None, cmake_target_skip_unavailable=False, cmake_clean_cache=False, cmake_clean_first=False, cmake_force_configure=False, ament_cmake_args=None, catkin_cmake_args=None, catkin_skip_building_tests=False, mixin_files=None, mixin=None, verb_parser=<colcon_mixin.mixin.mixin_argument.MixinArgumentDecorator object at 0xffff9c1dba60>, verb_extension=<colcon_core.verb.build.BuildVerb object at 0xffff9c33ca30>, main=<bound method BuildVerb.main of <colcon_core.verb.build.BuildVerb object at 0xffff9c33ca30>>, mixin_verb=('build',))
[2.775s] Level 1:colcon.colcon_core.package_discovery:discover_packages(colcon_meta) check parameters
[2.776s] Level 1:colcon.colcon_core.package_discovery:discover_packages(recursive) check parameters
[2.776s] Level 1:colcon.colcon_core.package_discovery:discover_packages(ignore) check parameters
[2.776s] Level 1:colcon.colcon_core.package_discovery:discover_packages(path) check parameters
[2.776s] Level 1:colcon.colcon_core.package_discovery:discover_packages(colcon_meta) discover
[2.777s] Level 1:colcon.colcon_core.package_discovery:discover_packages(recursive) discover
[2.777s] INFO:colcon.colcon_core.package_discovery:Crawling recursively for packages in '/home/pi/pi_bot_ws'
[2.779s] Level 1:colcon.colcon_core.package_identification:_identify(.) by extensions ['ignore', 'ignore_ament_install']
[2.779s] Level 1:colcon.colcon_core.package_identification:_identify(.) by extension 'ignore'
[2.780s] Level 1:colcon.colcon_core.package_identification:_identify(.) by extension 'ignore_ament_install'
[2.781s] Level 1:colcon.colcon_core.package_identification:_identify(.) by extensions ['colcon_pkg']
[2.781s] Level 1:colcon.colcon_core.package_identification:_identify(.) by extension 'colcon_pkg'
[2.781s] Level 1:colcon.colcon_core.package_identification:_identify(.) by extensions ['colcon_meta']
[2.782s] Level 1:colcon.colcon_core.package_identification:_identify(.) by extension 'colcon_meta'
[2.782s] Level 1:colcon.colcon_core.package_identification:_identify(.) by extensions ['ros']
[2.782s] Level 1:colcon.colcon_core.package_identification:_identify(.) by extension 'ros'
[2.898s] Level 1:colcon.colcon_core.package_identification:_identify(.) by extensions ['cmake', 'python']
[2.899s] Level 1:colcon.colcon_core.package_identification:_identify(.) by extension 'cmake'
[2.899s] Level 1:colcon.colcon_core.package_identification:_identify(.) by extension 'python'
[2.900s] Level 1:colcon.colcon_core.package_identification:_identify(.) by extensions ['python_setup_py']
[2.900s] Level 1:colcon.colcon_core.package_identification:_identify(.) by extension 'python_setup_py'
[2.901s] Level 1:colcon.colcon_core.package_identification:_identify(build) by extensions ['ignore', 'ignore_ament_install']
[2.902s] Level 1:colcon.colcon_core.package_identification:_identify(build) by extension 'ignore'
[2.903s] Level 1:colcon.colcon_core.package_identification:_identify(build) ignored
[2.904s] Level 1:colcon.colcon_core.package_identification:_identify(install) by extensions ['ignore', 'ignore_ament_install']
[2.905s] Level 1:colcon.colcon_core.package_identification:_identify(install) by extension 'ignore'
[2.905s] Level 1:colcon.colcon_core.package_identification:_identify(install) ignored
[2.907s] Level 1:colcon.colcon_core.package_identification:_identify(log) by extensions ['ignore', 'ignore_ament_install']
[2.908s] Level 1:colcon.colcon_core.package_identification:_identify(log) by extension 'ignore'
[2.908s] Level 1:colcon.colcon_core.package_identification:_identify(log) ignored
[2.909s] Level 1:colcon.colcon_core.package_identification:_identify(src) by extensions ['ignore', 'ignore_ament_install']
[2.910s] Level 1:colcon.colcon_core.package_identification:_identify(src) by extension 'ignore'
[2.910s] Level 1:colcon.colcon_core.package_identification:_identify(src) by extension 'ignore_ament_install'
[2.911s] Level 1:colcon.colcon_core.package_identification:_identify(src) by extensions ['colcon_pkg']
[2.911s] Level 1:colcon.colcon_core.package_identification:_identify(src) by extension 'colcon_pkg'
[2.912s] Level 1:colcon.colcon_core.package_identification:_identify(src) by extensions ['colcon_meta']
[2.912s] Level 1:colcon.colcon_core.package_identification:_identify(src) by extension 'colcon_meta'
[2.912s] Level 1:colcon.colcon_core.package_identification:_identify(src) by extensions ['ros']
[2.913s] Level 1:colcon.colcon_core.package_identification:_identify(src) by extension 'ros'
[2.914s] Level 1:colcon.colcon_core.package_identification:_identify(src) by extensions ['cmake', 'python']
[2.914s] Level 1:colcon.colcon_core.package_identification:_identify(src) by extension 'cmake'
[2.914s] Level 1:colcon.colcon_core.package_identification:_identify(src) by extension 'python'
[2.915s] Level 1:colcon.colcon_core.package_identification:_identify(src) by extensions ['python_setup_py']
[2.915s] Level 1:colcon.colcon_core.package_identification:_identify(src) by extension 'python_setup_py'
[2.916s] Level 1:colcon.colcon_core.package_identification:_identify(src/hat_test) by extensions ['ignore', 'ignore_ament_install']
[2.917s] Level 1:colcon.colcon_core.package_identification:_identify(src/hat_test) by extension 'ignore'
[2.918s] Level 1:colcon.colcon_core.package_identification:_identify(src/hat_test) by extension 'ignore_ament_install'
[2.918s] Level 1:colcon.colcon_core.package_identification:_identify(src/hat_test) by extensions ['colcon_pkg']
[2.919s] Level 1:colcon.colcon_core.package_identification:_identify(src/hat_test) by extension 'colcon_pkg'
[2.919s] Level 1:colcon.colcon_core.package_identification:_identify(src/hat_test) by extensions ['colcon_meta']
[2.919s] Level 1:colcon.colcon_core.package_identification:_identify(src/hat_test) by extension 'colcon_meta'
[2.920s] Level 1:colcon.colcon_core.package_identification:_identify(src/hat_test) by extensions ['ros']
[2.920s] Level 1:colcon.colcon_core.package_identification:_identify(src/hat_test) by extension 'ros'
[2.940s] DEBUG:colcon.colcon_core.package_identification:Package 'src/hat_test' with type 'ros.ament_cmake' and name 'hat_test'
[2.941s] Level 1:colcon.colcon_core.package_identification:_identify(src/motor_driver) by extensions ['ignore', 'ignore_ament_install']
[2.942s] Level 1:colcon.colcon_core.package_identification:_identify(src/motor_driver) by extension 'ignore'
[2.943s] Level 1:colcon.colcon_core.package_identification:_identify(src/motor_driver) by extension 'ignore_ament_install'
[2.943s] Level 1:colcon.colcon_core.package_identification:_identify(src/motor_driver) by extensions ['colcon_pkg']
[2.944s] Level 1:colcon.colcon_core.package_identification:_identify(src/motor_driver) by extension 'colcon_pkg'
[2.944s] Level 1:colcon.colcon_core.package_identification:_identify(src/motor_driver) by extensions ['colcon_meta']
[2.944s] Level 1:colcon.colcon_core.package_identification:_identify(src/motor_driver) by extension 'colcon_meta'
[2.945s] Level 1:colcon.colcon_core.package_identification:_identify(src/motor_driver) by extensions ['ros']
[2.945s] Level 1:colcon.colcon_core.package_identification:_identify(src/motor_driver) by extension 'ros'
[2.951s] DEBUG:colcon.colcon_core.package_identification:Package 'src/motor_driver' with type 'ros.ament_cmake' and name 'motor_driver'
[2.951s] Level 1:colcon.colcon_core.package_discovery:discover_packages(recursive) using defaults
[2.952s] Level 1:colcon.colcon_core.package_discovery:discover_packages(ignore) discover
[2.952s] Level 1:colcon.colcon_core.package_discovery:discover_packages(ignore) using defaults
[2.952s] Level 1:colcon.colcon_core.package_discovery:discover_packages(path) discover
[2.952s] Level 1:colcon.colcon_core.package_discovery:discover_packages(path) using defaults
[3.130s] Level 1:colcon.colcon_core.package_discovery:discover_packages(prefix_path) check parameters
[3.130s] Level 1:colcon.colcon_core.package_discovery:discover_packages(prefix_path) discover
[3.157s] DEBUG:colcon.colcon_installed_package_information.package_discovery:Found 182 installed packages in /opt/ros/humble
[3.168s] Level 1:colcon.colcon_core.package_discovery:discover_packages(prefix_path) using defaults
[3.548s] Level 5:colcon.colcon_core.verb:set package 'motor_driver' build argument 'cmake_args' from command line to 'None'
[3.549s] Level 5:colcon.colcon_core.verb:set package 'motor_driver' build argument 'cmake_target' from command line to 'None'
[3.549s] Level 5:colcon.colcon_core.verb:set package 'motor_driver' build argument 'cmake_target_skip_unavailable' from command line to 'False'
[3.549s] Level 5:colcon.colcon_core.verb:set package 'motor_driver' build argument 'cmake_clean_cache' from command line to 'False'
[3.549s] Level 5:colcon.colcon_core.verb:set package 'motor_driver' build argument 'cmake_clean_first' from command line to 'False'
[3.549s] Level 5:colcon.colcon_core.verb:set package 'motor_driver' build argument 'cmake_force_configure' from command line to 'False'
[3.550s] Level 5:colcon.colcon_core.verb:set package 'motor_driver' build argument 'ament_cmake_args' from command line to 'None'
[3.550s] Level 5:colcon.colcon_core.verb:set package 'motor_driver' build argument 'catkin_cmake_args' from command line to 'None'
[3.550s] Level 5:colcon.colcon_core.verb:set package 'motor_driver' build argument 'catkin_skip_building_tests' from command line to 'False'
[3.551s] DEBUG:colcon.colcon_core.verb:Building package 'motor_driver' with the following arguments: {'ament_cmake_args': None, 'build_base': '/home/pi/pi_bot_ws/build/motor_driver', 'catkin_cmake_args': None, 'catkin_skip_building_tests': False, 'cmake_args': None, 'cmake_clean_cache': False, 'cmake_clean_first': False, 'cmake_force_configure': False, 'cmake_target': None, 'cmake_target_skip_unavailable': False, 'install_base': '/home/pi/pi_bot_ws/install/motor_driver', 'merge_install': False, 'path': '/home/pi/pi_bot_ws/src/motor_driver', 'symlink_install': False, 'test_result_base': None}
[3.554s] Level 5:colcon.colcon_core.verb:set package 'hat_test' build argument 'cmake_args' from command line to 'None'
[3.555s] Level 5:colcon.colcon_core.verb:set package 'hat_test' build argument 'cmake_target' from command line to 'None'
[3.555s] Level 5:colcon.colcon_core.verb:set package 'hat_test' build argument 'cmake_target_skip_unavailable' from command line to 'False'
[3.555s] Level 5:colcon.colcon_core.verb:set package 'hat_test' build argument 'cmake_clean_cache' from command line to 'False'
[3.555s] Level 5:colcon.colcon_core.verb:set package 'hat_test' build argument 'cmake_clean_first' from command line to 'False'
[3.555s] Level 5:colcon.colcon_core.verb:set package 'hat_test' build argument 'cmake_force_configure' from command line to 'False'
[3.556s] Level 5:colcon.colcon_core.verb:set package 'hat_test' build argument 'ament_cmake_args' from command line to 'None'
[3.556s] Level 5:colcon.colcon_core.verb:set package 'hat_test' build argument 'catkin_cmake_args' from command line to 'None'
[3.556s] Level 5:colcon.colcon_core.verb:set package 'hat_test' build argument 'catkin_skip_building_tests' from command line to 'False'
[3.556s] DEBUG:colcon.colcon_core.verb:Building package 'hat_test' with the following arguments: {'ament_cmake_args': None, 'build_base': '/home/pi/pi_bot_ws/build/hat_test', 'catkin_cmake_args': None, 'catkin_skip_building_tests': False, 'cmake_args': None, 'cmake_clean_cache': False, 'cmake_clean_first': False, 'cmake_force_configure': False, 'cmake_target': None, 'cmake_target_skip_unavailable': False, 'install_base': '/home/pi/pi_bot_ws/install/hat_test', 'merge_install': False, 'path': '/home/pi/pi_bot_ws/src/hat_test', 'symlink_install': False, 'test_result_base': None}
[3.558s] INFO:colcon.colcon_core.executor:Executing jobs using 'parallel' executor
[3.565s] DEBUG:colcon.colcon_parallel_executor.executor.parallel:run_until_complete
[3.566s] INFO:colcon.colcon_ros.task.ament_cmake.build:Building ROS package in '/home/pi/pi_bot_ws/src/motor_driver' with build type 'ament_cmake'
[3.567s] INFO:colcon.colcon_cmake.task.cmake.build:Building CMake package in '/home/pi/pi_bot_ws/src/motor_driver'
[3.589s] INFO:colcon.colcon_core.plugin_system:Skipping extension 'colcon_core.shell.bat': Not used on non-Windows systems
[3.591s] INFO:colcon.colcon_core.shell:Skip shell extension 'powershell' for command environment: Not usable outside of PowerShell
[3.591s] DEBUG:colcon.colcon_core.shell:Skip shell extension 'dsv' for command environment
[3.667s] DEBUG:colcon.colcon_core.event_handler.log_command:Invoking command in '/home/pi/pi_bot_ws/build/motor_driver': CMAKE_PREFIX_PATH=/opt/ros/humble /usr/bin/cmake --build /home/pi/pi_bot_ws/build/motor_driver -- -j4 -l4
[4.181s] DEBUG:colcon.colcon_core.event_handler.log_command:Invoked command in '/home/pi/pi_bot_ws/build/motor_driver' returned '0': CMAKE_PREFIX_PATH=/opt/ros/humble /usr/bin/cmake --build /home/pi/pi_bot_ws/build/motor_driver -- -j4 -l4
[4.261s] DEBUG:colcon.colcon_core.event_handler.log_command:Invoking command in '/home/pi/pi_bot_ws/build/motor_driver': CMAKE_PREFIX_PATH=/opt/ros/humble /usr/bin/cmake --install /home/pi/pi_bot_ws/build/motor_driver
[4.352s] Level 1:colcon.colcon_core.environment:create_environment_scripts_only(motor_driver)
[4.356s] DEBUG:colcon.colcon_core.event_handler.log_command:Invoked command in '/home/pi/pi_bot_ws/build/motor_driver' returned '0': CMAKE_PREFIX_PATH=/opt/ros/humble /usr/bin/cmake --install /home/pi/pi_bot_ws/build/motor_driver
[4.379s] Level 1:colcon.colcon_core.environment:checking '/home/pi/pi_bot_ws/install/motor_driver' for CMake module files
[4.387s] Level 1:colcon.colcon_core.environment:checking '/home/pi/pi_bot_ws/install/motor_driver' for CMake config files
[4.390s] Level 1:colcon.colcon_core.shell:create_environment_hook('motor_driver', 'cmake_prefix_path')
[4.392s] INFO:colcon.colcon_core.shell:Creating environment hook '/home/pi/pi_bot_ws/install/motor_driver/share/motor_driver/hook/cmake_prefix_path.ps1'
[4.397s] INFO:colcon.colcon_core.shell:Creating environment descriptor '/home/pi/pi_bot_ws/install/motor_driver/share/motor_driver/hook/cmake_prefix_path.dsv'
[4.402s] INFO:colcon.colcon_core.shell:Creating environment hook '/home/pi/pi_bot_ws/install/motor_driver/share/motor_driver/hook/cmake_prefix_path.sh'
[4.411s] Level 1:colcon.colcon_core.environment:checking '/home/pi/pi_bot_ws/install/motor_driver/lib'
[4.412s] Level 1:colcon.colcon_core.environment:checking '/home/pi/pi_bot_ws/install/motor_driver/bin'
[4.413s] Level 1:colcon.colcon_core.environment:checking '/home/pi/pi_bot_ws/install/motor_driver/lib/pkgconfig/motor_driver.pc'
[4.415s] Level 1:colcon.colcon_core.environment:checking '/home/pi/pi_bot_ws/install/motor_driver/lib/python3.10/site-packages'
[4.418s] Level 1:colcon.colcon_core.environment:checking '/home/pi/pi_bot_ws/install/motor_driver/bin'
[4.420s] INFO:colcon.colcon_core.shell:Creating package script '/home/pi/pi_bot_ws/install/motor_driver/share/motor_driver/package.ps1'
[4.428s] INFO:colcon.colcon_core.shell:Creating package descriptor '/home/pi/pi_bot_ws/install/motor_driver/share/motor_driver/package.dsv'
[4.433s] INFO:colcon.colcon_core.shell:Creating package script '/home/pi/pi_bot_ws/install/motor_driver/share/motor_driver/package.sh'
[4.441s] INFO:colcon.colcon_core.shell:Creating package script '/home/pi/pi_bot_ws/install/motor_driver/share/motor_driver/package.bash'
[4.448s] INFO:colcon.colcon_core.shell:Creating package script '/home/pi/pi_bot_ws/install/motor_driver/share/motor_driver/package.zsh'
[4.456s] Level 1:colcon.colcon_core.environment:create_file_with_runtime_dependencies(/home/pi/pi_bot_ws/install/motor_driver/share/colcon-core/packages/motor_driver)
[4.462s] Level 1:colcon.colcon_core.environment:create_environment_scripts_only(motor_driver)
[4.464s] Level 1:colcon.colcon_core.environment:checking '/home/pi/pi_bot_ws/install/motor_driver' for CMake module files
[4.470s] Level 1:colcon.colcon_core.environment:checking '/home/pi/pi_bot_ws/install/motor_driver' for CMake config files
[4.473s] Level 1:colcon.colcon_core.shell:create_environment_hook('motor_driver', 'cmake_prefix_path')
[4.475s] INFO:colcon.colcon_core.shell:Creating environment hook '/home/pi/pi_bot_ws/install/motor_driver/share/motor_driver/hook/cmake_prefix_path.ps1'
[4.479s] INFO:colcon.colcon_core.shell:Creating environment descriptor '/home/pi/pi_bot_ws/install/motor_driver/share/motor_driver/hook/cmake_prefix_path.dsv'
[4.483s] INFO:colcon.colcon_core.shell:Creating environment hook '/home/pi/pi_bot_ws/install/motor_driver/share/motor_driver/hook/cmake_prefix_path.sh'
[4.490s] Level 1:colcon.colcon_core.environment:checking '/home/pi/pi_bot_ws/install/motor_driver/lib'
[4.491s] Level 1:colcon.colcon_core.environment:checking '/home/pi/pi_bot_ws/install/motor_driver/bin'
[4.492s] Level 1:colcon.colcon_core.environment:checking '/home/pi/pi_bot_ws/install/motor_driver/lib/pkgconfig/motor_driver.pc'
[4.494s] Level 1:colcon.colcon_core.environment:checking '/home/pi/pi_bot_ws/install/motor_driver/lib/python3.10/site-packages'
[4.496s] Level 1:colcon.colcon_core.environment:checking '/home/pi/pi_bot_ws/install/motor_driver/bin'
[4.499s] INFO:colcon.colcon_core.shell:Creating package script '/home/pi/pi_bot_ws/install/motor_driver/share/motor_driver/package.ps1'
[4.504s] INFO:colcon.colcon_core.shell:Creating package descriptor '/home/pi/pi_bot_ws/install/motor_driver/share/motor_driver/package.dsv'
[4.509s] INFO:colcon.colcon_core.shell:Creating package script '/home/pi/pi_bot_ws/install/motor_driver/share/motor_driver/package.sh'
[4.513s] INFO:colcon.colcon_core.shell:Creating package script '/home/pi/pi_bot_ws/install/motor_driver/share/motor_driver/package.bash'
[4.518s] INFO:colcon.colcon_core.shell:Creating package script '/home/pi/pi_bot_ws/install/motor_driver/share/motor_driver/package.zsh'
[4.523s] Level 1:colcon.colcon_core.environment:create_file_with_runtime_dependencies(/home/pi/pi_bot_ws/install/motor_driver/share/colcon-core/packages/motor_driver)
[4.526s] INFO:colcon.colcon_ros.task.ament_cmake.build:Building ROS package in '/home/pi/pi_bot_ws/src/hat_test' with build type 'ament_cmake'
[4.527s] INFO:colcon.colcon_cmake.task.cmake.build:Building CMake package in '/home/pi/pi_bot_ws/src/hat_test'
[4.529s] INFO:colcon.colcon_core.shell:Skip shell extension 'powershell' for command environment: Not usable outside of PowerShell
[4.530s] DEBUG:colcon.colcon_core.shell:Skip shell extension 'dsv' for command environment
[4.609s] DEBUG:colcon.colcon_core.event_handler.log_command:Invoking command in '/home/pi/pi_bot_ws/build/hat_test': AMENT_PREFIX_PATH=/home/pi/pi_bot_ws/install/motor_driver:${AMENT_PREFIX_PATH} CMAKE_PREFIX_PATH=/home/pi/pi_bot_ws/install/motor_driver:/opt/ros/humble /usr/bin/cmake --build /home/pi/pi_bot_ws/build/hat_test -- -j4 -l4
[5.196s] DEBUG:colcon.colcon_core.event_handler.log_command:Invoked command in '/home/pi/pi_bot_ws/build/hat_test' returned '0': AMENT_PREFIX_PATH=/home/pi/pi_bot_ws/install/motor_driver:${AMENT_PREFIX_PATH} CMAKE_PREFIX_PATH=/home/pi/pi_bot_ws/install/motor_driver:/opt/ros/humble /usr/bin/cmake --build /home/pi/pi_bot_ws/build/hat_test -- -j4 -l4
[5.213s] DEBUG:colcon.colcon_core.event_handler.log_command:Invoking command in '/home/pi/pi_bot_ws/build/hat_test': AMENT_PREFIX_PATH=/home/pi/pi_bot_ws/install/motor_driver:${AMENT_PREFIX_PATH} CMAKE_PREFIX_PATH=/home/pi/pi_bot_ws/install/motor_driver:/opt/ros/humble /usr/bin/cmake --install /home/pi/pi_bot_ws/build/hat_test
[5.294s] Level 1:colcon.colcon_core.environment:create_environment_scripts_only(hat_test)
[5.297s] Level 1:colcon.colcon_core.environment:checking '/home/pi/pi_bot_ws/install/hat_test' for CMake module files
[5.301s] DEBUG:colcon.colcon_core.event_handler.log_command:Invoked command in '/home/pi/pi_bot_ws/build/hat_test' returned '0': AMENT_PREFIX_PATH=/home/pi/pi_bot_ws/install/motor_driver:${AMENT_PREFIX_PATH} CMAKE_PREFIX_PATH=/home/pi/pi_bot_ws/install/motor_driver:/opt/ros/humble /usr/bin/cmake --install /home/pi/pi_bot_ws/build/hat_test
[5.306s] Level 1:colcon.colcon_core.environment:checking '/home/pi/pi_bot_ws/install/hat_test' for CMake config files
[5.309s] Level 1:colcon.colcon_core.shell:create_environment_hook('hat_test', 'cmake_prefix_path')
[5.311s] INFO:colcon.colcon_core.shell:Creating environment hook '/home/pi/pi_bot_ws/install/hat_test/share/hat_test/hook/cmake_prefix_path.ps1'
[5.315s] INFO:colcon.colcon_core.shell:Creating environment descriptor '/home/pi/pi_bot_ws/install/hat_test/share/hat_test/hook/cmake_prefix_path.dsv'
[5.319s] INFO:colcon.colcon_core.shell:Creating environment hook '/home/pi/pi_bot_ws/install/hat_test/share/hat_test/hook/cmake_prefix_path.sh'
[5.325s] Level 1:colcon.colcon_core.environment:checking '/home/pi/pi_bot_ws/install/hat_test/lib'
[5.326s] Level 1:colcon.colcon_core.environment:checking '/home/pi/pi_bot_ws/install/hat_test/bin'
[5.327s] Level 1:colcon.colcon_core.environment:checking '/home/pi/pi_bot_ws/install/hat_test/lib/pkgconfig/hat_test.pc'
[5.329s] Level 1:colcon.colcon_core.environment:checking '/home/pi/pi_bot_ws/install/hat_test/lib/python3.10/site-packages'
[5.331s] Level 1:colcon.colcon_core.environment:checking '/home/pi/pi_bot_ws/install/hat_test/bin'
[5.334s] INFO:colcon.colcon_core.shell:Creating package script '/home/pi/pi_bot_ws/install/hat_test/share/hat_test/package.ps1'
[5.338s] INFO:colcon.colcon_core.shell:Creating package descriptor '/home/pi/pi_bot_ws/install/hat_test/share/hat_test/package.dsv'
[5.342s] INFO:colcon.colcon_core.shell:Creating package script '/home/pi/pi_bot_ws/install/hat_test/share/hat_test/package.sh'
[5.346s] INFO:colcon.colcon_core.shell:Creating package script '/home/pi/pi_bot_ws/install/hat_test/share/hat_test/package.bash'
[5.351s] INFO:colcon.colcon_core.shell:Creating package script '/home/pi/pi_bot_ws/install/hat_test/share/hat_test/package.zsh'
[5.355s] Level 1:colcon.colcon_core.environment:create_file_with_runtime_dependencies(/home/pi/pi_bot_ws/install/hat_test/share/colcon-core/packages/hat_test)
[5.361s] Level 1:colcon.colcon_core.environment:create_environment_scripts_only(hat_test)
[5.363s] Level 1:colcon.colcon_core.environment:checking '/home/pi/pi_bot_ws/install/hat_test' for CMake module files
[5.369s] Level 1:colcon.colcon_core.environment:checking '/home/pi/pi_bot_ws/install/hat_test' for CMake config files
[5.371s] Level 1:colcon.colcon_core.shell:create_environment_hook('hat_test', 'cmake_prefix_path')
[5.374s] INFO:colcon.colcon_core.shell:Creating environment hook '/home/pi/pi_bot_ws/install/hat_test/share/hat_test/hook/cmake_prefix_path.ps1'
[5.378s] INFO:colcon.colcon_core.shell:Creating environment descriptor '/home/pi/pi_bot_ws/install/hat_test/share/hat_test/hook/cmake_prefix_path.dsv'
[5.381s] INFO:colcon.colcon_core.shell:Creating environment hook '/home/pi/pi_bot_ws/install/hat_test/share/hat_test/hook/cmake_prefix_path.sh'
[5.387s] Level 1:colcon.colcon_core.environment:checking '/home/pi/pi_bot_ws/install/hat_test/lib'
[5.388s] Level 1:colcon.colcon_core.environment:checking '/home/pi/pi_bot_ws/install/hat_test/bin'
[5.389s] Level 1:colcon.colcon_core.environment:checking '/home/pi/pi_bot_ws/install/hat_test/lib/pkgconfig/hat_test.pc'
[5.391s] Level 1:colcon.colcon_core.environment:checking '/home/pi/pi_bot_ws/install/hat_test/lib/python3.10/site-packages'
[5.394s] Level 1:colcon.colcon_core.environment:checking '/home/pi/pi_bot_ws/install/hat_test/bin'
[5.397s] INFO:colcon.colcon_core.shell:Creating package script '/home/pi/pi_bot_ws/install/hat_test/share/hat_test/package.ps1'
[5.402s] INFO:colcon.colcon_core.shell:Creating package descriptor '/home/pi/pi_bot_ws/install/hat_test/share/hat_test/package.dsv'
[5.407s] INFO:colcon.colcon_core.shell:Creating package script '/home/pi/pi_bot_ws/install/hat_test/share/hat_test/package.sh'
[5.412s] INFO:colcon.colcon_core.shell:Creating package script '/home/pi/pi_bot_ws/install/hat_test/share/hat_test/package.bash'
[5.416s] INFO:colcon.colcon_core.shell:Creating package script '/home/pi/pi_bot_ws/install/hat_test/share/hat_test/package.zsh'
[5.421s] Level 1:colcon.colcon_core.environment:create_file_with_runtime_dependencies(/home/pi/pi_bot_ws/install/hat_test/share/colcon-core/packages/hat_test)
[5.423s] DEBUG:colcon.colcon_parallel_executor.executor.parallel:closing loop
[5.425s] DEBUG:colcon.colcon_parallel_executor.executor.parallel:loop closed
[5.427s] DEBUG:colcon.colcon_parallel_executor.executor.parallel:run_until_complete finished with '0'
[5.427s] DEBUG:colcon.colcon_core.event_reactor:joining thread
[5.471s] INFO:colcon.colcon_core.plugin_system:Skipping extension 'colcon_notification.desktop_notification.notify_send': Could not find 'notify-send'
[5.472s] INFO:colcon.colcon_core.plugin_system:Skipping extension 'colcon_notification.desktop_notification.terminal_notifier': Not used on non-Darwin systems
[5.472s] INFO:colcon.colcon_core.plugin_system:Skipping extension 'colcon_notification.desktop_notification.win32': Not used on non-Windows systems
[5.473s] INFO:colcon.colcon_notification.desktop_notification:Sending desktop notification using 'notify2'
[5.478s] DEBUG:colcon.colcon_notification.desktop_notification.notify2:Failed to initialize notify2: org.freedesktop.DBus.Error.ServiceUnknown: The name org.freedesktop.Notifications was not provided by any .service files
[5.479s] DEBUG:colcon.colcon_core.event_reactor:joined thread
[5.481s] INFO:colcon.colcon_core.shell:Creating prefix script '/home/pi/pi_bot_ws/install/local_setup.ps1'
[5.490s] INFO:colcon.colcon_core.shell:Creating prefix util module '/home/pi/pi_bot_ws/install/_local_setup_util_ps1.py'
[5.507s] INFO:colcon.colcon_core.shell:Creating prefix chain script '/home/pi/pi_bot_ws/install/setup.ps1'
[5.515s] INFO:colcon.colcon_core.shell:Creating prefix script '/home/pi/pi_bot_ws/install/local_setup.sh'
[5.521s] INFO:colcon.colcon_core.shell:Creating prefix util module '/home/pi/pi_bot_ws/install/_local_setup_util_sh.py'
[5.527s] INFO:colcon.colcon_core.shell:Creating prefix chain script '/home/pi/pi_bot_ws/install/setup.sh'
[5.537s] INFO:colcon.colcon_core.shell:Creating prefix script '/home/pi/pi_bot_ws/install/local_setup.bash'
[5.542s] INFO:colcon.colcon_core.shell:Creating prefix chain script '/home/pi/pi_bot_ws/install/setup.bash'
[5.550s] INFO:colcon.colcon_core.shell:Creating prefix script '/home/pi/pi_bot_ws/install/local_setup.zsh'
[5.556s] INFO:colcon.colcon_core.shell:Creating prefix chain script '/home/pi/pi_bot_ws/install/setup.zsh'
