[1.498s] DEBUG:colcon:Command line arguments: ['/usr/bin/colcon', 'build']
[1.499s] DEBUG:colcon:Parsed command line arguments: Namespace(log_base=None, log_level=None, verb_name='build', build_base='build', install_base='install', merge_install=False, symlink_install=False, test_result_base=None, continue_on_error=False, executor='parallel', parallel_workers=4, event_handlers=None, ignore_user_meta=False, metas=['./colcon.meta'], base_paths=['.'], packages_ignore=None, packages_ignore_regex=None, paths=None, packages_up_to=None, packages_up_to_regex=None, packages_above=None, packages_above_and_dependencies=None, packages_above_depth=None, packages_select_by_dep=None, packages_skip_by_dep=None, packages_skip_up_to=None, packages_select_build_failed=False, packages_skip_build_finished=False, packages_select_test_failures=False, packages_skip_test_passed=False, packages_select=None, packages_skip=None, packages_select_regex=None, packages_skip_regex=None, packages_start=None, packages_end=None, allow_overriding=[], cmake_args=None, cmake_target=None, cmake_target_skip_unavailable=False, cmake_clean_cache=False, cmake_clean_first=False, cmake_force_configure=False, ament_cmake_args=None, catkin_cmake_args=None, catkin_skip_building_tests=False, mixin_files=None, mixin=None, verb_parser=<colcon_mixin.mixin.mixin_argument.MixinArgumentDecorator object at 0xffffa2b9ba60>, verb_extension=<colcon_core.verb.build.BuildVerb object at 0xffffa2cfca30>, main=<bound method BuildVerb.main of <colcon_core.verb.build.BuildVerb object at 0xffffa2cfca30>>, mixin_verb=('build',))
[3.368s] Level 1:colcon.colcon_core.package_discovery:discover_packages(colcon_meta) check parameters
[3.369s] Level 1:colcon.colcon_core.package_discovery:discover_packages(recursive) check parameters
[3.369s] Level 1:colcon.colcon_core.package_discovery:discover_packages(ignore) check parameters
[3.369s] Level 1:colcon.colcon_core.package_discovery:discover_packages(path) check parameters
[3.370s] Level 1:colcon.colcon_core.package_discovery:discover_packages(colcon_meta) discover
[3.370s] Level 1:colcon.colcon_core.package_discovery:discover_packages(recursive) discover
[3.371s] INFO:colcon.colcon_core.package_discovery:Crawling recursively for packages in '/home/pi/pi_bot_ws'
[3.372s] Level 1:colcon.colcon_core.package_identification:_identify(.) by extensions ['ignore', 'ignore_ament_install']
[3.373s] Level 1:colcon.colcon_core.package_identification:_identify(.) by extension 'ignore'
[3.374s] Level 1:colcon.colcon_core.package_identification:_identify(.) by extension 'ignore_ament_install'
[3.374s] Level 1:colcon.colcon_core.package_identification:_identify(.) by extensions ['colcon_pkg']
[3.375s] Level 1:colcon.colcon_core.package_identification:_identify(.) by extension 'colcon_pkg'
[3.375s] Level 1:colcon.colcon_core.package_identification:_identify(.) by extensions ['colcon_meta']
[3.375s] Level 1:colcon.colcon_core.package_identification:_identify(.) by extension 'colcon_meta'
[3.376s] Level 1:colcon.colcon_core.package_identification:_identify(.) by extensions ['ros']
[3.376s] Level 1:colcon.colcon_core.package_identification:_identify(.) by extension 'ros'
[3.506s] Level 1:colcon.colcon_core.package_identification:_identify(.) by extensions ['cmake', 'python']
[3.507s] Level 1:colcon.colcon_core.package_identification:_identify(.) by extension 'cmake'
[3.507s] Level 1:colcon.colcon_core.package_identification:_identify(.) by extension 'python'
[3.508s] Level 1:colcon.colcon_core.package_identification:_identify(.) by extensions ['python_setup_py']
[3.508s] Level 1:colcon.colcon_core.package_identification:_identify(.) by extension 'python_setup_py'
[3.509s] Level 1:colcon.colcon_core.package_identification:_identify(build) by extensions ['ignore', 'ignore_ament_install']
[3.510s] Level 1:colcon.colcon_core.package_identification:_identify(build) by extension 'ignore'
[3.510s] Level 1:colcon.colcon_core.package_identification:_identify(build) ignored
[3.512s] Level 1:colcon.colcon_core.package_identification:_identify(install) by extensions ['ignore', 'ignore_ament_install']
[3.513s] Level 1:colcon.colcon_core.package_identification:_identify(install) by extension 'ignore'
[3.513s] Level 1:colcon.colcon_core.package_identification:_identify(install) ignored
[3.515s] Level 1:colcon.colcon_core.package_identification:_identify(log) by extensions ['ignore', 'ignore_ament_install']
[3.515s] Level 1:colcon.colcon_core.package_identification:_identify(log) by extension 'ignore'
[3.516s] Level 1:colcon.colcon_core.package_identification:_identify(log) ignored
[3.517s] Level 1:colcon.colcon_core.package_identification:_identify(src) by extensions ['ignore', 'ignore_ament_install']
[3.517s] Level 1:colcon.colcon_core.package_identification:_identify(src) by extension 'ignore'
[3.518s] Level 1:colcon.colcon_core.package_identification:_identify(src) by extension 'ignore_ament_install'
[3.519s] Level 1:colcon.colcon_core.package_identification:_identify(src) by extensions ['colcon_pkg']
[3.519s] Level 1:colcon.colcon_core.package_identification:_identify(src) by extension 'colcon_pkg'
[3.519s] Level 1:colcon.colcon_core.package_identification:_identify(src) by extensions ['colcon_meta']
[3.520s] Level 1:colcon.colcon_core.package_identification:_identify(src) by extension 'colcon_meta'
[3.520s] Level 1:colcon.colcon_core.package_identification:_identify(src) by extensions ['ros']
[3.520s] Level 1:colcon.colcon_core.package_identification:_identify(src) by extension 'ros'
[3.521s] Level 1:colcon.colcon_core.package_identification:_identify(src) by extensions ['cmake', 'python']
[3.522s] Level 1:colcon.colcon_core.package_identification:_identify(src) by extension 'cmake'
[3.522s] Level 1:colcon.colcon_core.package_identification:_identify(src) by extension 'python'
[3.522s] Level 1:colcon.colcon_core.package_identification:_identify(src) by extensions ['python_setup_py']
[3.523s] Level 1:colcon.colcon_core.package_identification:_identify(src) by extension 'python_setup_py'
[3.524s] Level 1:colcon.colcon_core.package_identification:_identify(src/hat_test) by extensions ['ignore', 'ignore_ament_install']
[3.525s] Level 1:colcon.colcon_core.package_identification:_identify(src/hat_test) by extension 'ignore'
[3.525s] Level 1:colcon.colcon_core.package_identification:_identify(src/hat_test) by extension 'ignore_ament_install'
[3.526s] Level 1:colcon.colcon_core.package_identification:_identify(src/hat_test) by extensions ['colcon_pkg']
[3.526s] Level 1:colcon.colcon_core.package_identification:_identify(src/hat_test) by extension 'colcon_pkg'
[3.526s] Level 1:colcon.colcon_core.package_identification:_identify(src/hat_test) by extensions ['colcon_meta']
[3.527s] Level 1:colcon.colcon_core.package_identification:_identify(src/hat_test) by extension 'colcon_meta'
[3.527s] Level 1:colcon.colcon_core.package_identification:_identify(src/hat_test) by extensions ['ros']
[3.527s] Level 1:colcon.colcon_core.package_identification:_identify(src/hat_test) by extension 'ros'
[3.547s] DEBUG:colcon.colcon_core.package_identification:Package 'src/hat_test' with type 'ros.ament_cmake' and name 'hat_test'
[3.549s] Level 1:colcon.colcon_core.package_identification:_identify(src/motor_driver) by extensions ['ignore', 'ignore_ament_install']
[3.549s] Level 1:colcon.colcon_core.package_identification:_identify(src/motor_driver) by extension 'ignore'
[3.550s] Level 1:colcon.colcon_core.package_identification:_identify(src/motor_driver) by extension 'ignore_ament_install'
[3.551s] Level 1:colcon.colcon_core.package_identification:_identify(src/motor_driver) by extensions ['colcon_pkg']
[3.551s] Level 1:colcon.colcon_core.package_identification:_identify(src/motor_driver) by extension 'colcon_pkg'
[3.551s] Level 1:colcon.colcon_core.package_identification:_identify(src/motor_driver) by extensions ['colcon_meta']
[3.552s] Level 1:colcon.colcon_core.package_identification:_identify(src/motor_driver) by extension 'colcon_meta'
[3.552s] Level 1:colcon.colcon_core.package_identification:_identify(src/motor_driver) by extensions ['ros']
[3.552s] Level 1:colcon.colcon_core.package_identification:_identify(src/motor_driver) by extension 'ros'
[3.558s] DEBUG:colcon.colcon_core.package_identification:Package 'src/motor_driver' with type 'ros.ament_cmake' and name 'motor_driver'
[3.558s] Level 1:colcon.colcon_core.package_discovery:discover_packages(recursive) using defaults
[3.559s] Level 1:colcon.colcon_core.package_discovery:discover_packages(ignore) discover
[3.559s] Level 1:colcon.colcon_core.package_discovery:discover_packages(ignore) using defaults
[3.559s] Level 1:colcon.colcon_core.package_discovery:discover_packages(path) discover
[3.560s] Level 1:colcon.colcon_core.package_discovery:discover_packages(path) using defaults
[3.786s] Level 1:colcon.colcon_core.package_discovery:discover_packages(prefix_path) check parameters
[3.787s] Level 1:colcon.colcon_core.package_discovery:discover_packages(prefix_path) discover
[3.823s] DEBUG:colcon.colcon_installed_package_information.package_discovery:Found 182 installed packages in /opt/ros/humble
[3.834s] Level 1:colcon.colcon_core.package_discovery:discover_packages(prefix_path) using defaults
[4.217s] Level 5:colcon.colcon_core.verb:set package 'motor_driver' build argument 'cmake_args' from command line to 'None'
[4.217s] Level 5:colcon.colcon_core.verb:set package 'motor_driver' build argument 'cmake_target' from command line to 'None'
[4.217s] Level 5:colcon.colcon_core.verb:set package 'motor_driver' build argument 'cmake_target_skip_unavailable' from command line to 'False'
[4.218s] Level 5:colcon.colcon_core.verb:set package 'motor_driver' build argument 'cmake_clean_cache' from command line to 'False'
[4.218s] Level 5:colcon.colcon_core.verb:set package 'motor_driver' build argument 'cmake_clean_first' from command line to 'False'
[4.218s] Level 5:colcon.colcon_core.verb:set package 'motor_driver' build argument 'cmake_force_configure' from command line to 'False'
[4.218s] Level 5:colcon.colcon_core.verb:set package 'motor_driver' build argument 'ament_cmake_args' from command line to 'None'
[4.219s] Level 5:colcon.colcon_core.verb:set package 'motor_driver' build argument 'catkin_cmake_args' from command line to 'None'
[4.219s] Level 5:colcon.colcon_core.verb:set package 'motor_driver' build argument 'catkin_skip_building_tests' from command line to 'False'
[4.219s] DEBUG:colcon.colcon_core.verb:Building package 'motor_driver' with the following arguments: {'ament_cmake_args': None, 'build_base': '/home/pi/pi_bot_ws/build/motor_driver', 'catkin_cmake_args': None, 'catkin_skip_building_tests': False, 'cmake_args': None, 'cmake_clean_cache': False, 'cmake_clean_first': False, 'cmake_force_configure': False, 'cmake_target': None, 'cmake_target_skip_unavailable': False, 'install_base': '/home/pi/pi_bot_ws/install/motor_driver', 'merge_install': False, 'path': '/home/pi/pi_bot_ws/src/motor_driver', 'symlink_install': False, 'test_result_base': None}
[4.223s] Level 5:colcon.colcon_core.verb:set package 'hat_test' build argument 'cmake_args' from command line to 'None'
[4.223s] Level 5:colcon.colcon_core.verb:set package 'hat_test' build argument 'cmake_target' from command line to 'None'
[4.224s] Level 5:colcon.colcon_core.verb:set package 'hat_test' build argument 'cmake_target_skip_unavailable' from command line to 'False'
[4.224s] Level 5:colcon.colcon_core.verb:set package 'hat_test' build argument 'cmake_clean_cache' from command line to 'False'
[4.224s] Level 5:colcon.colcon_core.verb:set package 'hat_test' build argument 'cmake_clean_first' from command line to 'False'
[4.224s] Level 5:colcon.colcon_core.verb:set package 'hat_test' build argument 'cmake_force_configure' from command line to 'False'
[4.224s] Level 5:colcon.colcon_core.verb:set package 'hat_test' build argument 'ament_cmake_args' from command line to 'None'
[4.225s] Level 5:colcon.colcon_core.verb:set package 'hat_test' build argument 'catkin_cmake_args' from command line to 'None'
[4.225s] Level 5:colcon.colcon_core.verb:set package 'hat_test' build argument 'catkin_skip_building_tests' from command line to 'False'
[4.225s] DEBUG:colcon.colcon_core.verb:Building package 'hat_test' with the following arguments: {'ament_cmake_args': None, 'build_base': '/home/pi/pi_bot_ws/build/hat_test', 'catkin_cmake_args': None, 'catkin_skip_building_tests': False, 'cmake_args': None, 'cmake_clean_cache': False, 'cmake_clean_first': False, 'cmake_force_configure': False, 'cmake_target': None, 'cmake_target_skip_unavailable': False, 'install_base': '/home/pi/pi_bot_ws/install/hat_test', 'merge_install': False, 'path': '/home/pi/pi_bot_ws/src/hat_test', 'symlink_install': False, 'test_result_base': None}
[4.227s] INFO:colcon.colcon_core.executor:Executing jobs using 'parallel' executor
[4.233s] DEBUG:colcon.colcon_parallel_executor.executor.parallel:run_until_complete
[4.235s] INFO:colcon.colcon_ros.task.ament_cmake.build:Building ROS package in '/home/pi/pi_bot_ws/src/motor_driver' with build type 'ament_cmake'
[4.236s] INFO:colcon.colcon_cmake.task.cmake.build:Building CMake package in '/home/pi/pi_bot_ws/src/motor_driver'
[4.267s] INFO:colcon.colcon_core.plugin_system:Skipping extension 'colcon_core.shell.bat': Not used on non-Windows systems
[4.269s] INFO:colcon.colcon_core.shell:Skip shell extension 'powershell' for command environment: Not usable outside of PowerShell
[4.269s] DEBUG:colcon.colcon_core.shell:Skip shell extension 'dsv' for command environment
[4.352s] DEBUG:colcon.colcon_core.event_handler.log_command:Invoking command in '/home/pi/pi_bot_ws/build/motor_driver': CMAKE_PREFIX_PATH=/opt/ros/humble /usr/bin/cmake --build /home/pi/pi_bot_ws/build/motor_driver -- -j4 -l4
[4.910s] DEBUG:colcon.colcon_core.event_handler.log_command:Invoked command in '/home/pi/pi_bot_ws/build/motor_driver' returned '0': CMAKE_PREFIX_PATH=/opt/ros/humble /usr/bin/cmake --build /home/pi/pi_bot_ws/build/motor_driver -- -j4 -l4
[4.991s] DEBUG:colcon.colcon_core.event_handler.log_command:Invoking command in '/home/pi/pi_bot_ws/build/motor_driver': CMAKE_PREFIX_PATH=/opt/ros/humble /usr/bin/cmake --install /home/pi/pi_bot_ws/build/motor_driver
[5.083s] Level 1:colcon.colcon_core.environment:create_environment_scripts_only(motor_driver)
[5.086s] DEBUG:colcon.colcon_core.event_handler.log_command:Invoked command in '/home/pi/pi_bot_ws/build/motor_driver' returned '0': CMAKE_PREFIX_PATH=/opt/ros/humble /usr/bin/cmake --install /home/pi/pi_bot_ws/build/motor_driver
[5.122s] Level 1:colcon.colcon_core.environment:checking '/home/pi/pi_bot_ws/install/motor_driver' for CMake module files
[5.129s] Level 1:colcon.colcon_core.environment:checking '/home/pi/pi_bot_ws/install/motor_driver' for CMake config files
[5.132s] Level 1:colcon.colcon_core.shell:create_environment_hook('motor_driver', 'cmake_prefix_path')
[5.134s] INFO:colcon.colcon_core.shell:Creating environment hook '/home/pi/pi_bot_ws/install/motor_driver/share/motor_driver/hook/cmake_prefix_path.ps1'
[5.140s] INFO:colcon.colcon_core.shell:Creating environment descriptor '/home/pi/pi_bot_ws/install/motor_driver/share/motor_driver/hook/cmake_prefix_path.dsv'
[5.145s] INFO:colcon.colcon_core.shell:Creating environment hook '/home/pi/pi_bot_ws/install/motor_driver/share/motor_driver/hook/cmake_prefix_path.sh'
[5.153s] Level 1:colcon.colcon_core.environment:checking '/home/pi/pi_bot_ws/install/motor_driver/lib'
[5.155s] Level 1:colcon.colcon_core.environment:checking '/home/pi/pi_bot_ws/install/motor_driver/bin'
[5.156s] Level 1:colcon.colcon_core.environment:checking '/home/pi/pi_bot_ws/install/motor_driver/lib/pkgconfig/motor_driver.pc'
[5.158s] Level 1:colcon.colcon_core.environment:checking '/home/pi/pi_bot_ws/install/motor_driver/lib/python3.10/site-packages'
[5.160s] Level 1:colcon.colcon_core.environment:checking '/home/pi/pi_bot_ws/install/motor_driver/bin'
[5.163s] INFO:colcon.colcon_core.shell:Creating package script '/home/pi/pi_bot_ws/install/motor_driver/share/motor_driver/package.ps1'
[5.171s] INFO:colcon.colcon_core.shell:Creating package descriptor '/home/pi/pi_bot_ws/install/motor_driver/share/motor_driver/package.dsv'
[5.177s] INFO:colcon.colcon_core.shell:Creating package script '/home/pi/pi_bot_ws/install/motor_driver/share/motor_driver/package.sh'
[5.185s] INFO:colcon.colcon_core.shell:Creating package script '/home/pi/pi_bot_ws/install/motor_driver/share/motor_driver/package.bash'
[5.193s] INFO:colcon.colcon_core.shell:Creating package script '/home/pi/pi_bot_ws/install/motor_driver/share/motor_driver/package.zsh'
[5.201s] Level 1:colcon.colcon_core.environment:create_file_with_runtime_dependencies(/home/pi/pi_bot_ws/install/motor_driver/share/colcon-core/packages/motor_driver)
[5.207s] Level 1:colcon.colcon_core.environment:create_environment_scripts_only(motor_driver)
[5.209s] Level 1:colcon.colcon_core.environment:checking '/home/pi/pi_bot_ws/install/motor_driver' for CMake module files
[5.215s] Level 1:colcon.colcon_core.environment:checking '/home/pi/pi_bot_ws/install/motor_driver' for CMake config files
[5.218s] Level 1:colcon.colcon_core.shell:create_environment_hook('motor_driver', 'cmake_prefix_path')
[5.220s] INFO:colcon.colcon_core.shell:Creating environment hook '/home/pi/pi_bot_ws/install/motor_driver/share/motor_driver/hook/cmake_prefix_path.ps1'
[5.224s] INFO:colcon.colcon_core.shell:Creating environment descriptor '/home/pi/pi_bot_ws/install/motor_driver/share/motor_driver/hook/cmake_prefix_path.dsv'
[5.228s] INFO:colcon.colcon_core.shell:Creating environment hook '/home/pi/pi_bot_ws/install/motor_driver/share/motor_driver/hook/cmake_prefix_path.sh'
[5.234s] Level 1:colcon.colcon_core.environment:checking '/home/pi/pi_bot_ws/install/motor_driver/lib'
[5.235s] Level 1:colcon.colcon_core.environment:checking '/home/pi/pi_bot_ws/install/motor_driver/bin'
[5.235s] Level 1:colcon.colcon_core.environment:checking '/home/pi/pi_bot_ws/install/motor_driver/lib/pkgconfig/motor_driver.pc'
[5.237s] Level 1:colcon.colcon_core.environment:checking '/home/pi/pi_bot_ws/install/motor_driver/lib/python3.10/site-packages'
[5.240s] Level 1:colcon.colcon_core.environment:checking '/home/pi/pi_bot_ws/install/motor_driver/bin'
[5.243s] INFO:colcon.colcon_core.shell:Creating package script '/home/pi/pi_bot_ws/install/motor_driver/share/motor_driver/package.ps1'
[5.247s] INFO:colcon.colcon_core.shell:Creating package descriptor '/home/pi/pi_bot_ws/install/motor_driver/share/motor_driver/package.dsv'
[5.252s] INFO:colcon.colcon_core.shell:Creating package script '/home/pi/pi_bot_ws/install/motor_driver/share/motor_driver/package.sh'
[5.257s] INFO:colcon.colcon_core.shell:Creating package script '/home/pi/pi_bot_ws/install/motor_driver/share/motor_driver/package.bash'
[5.262s] INFO:colcon.colcon_core.shell:Creating package script '/home/pi/pi_bot_ws/install/motor_driver/share/motor_driver/package.zsh'
[5.267s] Level 1:colcon.colcon_core.environment:create_file_with_runtime_dependencies(/home/pi/pi_bot_ws/install/motor_driver/share/colcon-core/packages/motor_driver)
[5.270s] INFO:colcon.colcon_ros.task.ament_cmake.build:Building ROS package in '/home/pi/pi_bot_ws/src/hat_test' with build type 'ament_cmake'
[5.272s] INFO:colcon.colcon_cmake.task.cmake.build:Building CMake package in '/home/pi/pi_bot_ws/src/hat_test'
[5.274s] INFO:colcon.colcon_core.shell:Skip shell extension 'powershell' for command environment: Not usable outside of PowerShell
[5.275s] DEBUG:colcon.colcon_core.shell:Skip shell extension 'dsv' for command environment
[5.355s] DEBUG:colcon.colcon_core.event_handler.log_command:Invoking command in '/home/pi/pi_bot_ws/build/hat_test': AMENT_PREFIX_PATH=/home/pi/pi_bot_ws/install/motor_driver:${AMENT_PREFIX_PATH} CMAKE_PREFIX_PATH=/home/pi/pi_bot_ws/install/motor_driver:/opt/ros/humble /usr/bin/cmake --build /home/pi/pi_bot_ws/build/hat_test -- -j4 -l4
[34.653s] DEBUG:colcon.colcon_core.event_handler.log_command:Invoked command in '/home/pi/pi_bot_ws/build/hat_test' returned '0': AMENT_PREFIX_PATH=/home/pi/pi_bot_ws/install/motor_driver:${AMENT_PREFIX_PATH} CMAKE_PREFIX_PATH=/home/pi/pi_bot_ws/install/motor_driver:/opt/ros/humble /usr/bin/cmake --build /home/pi/pi_bot_ws/build/hat_test -- -j4 -l4
[34.672s] DEBUG:colcon.colcon_core.event_handler.log_command:Invoking command in '/home/pi/pi_bot_ws/build/hat_test': AMENT_PREFIX_PATH=/home/pi/pi_bot_ws/install/motor_driver:${AMENT_PREFIX_PATH} CMAKE_PREFIX_PATH=/home/pi/pi_bot_ws/install/motor_driver:/opt/ros/humble /usr/bin/cmake --install /home/pi/pi_bot_ws/build/hat_test
[34.757s] Level 1:colcon.colcon_core.environment:create_environment_scripts_only(hat_test)
[34.759s] Level 1:colcon.colcon_core.environment:checking '/home/pi/pi_bot_ws/install/hat_test' for CMake module files
[34.764s] DEBUG:colcon.colcon_core.event_handler.log_command:Invoked command in '/home/pi/pi_bot_ws/build/hat_test' returned '0': AMENT_PREFIX_PATH=/home/pi/pi_bot_ws/install/motor_driver:${AMENT_PREFIX_PATH} CMAKE_PREFIX_PATH=/home/pi/pi_bot_ws/install/motor_driver:/opt/ros/humble /usr/bin/cmake --install /home/pi/pi_bot_ws/build/hat_test
[34.769s] Level 1:colcon.colcon_core.environment:checking '/home/pi/pi_bot_ws/install/hat_test' for CMake config files
[34.773s] Level 1:colcon.colcon_core.shell:create_environment_hook('hat_test', 'cmake_prefix_path')
[34.775s] INFO:colcon.colcon_core.shell:Creating environment hook '/home/pi/pi_bot_ws/install/hat_test/share/hat_test/hook/cmake_prefix_path.ps1'
[34.779s] INFO:colcon.colcon_core.shell:Creating environment descriptor '/home/pi/pi_bot_ws/install/hat_test/share/hat_test/hook/cmake_prefix_path.dsv'
[34.784s] INFO:colcon.colcon_core.shell:Creating environment hook '/home/pi/pi_bot_ws/install/hat_test/share/hat_test/hook/cmake_prefix_path.sh'
[34.790s] Level 1:colcon.colcon_core.environment:checking '/home/pi/pi_bot_ws/install/hat_test/lib'
[34.791s] Level 1:colcon.colcon_core.environment:checking '/home/pi/pi_bot_ws/install/hat_test/bin'
[34.791s] Level 1:colcon.colcon_core.environment:checking '/home/pi/pi_bot_ws/install/hat_test/lib/pkgconfig/hat_test.pc'
[34.793s] Level 1:colcon.colcon_core.environment:checking '/home/pi/pi_bot_ws/install/hat_test/lib/python3.10/site-packages'
[34.796s] Level 1:colcon.colcon_core.environment:checking '/home/pi/pi_bot_ws/install/hat_test/bin'
[34.798s] INFO:colcon.colcon_core.shell:Creating package script '/home/pi/pi_bot_ws/install/hat_test/share/hat_test/package.ps1'
[34.803s] INFO:colcon.colcon_core.shell:Creating package descriptor '/home/pi/pi_bot_ws/install/hat_test/share/hat_test/package.dsv'
[34.807s] INFO:colcon.colcon_core.shell:Creating package script '/home/pi/pi_bot_ws/install/hat_test/share/hat_test/package.sh'
[34.811s] INFO:colcon.colcon_core.shell:Creating package script '/home/pi/pi_bot_ws/install/hat_test/share/hat_test/package.bash'
[34.815s] INFO:colcon.colcon_core.shell:Creating package script '/home/pi/pi_bot_ws/install/hat_test/share/hat_test/package.zsh'
[34.819s] Level 1:colcon.colcon_core.environment:create_file_with_runtime_dependencies(/home/pi/pi_bot_ws/install/hat_test/share/colcon-core/packages/hat_test)
[34.825s] Level 1:colcon.colcon_core.environment:create_environment_scripts_only(hat_test)
[34.827s] Level 1:colcon.colcon_core.environment:checking '/home/pi/pi_bot_ws/install/hat_test' for CMake module files
[34.833s] Level 1:colcon.colcon_core.environment:checking '/home/pi/pi_bot_ws/install/hat_test' for CMake config files
[34.836s] Level 1:colcon.colcon_core.shell:create_environment_hook('hat_test', 'cmake_prefix_path')
[34.838s] INFO:colcon.colcon_core.shell:Creating environment hook '/home/pi/pi_bot_ws/install/hat_test/share/hat_test/hook/cmake_prefix_path.ps1'
[34.843s] INFO:colcon.colcon_core.shell:Creating environment descriptor '/home/pi/pi_bot_ws/install/hat_test/share/hat_test/hook/cmake_prefix_path.dsv'
[34.847s] INFO:colcon.colcon_core.shell:Creating environment hook '/home/pi/pi_bot_ws/install/hat_test/share/hat_test/hook/cmake_prefix_path.sh'
[34.853s] Level 1:colcon.colcon_core.environment:checking '/home/pi/pi_bot_ws/install/hat_test/lib'
[34.854s] Level 1:colcon.colcon_core.environment:checking '/home/pi/pi_bot_ws/install/hat_test/bin'
[34.854s] Level 1:colcon.colcon_core.environment:checking '/home/pi/pi_bot_ws/install/hat_test/lib/pkgconfig/hat_test.pc'
[34.856s] Level 1:colcon.colcon_core.environment:checking '/home/pi/pi_bot_ws/install/hat_test/lib/python3.10/site-packages'
[34.859s] Level 1:colcon.colcon_core.environment:checking '/home/pi/pi_bot_ws/install/hat_test/bin'
[34.861s] INFO:colcon.colcon_core.shell:Creating package script '/home/pi/pi_bot_ws/install/hat_test/share/hat_test/package.ps1'
[34.866s] INFO:colcon.colcon_core.shell:Creating package descriptor '/home/pi/pi_bot_ws/install/hat_test/share/hat_test/package.dsv'
[34.872s] INFO:colcon.colcon_core.shell:Creating package script '/home/pi/pi_bot_ws/install/hat_test/share/hat_test/package.sh'
[34.877s] INFO:colcon.colcon_core.shell:Creating package script '/home/pi/pi_bot_ws/install/hat_test/share/hat_test/package.bash'
[34.881s] INFO:colcon.colcon_core.shell:Creating package script '/home/pi/pi_bot_ws/install/hat_test/share/hat_test/package.zsh'
[34.886s] Level 1:colcon.colcon_core.environment:create_file_with_runtime_dependencies(/home/pi/pi_bot_ws/install/hat_test/share/colcon-core/packages/hat_test)
[34.889s] DEBUG:colcon.colcon_parallel_executor.executor.parallel:closing loop
[34.891s] DEBUG:colcon.colcon_parallel_executor.executor.parallel:loop closed
[34.892s] DEBUG:colcon.colcon_parallel_executor.executor.parallel:run_until_complete finished with '0'
[34.893s] DEBUG:colcon.colcon_core.event_reactor:joining thread
[34.938s] INFO:colcon.colcon_core.plugin_system:Skipping extension 'colcon_notification.desktop_notification.notify_send': Could not find 'notify-send'
[34.938s] INFO:colcon.colcon_core.plugin_system:Skipping extension 'colcon_notification.desktop_notification.terminal_notifier': Not used on non-Darwin systems
[34.939s] INFO:colcon.colcon_core.plugin_system:Skipping extension 'colcon_notification.desktop_notification.win32': Not used on non-Windows systems
[34.939s] INFO:colcon.colcon_notification.desktop_notification:Sending desktop notification using 'notify2'
[35.028s] DEBUG:colcon.colcon_notification.desktop_notification.notify2:Failed to initialize notify2: org.freedesktop.DBus.Error.ServiceUnknown: The name org.freedesktop.Notifications was not provided by any .service files
[35.029s] DEBUG:colcon.colcon_core.event_reactor:joined thread
[35.032s] INFO:colcon.colcon_core.shell:Creating prefix script '/home/pi/pi_bot_ws/install/local_setup.ps1'
[35.042s] INFO:colcon.colcon_core.shell:Creating prefix util module '/home/pi/pi_bot_ws/install/_local_setup_util_ps1.py'
[35.056s] INFO:colcon.colcon_core.shell:Creating prefix chain script '/home/pi/pi_bot_ws/install/setup.ps1'
[35.065s] INFO:colcon.colcon_core.shell:Creating prefix script '/home/pi/pi_bot_ws/install/local_setup.sh'
[35.071s] INFO:colcon.colcon_core.shell:Creating prefix util module '/home/pi/pi_bot_ws/install/_local_setup_util_sh.py'
[35.077s] INFO:colcon.colcon_core.shell:Creating prefix chain script '/home/pi/pi_bot_ws/install/setup.sh'
[35.086s] INFO:colcon.colcon_core.shell:Creating prefix script '/home/pi/pi_bot_ws/install/local_setup.bash'
[35.091s] INFO:colcon.colcon_core.shell:Creating prefix chain script '/home/pi/pi_bot_ws/install/setup.bash'
[35.100s] INFO:colcon.colcon_core.shell:Creating prefix script '/home/pi/pi_bot_ws/install/local_setup.zsh'
[35.105s] INFO:colcon.colcon_core.shell:Creating prefix chain script '/home/pi/pi_bot_ws/install/setup.zsh'
