[0.028s] Invoking command in '/home/nick/dev/pi_bot_ws/build/i2c_comm_cpp': DEBUGINFOD_URLS=https://debuginfod.archlinux.org _=/usr/bin/env /usr/bin/cmake --build /home/nick/dev/pi_bot_ws/build/i2c_comm_cpp -- -j12 -l12
[0.067s] [0mCMake Deprecation Warning at CMakeLists.txt:1 (cmake_minimum_required):
[0.067s]   Compatibility with CMake < 3.10 will be removed from a future version of
[0.067s]   CMake.
[0.067s] 
[0.067s]   Update the VERSION argument <min> value.  Or, use the <min>...<max> syntax
[0.067s]   to tell CMake that the project requires at least <min> but has been updated
[0.067s]   to work with policies introduced by <max> or earlier.
[0.067s] 
[0.067s] [0m
[0.088s] -- Found ament_cmake: 1.3.11 (/home/nick/ros2-humble/src/install/share/ament_cmake/cmake)
[0.730s] -- Found rclcpp: 16.0.12 (/home/nick/ros2-humble/src/install/share/rclcpp/cmake)
[0.776s] -- Found rosidl_generator_c: 3.1.6 (/home/nick/ros2-humble/src/install/share/rosidl_generator_c/cmake)
[0.782s] -- Found rosidl_adapter: 3.1.6 (/home/nick/ros2-humble/src/install/share/rosidl_adapter/cmake)
[0.791s] -- Found rosidl_generator_cpp: 3.1.6 (/home/nick/ros2-humble/src/install/share/rosidl_generator_cpp/cmake)
[0.807s] -- Using all available rosidl_typesupport_c: rosidl_typesupport_fastrtps_c;rosidl_typesupport_introspection_c
[0.828s] -- Using all available rosidl_typesupport_cpp: rosidl_typesupport_fastrtps_cpp;rosidl_typesupport_introspection_cpp
[0.883s] -- Found rmw_implementation_cmake: 6.1.2 (/home/nick/ros2-humble/src/install/share/rmw_implementation_cmake/cmake)
[0.885s] -- Found rmw_fastrtps_cpp: 6.2.7 (/home/nick/ros2-humble/src/install/share/rmw_fastrtps_cpp/cmake)
[0.995s] -- Using RMW implementation 'rmw_fastrtps_cpp' as default
[1.086s] -- Found ament_lint_auto: 0.12.12 (/home/nick/ros2-humble/src/install/share/ament_lint_auto/cmake)
[1.249s] -- Added test 'cppcheck' to perform static code analysis on C / C++ code
[1.249s] -- Configured cppcheck include dirs: /home/nick/dev/pi_bot_ws/src/i2c_comm_cpp/include
[1.249s] -- Configured cppcheck exclude dirs and/or files: 
[1.256s] -- Added test 'lint_cmake' to check CMake code style
[1.272s] -- Added test 'uncrustify' to check C / C++ code style
[1.272s] -- Configured uncrustify additional arguments: 
[1.275s] -- Added test 'xmllint' to check XML markup files
[1.276s] -- Configuring done (1.2s)
[1.291s] -- Generating done (0.0s)
[1.294s] -- Build files have been written to: /home/nick/dev/pi_bot_ws/build/i2c_comm_cpp
[1.359s] [ 50%] [32mBuilding CXX object CMakeFiles/i2c_comm_node.dir/src/i2c_utils.cpp.o[0m
[1.840s] [100%] [32m[1mLinking CXX executable i2c_comm_node[0m
[1.896s] /usr/bin/ld: /usr/lib/gcc/x86_64-pc-linux-gnu/15.1.1/../../../../lib/Scrt1.o: in function `_start':
[1.896s] (.text+0x1b): undefined reference to `main'
[1.900s] collect2: error: ld returned 1 exit status
[1.901s] make[2]: *** [CMakeFiles/i2c_comm_node.dir/build.make:155: i2c_comm_node] Error 1
[1.902s] make[1]: *** [CMakeFiles/Makefile2:153: CMakeFiles/i2c_comm_node.dir/all] Error 2
[1.902s] make: *** [Makefile:146: all] Error 2
[1.905s] Invoked command in '/home/nick/dev/pi_bot_ws/build/i2c_comm_cpp' returned '2': DEBUGINFOD_URLS=https://debuginfod.archlinux.org _=/usr/bin/env /usr/bin/cmake --build /home/nick/dev/pi_bot_ws/build/i2c_comm_cpp -- -j12 -l12
