[0.027s] Invoking command in '/home/nick/dev/pi_bot_ws/build/motor_driver': DEBUGINFOD_URLS=https://debuginfod.archlinux.org _=/usr/bin/env /usr/bin/cmake /home/nick/dev/pi_bot_ws/src/motor_driver -DCMAKE_EXPORT_COMPILE_COMMANDS=ON -DCMAKE_INSTALL_PREFIX=/home/nick/dev/pi_bot_ws/install/motor_driver
[0.039s] [0mCMake Deprecation Warning at CMakeLists.txt:1 (cmake_minimum_required):
[0.039s]   Compatibility with CMake < 3.10 will be removed from a future version of
[0.040s]   CMake.
[0.040s] 
[0.040s]   Update the VERSION argument <min> value.  Or, use the <min>...<max> syntax
[0.040s]   to tell CMake that the project requires at least <min> but has been updated
[0.040s]   to work with policies introduced by <max> or earlier.
[0.040s] 
[0.040s] [0m
[0.116s] -- The C compiler identification is GNU 15.1.1
[0.232s] -- The CXX compiler identification is GNU 15.1.1
[0.245s] -- Detecting C compiler ABI info
[0.381s] -- Detecting C compiler ABI info - done
[0.405s] -- Check for working C compiler: /usr/bin/cc - skipped
[0.405s] -- Detecting C compile features
[0.406s] -- Detecting C compile features - done
[0.432s] -- Detecting CXX compiler ABI info
[0.607s] -- Detecting CXX compiler ABI info - done
[0.630s] -- Check for working CXX compiler: /usr/bin/c++ - skipped
[0.631s] -- Detecting CXX compile features
[0.632s] -- Detecting CXX compile features - done
[0.651s] -- Found ament_cmake: 1.3.11 (/home/nick/ros2-humble/src/install/share/ament_cmake/cmake)
[0.831s] -- Found Python3: /home/nick/.pyenv/versions/3.11.9/bin/python3 (found version "3.11.9") found components: Interpreter
[0.973s] -- Found rclcpp: 16.0.12 (/home/nick/ros2-humble/src/install/share/rclcpp/cmake)
[1.038s] -- Found rosidl_generator_c: 3.1.6 (/home/nick/ros2-humble/src/install/share/rosidl_generator_c/cmake)
[1.045s] -- Found rosidl_adapter: 3.1.6 (/home/nick/ros2-humble/src/install/share/rosidl_adapter/cmake)
[1.059s] -- Found rosidl_generator_cpp: 3.1.6 (/home/nick/ros2-humble/src/install/share/rosidl_generator_cpp/cmake)
[1.078s] -- Using all available rosidl_typesupport_c: rosidl_typesupport_fastrtps_c;rosidl_typesupport_introspection_c
[1.105s] -- Using all available rosidl_typesupport_cpp: rosidl_typesupport_fastrtps_cpp;rosidl_typesupport_introspection_cpp
[1.177s] -- Found rmw_implementation_cmake: 6.1.2 (/home/nick/ros2-humble/src/install/share/rmw_implementation_cmake/cmake)
[1.181s] -- Found rmw_fastrtps_cpp: 6.2.7 (/home/nick/ros2-humble/src/install/share/rmw_fastrtps_cpp/cmake)
[1.319s] -- Found OpenSSL: /usr/lib/libcrypto.so (found version "3.5.0")
[1.350s] -- Found FastRTPS: /home/nick/ros2-humble/src/install/include
[1.388s] -- Using RMW implementation 'rmw_fastrtps_cpp' as default
[1.402s] -- Performing Test CMAKE_HAVE_LIBC_PTHREAD
[1.565s] -- Performing Test CMAKE_HAVE_LIBC_PTHREAD - Success
[1.566s] -- Found Threads: TRUE
[1.667s] -- Found ament_lint_auto: 0.12.12 (/home/nick/ros2-humble/src/install/share/ament_lint_auto/cmake)
[1.833s] -- Added test 'copyright' to check source files copyright and LICENSE
[1.835s] -- Added test 'cppcheck' to perform static code analysis on C / C++ code
[1.836s] -- Configured cppcheck include dirs: /home/nick/dev/pi_bot_ws/src/motor_driver/include;$<BUILD_INTERFACE:/home/nick/dev/pi_bot_ws/src/motor_driver/include>
[1.836s] -- Configured cppcheck exclude dirs and/or files: 
[1.838s] -- Added test 'cpplint' to check C / C++ code against the Google style
[1.838s] -- Configured cpplint exclude dirs and/or files: 
[1.839s] -- Added test 'lint_cmake' to check CMake code style
[1.841s] -- Added test 'uncrustify' to check C / C++ code style
[1.841s] -- Configured uncrustify additional arguments: 
[1.842s] -- Added test 'xmllint' to check XML markup files
[1.845s] -- Configuring done (1.8s)
[1.859s] -- Generating done (0.0s)
[1.861s] -- Build files have been written to: /home/nick/dev/pi_bot_ws/build/motor_driver
[1.874s] Invoked command in '/home/nick/dev/pi_bot_ws/build/motor_driver' returned '0': DEBUGINFOD_URLS=https://debuginfod.archlinux.org _=/usr/bin/env /usr/bin/cmake /home/nick/dev/pi_bot_ws/src/motor_driver -DCMAKE_EXPORT_COMPILE_COMMANDS=ON -DCMAKE_INSTALL_PREFIX=/home/nick/dev/pi_bot_ws/install/motor_driver
[1.876s] Invoking command in '/home/nick/dev/pi_bot_ws/build/motor_driver': DEBUGINFOD_URLS=https://debuginfod.archlinux.org _=/usr/bin/env /usr/bin/cmake --build /home/nick/dev/pi_bot_ws/build/motor_driver -- -j12 -l12
[1.939s] [ 80%] [32mBuilding CXX object CMakeFiles/motor_driver.dir/src/motor_hat.cpp.o[0m
[1.939s] [ 80%] [32mBuilding CXX object CMakeFiles/motor_driver.dir/src/i2c_utils.cpp.o[0m
[1.939s] [ 80%] [32mBuilding CXX object CMakeFiles/motor_driver.dir/src/motor.cpp.o[0m
[1.939s] [ 80%] [32mBuilding CXX object CMakeFiles/motor_driver.dir/src/pwm_driver.cpp.o[0m
[2.423s] [100%] [32m[1mLinking CXX static library libmotor_driver.a[0m
[2.470s] [100%] Built target motor_driver
[2.479s] Invoked command in '/home/nick/dev/pi_bot_ws/build/motor_driver' returned '0': DEBUGINFOD_URLS=https://debuginfod.archlinux.org _=/usr/bin/env /usr/bin/cmake --build /home/nick/dev/pi_bot_ws/build/motor_driver -- -j12 -l12
[2.489s] Invoking command in '/home/nick/dev/pi_bot_ws/build/motor_driver': DEBUGINFOD_URLS=https://debuginfod.archlinux.org _=/usr/bin/env /usr/bin/cmake --install /home/nick/dev/pi_bot_ws/build/motor_driver
[2.495s] -- Install configuration: ""
[2.495s] -- Installing: /home/nick/dev/pi_bot_ws/install/motor_driver/lib/libmotor_driver.a
[2.495s] -- Installing: /home/nick/dev/pi_bot_ws/install/motor_driver/include/
[2.496s] -- Installing: /home/nick/dev/pi_bot_ws/install/motor_driver/include//motor_driver
[2.496s] -- Installing: /home/nick/dev/pi_bot_ws/install/motor_driver/include//motor_driver/pwm_driver.hpp
[2.496s] -- Installing: /home/nick/dev/pi_bot_ws/install/motor_driver/include//motor_driver/motor_hat.hpp
[2.496s] -- Installing: /home/nick/dev/pi_bot_ws/install/motor_driver/include//motor_driver/motor.hpp
[2.496s] -- Installing: /home/nick/dev/pi_bot_ws/install/motor_driver/include//i2c_comm_cpp
[2.496s] -- Installing: /home/nick/dev/pi_bot_ws/install/motor_driver/include//i2c_comm_cpp/i2c_utils.hpp
[2.496s] -- Installing: /home/nick/dev/pi_bot_ws/install/motor_driver/share/ament_index/resource_index/package_run_dependencies/motor_driver
[2.497s] -- Installing: /home/nick/dev/pi_bot_ws/install/motor_driver/share/ament_index/resource_index/parent_prefix_path/motor_driver
[2.497s] -- Installing: /home/nick/dev/pi_bot_ws/install/motor_driver/share/motor_driver/environment/ament_prefix_path.sh
[2.497s] -- Installing: /home/nick/dev/pi_bot_ws/install/motor_driver/share/motor_driver/environment/ament_prefix_path.dsv
[2.497s] -- Installing: /home/nick/dev/pi_bot_ws/install/motor_driver/share/motor_driver/environment/path.sh
[2.497s] -- Installing: /home/nick/dev/pi_bot_ws/install/motor_driver/share/motor_driver/environment/path.dsv
[2.497s] -- Installing: /home/nick/dev/pi_bot_ws/install/motor_driver/share/motor_driver/local_setup.bash
[2.497s] -- Installing: /home/nick/dev/pi_bot_ws/install/motor_driver/share/motor_driver/local_setup.sh
[2.497s] -- Installing: /home/nick/dev/pi_bot_ws/install/motor_driver/share/motor_driver/local_setup.zsh
[2.497s] -- Installing: /home/nick/dev/pi_bot_ws/install/motor_driver/share/motor_driver/local_setup.dsv
[2.497s] -- Installing: /home/nick/dev/pi_bot_ws/install/motor_driver/share/motor_driver/package.dsv
[2.497s] -- Installing: /home/nick/dev/pi_bot_ws/install/motor_driver/share/ament_index/resource_index/packages/motor_driver
[2.497s] -- Installing: /home/nick/dev/pi_bot_ws/install/motor_driver/share/motor_driver/cmake/export_motor_driverExport.cmake
[2.497s] -- Installing: /home/nick/dev/pi_bot_ws/install/motor_driver/share/motor_driver/cmake/export_motor_driverExport-noconfig.cmake
[2.497s] -- Installing: /home/nick/dev/pi_bot_ws/install/motor_driver/share/motor_driver/cmake/ament_cmake_export_include_directories-extras.cmake
[2.497s] -- Installing: /home/nick/dev/pi_bot_ws/install/motor_driver/share/motor_driver/cmake/ament_cmake_export_dependencies-extras.cmake
[2.498s] -- Installing: /home/nick/dev/pi_bot_ws/install/motor_driver/share/motor_driver/cmake/ament_cmake_export_targets-extras.cmake
[2.498s] -- Installing: /home/nick/dev/pi_bot_ws/install/motor_driver/share/motor_driver/cmake/motor_driverConfig.cmake
[2.498s] -- Installing: /home/nick/dev/pi_bot_ws/install/motor_driver/share/motor_driver/cmake/motor_driverConfig-version.cmake
[2.498s] -- Installing: /home/nick/dev/pi_bot_ws/install/motor_driver/share/motor_driver/package.xml
[2.499s] Invoked command in '/home/nick/dev/pi_bot_ws/build/motor_driver' returned '0': DEBUGINFOD_URLS=https://debuginfod.archlinux.org _=/usr/bin/env /usr/bin/cmake --install /home/nick/dev/pi_bot_ws/build/motor_driver
