[0.028s] Invoking command in '/home/nick/dev/pi_bot_ws/build/i2c_comm_cpp': DEBUGINFOD_URLS=https://debuginfod.archlinux.org _=/usr/bin/env /usr/bin/cmake --build /home/nick/dev/pi_bot_ws/build/i2c_comm_cpp -- -j12 -l12
[0.063s] [0mCMake Deprecation Warning at CMakeLists.txt:1 (cmake_minimum_required):
[0.063s]   Compatibility with CMake < 3.10 will be removed from a future version of
[0.063s]   CMake.
[0.063s] 
[0.063s]   Update the VERSION argument <min> value.  Or, use the <min>...<max> syntax
[0.064s]   to tell CMake that the project requires at least <min> but has been updated
[0.064s]   to work with policies introduced by <max> or earlier.
[0.064s] 
[0.064s] [0m
[0.085s] -- Found ament_cmake: 1.3.11 (/home/nick/ros2-humble/src/install/share/ament_cmake/cmake)
[0.380s] -- Found rclcpp: 16.0.12 (/home/nick/ros2-humble/src/install/share/rclcpp/cmake)
[0.426s] -- Found rosidl_generator_c: 3.1.6 (/home/nick/ros2-humble/src/install/share/rosidl_generator_c/cmake)
[0.430s] -- Found rosidl_adapter: 3.1.6 (/home/nick/ros2-humble/src/install/share/rosidl_adapter/cmake)
[0.440s] -- Found rosidl_generator_cpp: 3.1.6 (/home/nick/ros2-humble/src/install/share/rosidl_generator_cpp/cmake)
[0.455s] -- Using all available rosidl_typesupport_c: rosidl_typesupport_fastrtps_c;rosidl_typesupport_introspection_c
[0.476s] -- Using all available rosidl_typesupport_cpp: rosidl_typesupport_fastrtps_cpp;rosidl_typesupport_introspection_cpp
[0.532s] -- Found rmw_implementation_cmake: 6.1.2 (/home/nick/ros2-humble/src/install/share/rmw_implementation_cmake/cmake)
[0.534s] -- Found rmw_fastrtps_cpp: 6.2.7 (/home/nick/ros2-humble/src/install/share/rmw_fastrtps_cpp/cmake)
[0.644s] -- Using RMW implementation 'rmw_fastrtps_cpp' as default
[0.738s] -- Found ament_lint_auto: 0.12.12 (/home/nick/ros2-humble/src/install/share/ament_lint_auto/cmake)
[0.901s] -- Added test 'cppcheck' to perform static code analysis on C / C++ code
[0.902s] -- Configured cppcheck include dirs: /home/nick/dev/pi_bot_ws/src/i2c_comm_cpp/include
[0.902s] -- Configured cppcheck exclude dirs and/or files: 
[0.908s] -- Added test 'lint_cmake' to check CMake code style
[0.925s] -- Added test 'uncrustify' to check C / C++ code style
[0.925s] -- Configured uncrustify additional arguments: 
[0.928s] -- Added test 'xmllint' to check XML markup files
[0.929s] -- Configuring done (0.9s)
[0.933s] [31mCMake Error at CMakeLists.txt:16 (add_executable):
[0.934s]   Cannot find source file:
[0.934s] 
[0.934s]     src/main.cpp
[0.934s] 
[0.934s]   Tried extensions .c .C .c++ .cc .cpp .cxx .cu .mpp .m .M .mm .ixx .cppm
[0.934s]   .ccm .cxxm .c++m .h .hh .h++ .hm .hpp .hxx .in .txx .f .F .for .f77 .f90
[0.934s]   .f95 .f03 .hip .ispc
[0.934s] 
[0.934s] [0m
[0.935s] [31mCMake Error at CMakeLists.txt:16 (add_executable):
[0.936s]   No SOURCES given to target: i2c_comm_node
[0.936s] 
[0.936s] [0m
[0.936s] [0mCMake Generate step failed.  Build files cannot be regenerated correctly.[0m
[0.946s] make: *** [Makefile:226: cmake_check_build_system] Error 1
[0.951s] Invoked command in '/home/nick/dev/pi_bot_ws/build/i2c_comm_cpp' returned '2': DEBUGINFOD_URLS=https://debuginfod.archlinux.org _=/usr/bin/env /usr/bin/cmake --build /home/nick/dev/pi_bot_ws/build/i2c_comm_cpp -- -j12 -l12
