[0.021s] Invoking command in '/home/nick/dev/pi_bot_ws/build/motor_driver': DEBUGINFOD_URLS=https://debuginfod.archlinux.org _=/usr/bin/env /usr/bin/cmake --build /home/nick/dev/pi_bot_ws/build/motor_driver -- -j12 -l12
[0.081s] [ 40%] [32mBuilding CXX object CMakeFiles/motor_driver.dir/src/motor.cpp.o[0m
[0.081s] [ 40%] [32mBuilding CXX object CMakeFiles/motor_driver.dir/src/pwm_driver.cpp.o[0m
[0.355s] [01m[K/home/nick/dev/pi_bot_ws/src/motor_driver/src/motor.cpp:3:1:[m[K [01;31m[Kerror: [m[Kno declaration matches ‘[01m[KMotor::[01;32m[KMotor[m[K(int)[m[K’
[0.355s]     3 | [01;31m[KMotor[m[K::Motor(int motor_channel) {
[0.356s]       | [01;31m[K^~~~~[m[K
[0.356s] In file included from [01m[K/home/nick/dev/pi_bot_ws/src/motor_driver/src/motor.cpp:1[m[K:
[0.356s] [01m[K/home/nick/dev/pi_bot_ws/src/motor_driver/include/motor_driver/motor.hpp:11:7:[m[K [01;36m[Knote: [m[Kcandidates are: ‘[01m[Kconstexpr Motor::[01;32m[KMotor[m[K(Motor&&)[m[K’
[0.356s]    11 | class [01;36m[KMotor[m[K {
[0.356s]       |       [01;36m[K^~~~~[m[K
[0.357s] [01m[K/home/nick/dev/pi_bot_ws/src/motor_driver/include/motor_driver/motor.hpp:11:7:[m[K [01;36m[Knote: [m[K                ‘[01m[Kconstexpr Motor::[01;32m[KMotor[m[K(const Motor&)[m[K’
[0.357s] [01m[K/home/nick/dev/pi_bot_ws/src/motor_driver/include/motor_driver/motor.hpp:19:5:[m[K [01;36m[Knote: [m[K                ‘[01m[KMotor::[01;32m[KMotor[m[K(MotorHat*, int)[m[K’
[0.357s]    19 |     [01;36m[KMotor[m[K(MotorHat* hat, int motor_channel);
[0.357s]       |     [01;36m[K^~~~~[m[K
[0.357s] [01m[K/home/nick/dev/pi_bot_ws/src/motor_driver/include/motor_driver/motor.hpp:11:7:[m[K [01;36m[Knote: [m[K‘[01m[Kclass Motor[m[K’ defined here
[0.357s]    11 | class [01;36m[KMotor[m[K {
[0.357s]       |       [01;36m[K^~~~~[m[K
[0.357s] [01m[K/home/nick/dev/pi_bot_ws/src/motor_driver/src/motor.cpp:8:1:[m[K [01;31m[Kerror: [m[KISO C++ forbids declaration of ‘[01m[Kset_power[m[K’ with no type [[01;31m[K]8;;https://gcc.gnu.org/onlinedocs/gcc-15.1.0/gcc/Warning-Options.html#index-fpermissive-fpermissive]8;;[m[K]
[0.357s]     8 | [01;31m[KMotor[m[K::set_power(int pwr) {}
[0.357s]       | [01;31m[K^~~~~[m[K
[0.358s] [01m[K/home/nick/dev/pi_bot_ws/src/motor_driver/src/motor.cpp:8:1:[m[K [01;31m[Kerror: [m[Kno declaration matches ‘[01m[Kint Motor::[01;32m[Kset_power[m[K(int)[m[K’
[0.358s] [01m[K/home/nick/dev/pi_bot_ws/src/motor_driver/include/motor_driver/motor.hpp:22:10:[m[K [01;36m[Knote: [m[Kcandidate is: ‘[01m[Kvoid Motor::[01;32m[Kset_power[m[K(int)[m[K’
[0.358s]    22 |     void [01;36m[Kset_power[m[K(int pwr);
[0.358s]       |          [01;36m[K^~~~~~~~~[m[K
[0.358s] [01m[K/home/nick/dev/pi_bot_ws/src/motor_driver/include/motor_driver/motor.hpp:11:7:[m[K [01;36m[Knote: [m[K‘[01m[Kclass Motor[m[K’ defined here
[0.358s]    11 | class [01;36m[KMotor[m[K {
[0.358s]       |       [01;36m[K^~~~~[m[K
[0.386s] make[2]: *** [CMakeFiles/motor_driver.dir/build.make:93: CMakeFiles/motor_driver.dir/src/motor.cpp.o] Error 1
[0.386s] make[2]: *** Waiting for unfinished jobs....
[0.541s] make[1]: *** [CMakeFiles/Makefile2:153: CMakeFiles/motor_driver.dir/all] Error 2
[0.541s] make: *** [Makefile:146: all] Error 2
[0.544s] Invoked command in '/home/nick/dev/pi_bot_ws/build/motor_driver' returned '2': DEBUGINFOD_URLS=https://debuginfod.archlinux.org _=/usr/bin/env /usr/bin/cmake --build /home/nick/dev/pi_bot_ws/build/motor_driver -- -j12 -l12
