[1.078s] DEBUG:colcon:Command line arguments: ['/usr/bin/colcon', 'build']
[1.079s] DEBUG:colcon:Parsed command line arguments: Namespace(log_base=None, log_level=None, verb_name='build', build_base='build', install_base='install', merge_install=False, symlink_install=False, test_result_base=None, continue_on_error=False, executor='parallel', parallel_workers=4, event_handlers=None, ignore_user_meta=False, metas=['./colcon.meta'], base_paths=['.'], packages_ignore=None, packages_ignore_regex=None, paths=None, packages_up_to=None, packages_up_to_regex=None, packages_above=None, packages_above_and_dependencies=None, packages_above_depth=None, packages_select_by_dep=None, packages_skip_by_dep=None, packages_skip_up_to=None, packages_select_build_failed=False, packages_skip_build_finished=False, packages_select_test_failures=False, packages_skip_test_passed=False, packages_select=None, packages_skip=None, packages_select_regex=None, packages_skip_regex=None, packages_start=None, packages_end=None, allow_overriding=[], cmake_args=None, cmake_target=None, cmake_target_skip_unavailable=False, cmake_clean_cache=False, cmake_clean_first=False, cmake_force_configure=False, ament_cmake_args=None, catkin_cmake_args=None, catkin_skip_building_tests=False, mixin_files=None, mixin=None, verb_parser=<colcon_mixin.mixin.mixin_argument.MixinArgumentDecorator object at 0xffffaa67ba30>, verb_extension=<colcon_core.verb.build.BuildVerb object at 0xffffaa7dca00>, main=<bound method BuildVerb.main of <colcon_core.verb.build.BuildVerb object at 0xffffaa7dca00>>, mixin_verb=('build',))
[2.750s] Level 1:colcon.colcon_core.package_discovery:discover_packages(colcon_meta) check parameters
[2.751s] Level 1:colcon.colcon_core.package_discovery:discover_packages(recursive) check parameters
[2.752s] Level 1:colcon.colcon_core.package_discovery:discover_packages(ignore) check parameters
[2.752s] Level 1:colcon.colcon_core.package_discovery:discover_packages(path) check parameters
[2.752s] Level 1:colcon.colcon_core.package_discovery:discover_packages(colcon_meta) discover
[2.753s] Level 1:colcon.colcon_core.package_discovery:discover_packages(recursive) discover
[2.753s] INFO:colcon.colcon_core.package_discovery:Crawling recursively for packages in '/home/pi/pi_bot_ws'
[2.754s] Level 1:colcon.colcon_core.package_identification:_identify(.) by extensions ['ignore', 'ignore_ament_install']
[2.755s] Level 1:colcon.colcon_core.package_identification:_identify(.) by extension 'ignore'
[2.756s] Level 1:colcon.colcon_core.package_identification:_identify(.) by extension 'ignore_ament_install'
[2.756s] Level 1:colcon.colcon_core.package_identification:_identify(.) by extensions ['colcon_pkg']
[2.756s] Level 1:colcon.colcon_core.package_identification:_identify(.) by extension 'colcon_pkg'
[2.757s] Level 1:colcon.colcon_core.package_identification:_identify(.) by extensions ['colcon_meta']
[2.757s] Level 1:colcon.colcon_core.package_identification:_identify(.) by extension 'colcon_meta'
[2.758s] Level 1:colcon.colcon_core.package_identification:_identify(.) by extensions ['ros']
[2.758s] Level 1:colcon.colcon_core.package_identification:_identify(.) by extension 'ros'
[2.873s] Level 1:colcon.colcon_core.package_identification:_identify(.) by extensions ['cmake', 'python']
[2.874s] Level 1:colcon.colcon_core.package_identification:_identify(.) by extension 'cmake'
[2.874s] Level 1:colcon.colcon_core.package_identification:_identify(.) by extension 'python'
[2.875s] Level 1:colcon.colcon_core.package_identification:_identify(.) by extensions ['python_setup_py']
[2.875s] Level 1:colcon.colcon_core.package_identification:_identify(.) by extension 'python_setup_py'
[2.876s] Level 1:colcon.colcon_core.package_identification:_identify(build) by extensions ['ignore', 'ignore_ament_install']
[2.877s] Level 1:colcon.colcon_core.package_identification:_identify(build) by extension 'ignore'
[2.878s] Level 1:colcon.colcon_core.package_identification:_identify(build) ignored
[2.879s] Level 1:colcon.colcon_core.package_identification:_identify(install) by extensions ['ignore', 'ignore_ament_install']
[2.880s] Level 1:colcon.colcon_core.package_identification:_identify(install) by extension 'ignore'
[2.880s] Level 1:colcon.colcon_core.package_identification:_identify(install) ignored
[2.882s] Level 1:colcon.colcon_core.package_identification:_identify(log) by extensions ['ignore', 'ignore_ament_install']
[2.883s] Level 1:colcon.colcon_core.package_identification:_identify(log) by extension 'ignore'
[2.883s] Level 1:colcon.colcon_core.package_identification:_identify(log) ignored
[2.884s] Level 1:colcon.colcon_core.package_identification:_identify(src) by extensions ['ignore', 'ignore_ament_install']
[2.885s] Level 1:colcon.colcon_core.package_identification:_identify(src) by extension 'ignore'
[2.885s] Level 1:colcon.colcon_core.package_identification:_identify(src) by extension 'ignore_ament_install'
[2.886s] Level 1:colcon.colcon_core.package_identification:_identify(src) by extensions ['colcon_pkg']
[2.886s] Level 1:colcon.colcon_core.package_identification:_identify(src) by extension 'colcon_pkg'
[2.886s] Level 1:colcon.colcon_core.package_identification:_identify(src) by extensions ['colcon_meta']
[2.887s] Level 1:colcon.colcon_core.package_identification:_identify(src) by extension 'colcon_meta'
[2.887s] Level 1:colcon.colcon_core.package_identification:_identify(src) by extensions ['ros']
[2.887s] Level 1:colcon.colcon_core.package_identification:_identify(src) by extension 'ros'
[2.888s] Level 1:colcon.colcon_core.package_identification:_identify(src) by extensions ['cmake', 'python']
[2.889s] Level 1:colcon.colcon_core.package_identification:_identify(src) by extension 'cmake'
[2.889s] Level 1:colcon.colcon_core.package_identification:_identify(src) by extension 'python'
[2.890s] Level 1:colcon.colcon_core.package_identification:_identify(src) by extensions ['python_setup_py']
[2.890s] Level 1:colcon.colcon_core.package_identification:_identify(src) by extension 'python_setup_py'
[2.891s] Level 1:colcon.colcon_core.package_identification:_identify(src/hat_test) by extensions ['ignore', 'ignore_ament_install']
[2.892s] Level 1:colcon.colcon_core.package_identification:_identify(src/hat_test) by extension 'ignore'
[2.892s] Level 1:colcon.colcon_core.package_identification:_identify(src/hat_test) by extension 'ignore_ament_install'
[2.893s] Level 1:colcon.colcon_core.package_identification:_identify(src/hat_test) by extensions ['colcon_pkg']
[2.893s] Level 1:colcon.colcon_core.package_identification:_identify(src/hat_test) by extension 'colcon_pkg'
[2.894s] Level 1:colcon.colcon_core.package_identification:_identify(src/hat_test) by extensions ['colcon_meta']
[2.894s] Level 1:colcon.colcon_core.package_identification:_identify(src/hat_test) by extension 'colcon_meta'
[2.894s] Level 1:colcon.colcon_core.package_identification:_identify(src/hat_test) by extensions ['ros']
[2.895s] Level 1:colcon.colcon_core.package_identification:_identify(src/hat_test) by extension 'ros'
[2.915s] DEBUG:colcon.colcon_core.package_identification:Package 'src/hat_test' with type 'ros.ament_cmake' and name 'hat_test'
[2.916s] Level 1:colcon.colcon_core.package_identification:_identify(src/motor_driver) by extensions ['ignore', 'ignore_ament_install']
[2.917s] Level 1:colcon.colcon_core.package_identification:_identify(src/motor_driver) by extension 'ignore'
[2.917s] Level 1:colcon.colcon_core.package_identification:_identify(src/motor_driver) by extension 'ignore_ament_install'
[2.918s] Level 1:colcon.colcon_core.package_identification:_identify(src/motor_driver) by extensions ['colcon_pkg']
[2.918s] Level 1:colcon.colcon_core.package_identification:_identify(src/motor_driver) by extension 'colcon_pkg'
[2.919s] Level 1:colcon.colcon_core.package_identification:_identify(src/motor_driver) by extensions ['colcon_meta']
[2.919s] Level 1:colcon.colcon_core.package_identification:_identify(src/motor_driver) by extension 'colcon_meta'
[2.919s] Level 1:colcon.colcon_core.package_identification:_identify(src/motor_driver) by extensions ['ros']
[2.920s] Level 1:colcon.colcon_core.package_identification:_identify(src/motor_driver) by extension 'ros'
[2.925s] DEBUG:colcon.colcon_core.package_identification:Package 'src/motor_driver' with type 'ros.ament_cmake' and name 'motor_driver'
[2.926s] Level 1:colcon.colcon_core.package_discovery:discover_packages(recursive) using defaults
[2.926s] Level 1:colcon.colcon_core.package_discovery:discover_packages(ignore) discover
[2.926s] Level 1:colcon.colcon_core.package_discovery:discover_packages(ignore) using defaults
[2.927s] Level 1:colcon.colcon_core.package_discovery:discover_packages(path) discover
[2.927s] Level 1:colcon.colcon_core.package_discovery:discover_packages(path) using defaults
[3.100s] Level 1:colcon.colcon_core.package_discovery:discover_packages(prefix_path) check parameters
[3.100s] Level 1:colcon.colcon_core.package_discovery:discover_packages(prefix_path) discover
[3.120s] DEBUG:colcon.colcon_installed_package_information.package_discovery:Found 2 installed packages in /home/pi/pi_bot_ws/install
[3.134s] DEBUG:colcon.colcon_installed_package_information.package_discovery:Found 182 installed packages in /opt/ros/humble
[3.145s] Level 1:colcon.colcon_core.package_discovery:discover_packages(prefix_path) using defaults
[3.526s] Level 5:colcon.colcon_core.verb:set package 'motor_driver' build argument 'cmake_args' from command line to 'None'
[3.526s] Level 5:colcon.colcon_core.verb:set package 'motor_driver' build argument 'cmake_target' from command line to 'None'
[3.527s] Level 5:colcon.colcon_core.verb:set package 'motor_driver' build argument 'cmake_target_skip_unavailable' from command line to 'False'
[3.527s] Level 5:colcon.colcon_core.verb:set package 'motor_driver' build argument 'cmake_clean_cache' from command line to 'False'
[3.527s] Level 5:colcon.colcon_core.verb:set package 'motor_driver' build argument 'cmake_clean_first' from command line to 'False'
[3.527s] Level 5:colcon.colcon_core.verb:set package 'motor_driver' build argument 'cmake_force_configure' from command line to 'False'
[3.528s] Level 5:colcon.colcon_core.verb:set package 'motor_driver' build argument 'ament_cmake_args' from command line to 'None'
[3.528s] Level 5:colcon.colcon_core.verb:set package 'motor_driver' build argument 'catkin_cmake_args' from command line to 'None'
[3.528s] Level 5:colcon.colcon_core.verb:set package 'motor_driver' build argument 'catkin_skip_building_tests' from command line to 'False'
[3.528s] DEBUG:colcon.colcon_core.verb:Building package 'motor_driver' with the following arguments: {'ament_cmake_args': None, 'build_base': '/home/pi/pi_bot_ws/build/motor_driver', 'catkin_cmake_args': None, 'catkin_skip_building_tests': False, 'cmake_args': None, 'cmake_clean_cache': False, 'cmake_clean_first': False, 'cmake_force_configure': False, 'cmake_target': None, 'cmake_target_skip_unavailable': False, 'install_base': '/home/pi/pi_bot_ws/install/motor_driver', 'merge_install': False, 'path': '/home/pi/pi_bot_ws/src/motor_driver', 'symlink_install': False, 'test_result_base': None}
[3.532s] Level 5:colcon.colcon_core.verb:set package 'hat_test' build argument 'cmake_args' from command line to 'None'
[3.532s] Level 5:colcon.colcon_core.verb:set package 'hat_test' build argument 'cmake_target' from command line to 'None'
[3.533s] Level 5:colcon.colcon_core.verb:set package 'hat_test' build argument 'cmake_target_skip_unavailable' from command line to 'False'
[3.533s] Level 5:colcon.colcon_core.verb:set package 'hat_test' build argument 'cmake_clean_cache' from command line to 'False'
[3.533s] Level 5:colcon.colcon_core.verb:set package 'hat_test' build argument 'cmake_clean_first' from command line to 'False'
[3.533s] Level 5:colcon.colcon_core.verb:set package 'hat_test' build argument 'cmake_force_configure' from command line to 'False'
[3.534s] Level 5:colcon.colcon_core.verb:set package 'hat_test' build argument 'ament_cmake_args' from command line to 'None'
[3.534s] Level 5:colcon.colcon_core.verb:set package 'hat_test' build argument 'catkin_cmake_args' from command line to 'None'
[3.534s] Level 5:colcon.colcon_core.verb:set package 'hat_test' build argument 'catkin_skip_building_tests' from command line to 'False'
[3.535s] DEBUG:colcon.colcon_core.verb:Building package 'hat_test' with the following arguments: {'ament_cmake_args': None, 'build_base': '/home/pi/pi_bot_ws/build/hat_test', 'catkin_cmake_args': None, 'catkin_skip_building_tests': False, 'cmake_args': None, 'cmake_clean_cache': False, 'cmake_clean_first': False, 'cmake_force_configure': False, 'cmake_target': None, 'cmake_target_skip_unavailable': False, 'install_base': '/home/pi/pi_bot_ws/install/hat_test', 'merge_install': False, 'path': '/home/pi/pi_bot_ws/src/hat_test', 'symlink_install': False, 'test_result_base': None}
[3.536s] INFO:colcon.colcon_core.executor:Executing jobs using 'parallel' executor
[3.543s] DEBUG:colcon.colcon_parallel_executor.executor.parallel:run_until_complete
[3.544s] INFO:colcon.colcon_ros.task.ament_cmake.build:Building ROS package in '/home/pi/pi_bot_ws/src/motor_driver' with build type 'ament_cmake'
[3.545s] INFO:colcon.colcon_cmake.task.cmake.build:Building CMake package in '/home/pi/pi_bot_ws/src/motor_driver'
[3.566s] INFO:colcon.colcon_core.plugin_system:Skipping extension 'colcon_core.shell.bat': Not used on non-Windows systems
[3.568s] INFO:colcon.colcon_core.shell:Skip shell extension 'powershell' for command environment: Not usable outside of PowerShell
[3.569s] DEBUG:colcon.colcon_core.shell:Skip shell extension 'dsv' for command environment
[3.658s] DEBUG:colcon.colcon_core.event_handler.log_command:Invoking command in '/home/pi/pi_bot_ws/build/motor_driver': CMAKE_PREFIX_PATH=${CMAKE_PREFIX_PATH}:/opt/ros/humble /usr/bin/cmake --build /home/pi/pi_bot_ws/build/motor_driver -- -j4 -l4
[4.158s] DEBUG:colcon.colcon_core.event_handler.log_command:Invoked command in '/home/pi/pi_bot_ws/build/motor_driver' returned '0': CMAKE_PREFIX_PATH=${CMAKE_PREFIX_PATH}:/opt/ros/humble /usr/bin/cmake --build /home/pi/pi_bot_ws/build/motor_driver -- -j4 -l4
[4.240s] DEBUG:colcon.colcon_core.event_handler.log_command:Invoking command in '/home/pi/pi_bot_ws/build/motor_driver': CMAKE_PREFIX_PATH=${CMAKE_PREFIX_PATH}:/opt/ros/humble /usr/bin/cmake --install /home/pi/pi_bot_ws/build/motor_driver
[4.324s] Level 1:colcon.colcon_core.environment:create_environment_scripts_only(motor_driver)
[4.328s] DEBUG:colcon.colcon_core.event_handler.log_command:Invoked command in '/home/pi/pi_bot_ws/build/motor_driver' returned '0': CMAKE_PREFIX_PATH=${CMAKE_PREFIX_PATH}:/opt/ros/humble /usr/bin/cmake --install /home/pi/pi_bot_ws/build/motor_driver
[4.351s] Level 1:colcon.colcon_core.environment:checking '/home/pi/pi_bot_ws/install/motor_driver' for CMake module files
[4.357s] Level 1:colcon.colcon_core.environment:checking '/home/pi/pi_bot_ws/install/motor_driver' for CMake config files
[4.360s] Level 1:colcon.colcon_core.shell:create_environment_hook('motor_driver', 'cmake_prefix_path')
[4.362s] INFO:colcon.colcon_core.shell:Creating environment hook '/home/pi/pi_bot_ws/install/motor_driver/share/motor_driver/hook/cmake_prefix_path.ps1'
[4.368s] INFO:colcon.colcon_core.shell:Creating environment descriptor '/home/pi/pi_bot_ws/install/motor_driver/share/motor_driver/hook/cmake_prefix_path.dsv'
[4.373s] INFO:colcon.colcon_core.shell:Creating environment hook '/home/pi/pi_bot_ws/install/motor_driver/share/motor_driver/hook/cmake_prefix_path.sh'
[4.382s] Level 1:colcon.colcon_core.environment:checking '/home/pi/pi_bot_ws/install/motor_driver/lib'
[4.383s] Level 1:colcon.colcon_core.environment:checking '/home/pi/pi_bot_ws/install/motor_driver/bin'
[4.384s] Level 1:colcon.colcon_core.environment:checking '/home/pi/pi_bot_ws/install/motor_driver/lib/pkgconfig/motor_driver.pc'
[4.386s] Level 1:colcon.colcon_core.environment:checking '/home/pi/pi_bot_ws/install/motor_driver/lib/python3.10/site-packages'
[4.388s] Level 1:colcon.colcon_core.environment:checking '/home/pi/pi_bot_ws/install/motor_driver/bin'
[4.391s] INFO:colcon.colcon_core.shell:Creating package script '/home/pi/pi_bot_ws/install/motor_driver/share/motor_driver/package.ps1'
[4.399s] INFO:colcon.colcon_core.shell:Creating package descriptor '/home/pi/pi_bot_ws/install/motor_driver/share/motor_driver/package.dsv'
[4.404s] INFO:colcon.colcon_core.shell:Creating package script '/home/pi/pi_bot_ws/install/motor_driver/share/motor_driver/package.sh'
[4.412s] INFO:colcon.colcon_core.shell:Creating package script '/home/pi/pi_bot_ws/install/motor_driver/share/motor_driver/package.bash'
[4.419s] INFO:colcon.colcon_core.shell:Creating package script '/home/pi/pi_bot_ws/install/motor_driver/share/motor_driver/package.zsh'
[4.427s] Level 1:colcon.colcon_core.environment:create_file_with_runtime_dependencies(/home/pi/pi_bot_ws/install/motor_driver/share/colcon-core/packages/motor_driver)
[4.433s] Level 1:colcon.colcon_core.environment:create_environment_scripts_only(motor_driver)
[4.435s] Level 1:colcon.colcon_core.environment:checking '/home/pi/pi_bot_ws/install/motor_driver' for CMake module files
[4.441s] Level 1:colcon.colcon_core.environment:checking '/home/pi/pi_bot_ws/install/motor_driver' for CMake config files
[4.444s] Level 1:colcon.colcon_core.shell:create_environment_hook('motor_driver', 'cmake_prefix_path')
[4.446s] INFO:colcon.colcon_core.shell:Creating environment hook '/home/pi/pi_bot_ws/install/motor_driver/share/motor_driver/hook/cmake_prefix_path.ps1'
[4.450s] INFO:colcon.colcon_core.shell:Creating environment descriptor '/home/pi/pi_bot_ws/install/motor_driver/share/motor_driver/hook/cmake_prefix_path.dsv'
[4.454s] INFO:colcon.colcon_core.shell:Creating environment hook '/home/pi/pi_bot_ws/install/motor_driver/share/motor_driver/hook/cmake_prefix_path.sh'
[4.460s] Level 1:colcon.colcon_core.environment:checking '/home/pi/pi_bot_ws/install/motor_driver/lib'
[4.461s] Level 1:colcon.colcon_core.environment:checking '/home/pi/pi_bot_ws/install/motor_driver/bin'
[4.462s] Level 1:colcon.colcon_core.environment:checking '/home/pi/pi_bot_ws/install/motor_driver/lib/pkgconfig/motor_driver.pc'
[4.464s] Level 1:colcon.colcon_core.environment:checking '/home/pi/pi_bot_ws/install/motor_driver/lib/python3.10/site-packages'
[4.466s] Level 1:colcon.colcon_core.environment:checking '/home/pi/pi_bot_ws/install/motor_driver/bin'
[4.469s] INFO:colcon.colcon_core.shell:Creating package script '/home/pi/pi_bot_ws/install/motor_driver/share/motor_driver/package.ps1'
[4.475s] INFO:colcon.colcon_core.shell:Creating package descriptor '/home/pi/pi_bot_ws/install/motor_driver/share/motor_driver/package.dsv'
[4.481s] INFO:colcon.colcon_core.shell:Creating package script '/home/pi/pi_bot_ws/install/motor_driver/share/motor_driver/package.sh'
[4.485s] INFO:colcon.colcon_core.shell:Creating package script '/home/pi/pi_bot_ws/install/motor_driver/share/motor_driver/package.bash'
[4.490s] INFO:colcon.colcon_core.shell:Creating package script '/home/pi/pi_bot_ws/install/motor_driver/share/motor_driver/package.zsh'
[4.495s] Level 1:colcon.colcon_core.environment:create_file_with_runtime_dependencies(/home/pi/pi_bot_ws/install/motor_driver/share/colcon-core/packages/motor_driver)
[4.498s] INFO:colcon.colcon_ros.task.ament_cmake.build:Building ROS package in '/home/pi/pi_bot_ws/src/hat_test' with build type 'ament_cmake'
[4.500s] INFO:colcon.colcon_cmake.task.cmake.build:Building CMake package in '/home/pi/pi_bot_ws/src/hat_test'
[4.502s] INFO:colcon.colcon_core.shell:Skip shell extension 'powershell' for command environment: Not usable outside of PowerShell
[4.503s] DEBUG:colcon.colcon_core.shell:Skip shell extension 'dsv' for command environment
[4.590s] DEBUG:colcon.colcon_core.event_handler.log_command:Invoking command in '/home/pi/pi_bot_ws/build/hat_test': CMAKE_PREFIX_PATH=/home/pi/pi_bot_ws/install/motor_driver:/home/pi/pi_bot_ws/install/hat_test:/opt/ros/humble /usr/bin/cmake --build /home/pi/pi_bot_ws/build/hat_test -- -j4 -l4
[33.692s] DEBUG:colcon.colcon_core.event_handler.log_command:Invoked command in '/home/pi/pi_bot_ws/build/hat_test' returned '0': CMAKE_PREFIX_PATH=/home/pi/pi_bot_ws/install/motor_driver:/home/pi/pi_bot_ws/install/hat_test:/opt/ros/humble /usr/bin/cmake --build /home/pi/pi_bot_ws/build/hat_test -- -j4 -l4
[33.712s] DEBUG:colcon.colcon_core.event_handler.log_command:Invoking command in '/home/pi/pi_bot_ws/build/hat_test': CMAKE_PREFIX_PATH=/home/pi/pi_bot_ws/install/motor_driver:/home/pi/pi_bot_ws/install/hat_test:/opt/ros/humble /usr/bin/cmake --install /home/pi/pi_bot_ws/build/hat_test
[33.799s] Level 1:colcon.colcon_core.environment:create_environment_scripts_only(hat_test)
[33.802s] Level 1:colcon.colcon_core.environment:checking '/home/pi/pi_bot_ws/install/hat_test' for CMake module files
[33.806s] DEBUG:colcon.colcon_core.event_handler.log_command:Invoked command in '/home/pi/pi_bot_ws/build/hat_test' returned '0': CMAKE_PREFIX_PATH=/home/pi/pi_bot_ws/install/motor_driver:/home/pi/pi_bot_ws/install/hat_test:/opt/ros/humble /usr/bin/cmake --install /home/pi/pi_bot_ws/build/hat_test
[33.811s] Level 1:colcon.colcon_core.environment:checking '/home/pi/pi_bot_ws/install/hat_test' for CMake config files
[33.814s] Level 1:colcon.colcon_core.shell:create_environment_hook('hat_test', 'cmake_prefix_path')
[33.817s] INFO:colcon.colcon_core.shell:Creating environment hook '/home/pi/pi_bot_ws/install/hat_test/share/hat_test/hook/cmake_prefix_path.ps1'
[33.821s] INFO:colcon.colcon_core.shell:Creating environment descriptor '/home/pi/pi_bot_ws/install/hat_test/share/hat_test/hook/cmake_prefix_path.dsv'
[33.826s] INFO:colcon.colcon_core.shell:Creating environment hook '/home/pi/pi_bot_ws/install/hat_test/share/hat_test/hook/cmake_prefix_path.sh'
[33.832s] Level 1:colcon.colcon_core.environment:checking '/home/pi/pi_bot_ws/install/hat_test/lib'
[33.833s] Level 1:colcon.colcon_core.environment:checking '/home/pi/pi_bot_ws/install/hat_test/bin'
[33.834s] Level 1:colcon.colcon_core.environment:checking '/home/pi/pi_bot_ws/install/hat_test/lib/pkgconfig/hat_test.pc'
[33.836s] Level 1:colcon.colcon_core.environment:checking '/home/pi/pi_bot_ws/install/hat_test/lib/python3.10/site-packages'
[33.838s] Level 1:colcon.colcon_core.environment:checking '/home/pi/pi_bot_ws/install/hat_test/bin'
[33.841s] INFO:colcon.colcon_core.shell:Creating package script '/home/pi/pi_bot_ws/install/hat_test/share/hat_test/package.ps1'
[33.846s] INFO:colcon.colcon_core.shell:Creating package descriptor '/home/pi/pi_bot_ws/install/hat_test/share/hat_test/package.dsv'
[33.851s] INFO:colcon.colcon_core.shell:Creating package script '/home/pi/pi_bot_ws/install/hat_test/share/hat_test/package.sh'
[33.855s] INFO:colcon.colcon_core.shell:Creating package script '/home/pi/pi_bot_ws/install/hat_test/share/hat_test/package.bash'
[33.859s] INFO:colcon.colcon_core.shell:Creating package script '/home/pi/pi_bot_ws/install/hat_test/share/hat_test/package.zsh'
[33.863s] Level 1:colcon.colcon_core.environment:create_file_with_runtime_dependencies(/home/pi/pi_bot_ws/install/hat_test/share/colcon-core/packages/hat_test)
[33.869s] Level 1:colcon.colcon_core.environment:create_environment_scripts_only(hat_test)
[33.871s] Level 1:colcon.colcon_core.environment:checking '/home/pi/pi_bot_ws/install/hat_test' for CMake module files
[33.877s] Level 1:colcon.colcon_core.environment:checking '/home/pi/pi_bot_ws/install/hat_test' for CMake config files
[33.880s] Level 1:colcon.colcon_core.shell:create_environment_hook('hat_test', 'cmake_prefix_path')
[33.882s] INFO:colcon.colcon_core.shell:Creating environment hook '/home/pi/pi_bot_ws/install/hat_test/share/hat_test/hook/cmake_prefix_path.ps1'
[33.886s] INFO:colcon.colcon_core.shell:Creating environment descriptor '/home/pi/pi_bot_ws/install/hat_test/share/hat_test/hook/cmake_prefix_path.dsv'
[33.890s] INFO:colcon.colcon_core.shell:Creating environment hook '/home/pi/pi_bot_ws/install/hat_test/share/hat_test/hook/cmake_prefix_path.sh'
[33.896s] Level 1:colcon.colcon_core.environment:checking '/home/pi/pi_bot_ws/install/hat_test/lib'
[33.897s] Level 1:colcon.colcon_core.environment:checking '/home/pi/pi_bot_ws/install/hat_test/bin'
[33.897s] Level 1:colcon.colcon_core.environment:checking '/home/pi/pi_bot_ws/install/hat_test/lib/pkgconfig/hat_test.pc'
[33.899s] Level 1:colcon.colcon_core.environment:checking '/home/pi/pi_bot_ws/install/hat_test/lib/python3.10/site-packages'
[33.902s] Level 1:colcon.colcon_core.environment:checking '/home/pi/pi_bot_ws/install/hat_test/bin'
[33.904s] INFO:colcon.colcon_core.shell:Creating package script '/home/pi/pi_bot_ws/install/hat_test/share/hat_test/package.ps1'
[33.909s] INFO:colcon.colcon_core.shell:Creating package descriptor '/home/pi/pi_bot_ws/install/hat_test/share/hat_test/package.dsv'
[33.914s] INFO:colcon.colcon_core.shell:Creating package script '/home/pi/pi_bot_ws/install/hat_test/share/hat_test/package.sh'
[33.919s] INFO:colcon.colcon_core.shell:Creating package script '/home/pi/pi_bot_ws/install/hat_test/share/hat_test/package.bash'
[33.924s] INFO:colcon.colcon_core.shell:Creating package script '/home/pi/pi_bot_ws/install/hat_test/share/hat_test/package.zsh'
[33.928s] Level 1:colcon.colcon_core.environment:create_file_with_runtime_dependencies(/home/pi/pi_bot_ws/install/hat_test/share/colcon-core/packages/hat_test)
[33.931s] DEBUG:colcon.colcon_parallel_executor.executor.parallel:closing loop
[33.933s] DEBUG:colcon.colcon_parallel_executor.executor.parallel:loop closed
[33.934s] DEBUG:colcon.colcon_parallel_executor.executor.parallel:run_until_complete finished with '0'
[33.935s] DEBUG:colcon.colcon_core.event_reactor:joining thread
[33.980s] INFO:colcon.colcon_core.plugin_system:Skipping extension 'colcon_notification.desktop_notification.notify_send': Could not find 'notify-send'
[33.981s] INFO:colcon.colcon_core.plugin_system:Skipping extension 'colcon_notification.desktop_notification.terminal_notifier': Not used on non-Darwin systems
[33.982s] INFO:colcon.colcon_core.plugin_system:Skipping extension 'colcon_notification.desktop_notification.win32': Not used on non-Windows systems
[33.982s] INFO:colcon.colcon_notification.desktop_notification:Sending desktop notification using 'notify2'
[33.988s] DEBUG:colcon.colcon_notification.desktop_notification.notify2:Failed to initialize notify2: org.freedesktop.DBus.Error.ServiceUnknown: The name org.freedesktop.Notifications was not provided by any .service files
[33.989s] DEBUG:colcon.colcon_core.event_reactor:joined thread
[33.991s] INFO:colcon.colcon_core.shell:Creating prefix script '/home/pi/pi_bot_ws/install/local_setup.ps1'
[34.000s] INFO:colcon.colcon_core.shell:Creating prefix util module '/home/pi/pi_bot_ws/install/_local_setup_util_ps1.py'
[34.015s] INFO:colcon.colcon_core.shell:Creating prefix chain script '/home/pi/pi_bot_ws/install/setup.ps1'
[34.025s] INFO:colcon.colcon_core.shell:Creating prefix script '/home/pi/pi_bot_ws/install/local_setup.sh'
[34.031s] INFO:colcon.colcon_core.shell:Creating prefix util module '/home/pi/pi_bot_ws/install/_local_setup_util_sh.py'
[34.037s] INFO:colcon.colcon_core.shell:Creating prefix chain script '/home/pi/pi_bot_ws/install/setup.sh'
[34.048s] INFO:colcon.colcon_core.shell:Creating prefix script '/home/pi/pi_bot_ws/install/local_setup.bash'
[34.053s] INFO:colcon.colcon_core.shell:Creating prefix chain script '/home/pi/pi_bot_ws/install/setup.bash'
[34.063s] INFO:colcon.colcon_core.shell:Creating prefix script '/home/pi/pi_bot_ws/install/local_setup.zsh'
[34.068s] INFO:colcon.colcon_core.shell:Creating prefix chain script '/home/pi/pi_bot_ws/install/setup.zsh'
