-- Found ament_cmake: 1.3.11 (/home/nick/ros2-humble/src/install/share/ament_cmake/cmake)
-- Found rclcpp: 16.0.12 (/home/nick/ros2-humble/src/install/share/rclcpp/cmake)
-- Found rosidl_generator_c: 3.1.6 (/home/nick/ros2-humble/src/install/share/rosidl_generator_c/cmake)
-- Found rosidl_adapter: 3.1.6 (/home/nick/ros2-humble/src/install/share/rosidl_adapter/cmake)
-- Found rosidl_generator_cpp: 3.1.6 (/home/nick/ros2-humble/src/install/share/rosidl_generator_cpp/cmake)
-- Using all available rosidl_typesupport_c: rosidl_typesupport_fastrtps_c;rosidl_typesupport_introspection_c
-- Using all available rosidl_typesupport_cpp: rosidl_typesupport_fastrtps_cpp;rosidl_typesupport_introspection_cpp
-- Found rmw_implementation_cmake: 6.1.2 (/home/nick/ros2-humble/src/install/share/rmw_implementation_cmake/cmake)
-- Found rmw_fastrtps_cpp: 6.2.7 (/home/nick/ros2-humble/src/install/share/rmw_fastrtps_cpp/cmake)
-- Using RMW implementation 'rmw_fastrtps_cpp' as default
-- Found ament_lint_auto: 0.12.12 (/home/nick/ros2-humble/src/install/share/ament_lint_auto/cmake)
-- Added test 'cppcheck' to perform static code analysis on C / C++ code
-- Configured cppcheck include dirs: /home/nick/dev/pi_bot_ws/src/motor_driver/include
-- Configured cppcheck exclude dirs and/or files: 
-- Added test 'lint_cmake' to check CMake code style
-- Added test 'uncrustify' to check C / C++ code style
-- Configured uncrustify additional arguments: 
-- Added test 'xmllint' to check XML markup files
-- Configuring done (1.0s)
-- Generating done (0.0s)
-- Build files have been written to: /home/nick/dev/pi_bot_ws/build/motor_driver
[ 40%] [32mBuilding CXX object CMakeFiles/motor_driver.dir/src/motor_hat.cpp.o[0m
[ 60%] [32mBuilding CXX object CMakeFiles/motor_driver.dir/src/pwm_driver.cpp.o[0m
[ 80%] [32mBuilding CXX object CMakeFiles/motor_driver.dir/src/i2c_utils.cpp.o[0m
[ 80%] [32mBuilding CXX object CMakeFiles/motor_driver.dir/src/motor.cpp.o[0m
