[01m[K/home/nick/dev/pi_bot_ws/src/motor_driver/src/motor.cpp:5:1:[m[K [01;31m[Kerror: [m[Kexpected unqualified-id before ‘[01m[Kcase[m[K’
    5 | [01;31m[Kcase[m[K 1:
      | [01;31m[K^~~~[m[K
[01m[K/home/nick/dev/pi_bot_ws/src/motor_driver/src/motor.cpp:7:5:[m[K [01;31m[Kerror: [m[Kexpected unqualified-id before ‘[01m[Kthis[m[K’
    7 |     [01;31m[Kthis[m[K->in2 = 12;
      |     [01;31m[K^~~~[m[K
[01m[K/home/nick/dev/pi_bot_ws/src/motor_driver/src/motor.cpp:8:5:[m[K [01;31m[Kerror: [m[Kexpected unqualified-id before ‘[01m[Kthis[m[K’
    8 |     [01;31m[Kthis[m[K->in1 = 11;
      |     [01;31m[K^~~~[m[K
[01m[K/home/nick/dev/pi_bot_ws/src/motor_driver/src/motor.cpp:9:5:[m[K [01;31m[Kerror: [m[Kexpected unqualified-id before ‘[01m[Kbreak[m[K’
    9 |     [01;31m[Kbreak[m[K;
      |     [01;31m[K^~~~~[m[K
[01m[K/home/nick/dev/pi_bot_ws/src/motor_driver/src/motor.cpp:10:1:[m[K [01;31m[Kerror: [m[Kexpected unqualified-id before ‘[01m[Kcase[m[K’
   10 | [01;31m[Kcase[m[K 2:
      | [01;31m[K^~~~[m[K
[01m[K/home/nick/dev/pi_bot_ws/src/motor_driver/src/motor.cpp:12:5:[m[K [01;31m[Kerror: [m[Kexpected unqualified-id before ‘[01m[Kthis[m[K’
   12 |     [01;31m[Kthis[m[K->in2 = 3;
      |     [01;31m[K^~~~[m[K
[01m[K/home/nick/dev/pi_bot_ws/src/motor_driver/src/motor.cpp:13:5:[m[K [01;31m[Kerror: [m[Kexpected unqualified-id before ‘[01m[Kthis[m[K’
   13 |     [01;31m[Kthis[m[K->in1 = 4;
      |     [01;31m[K^~~~[m[K
[01m[K/home/nick/dev/pi_bot_ws/src/motor_driver/src/motor.cpp:14:5:[m[K [01;31m[Kerror: [m[Kexpected unqualified-id before ‘[01m[Kbreak[m[K’
   14 |     [01;31m[Kbreak[m[K;
      |     [01;31m[K^~~~~[m[K
[01m[K/home/nick/dev/pi_bot_ws/src/motor_driver/src/motor.cpp:15:1:[m[K [01;31m[Kerror: [m[Kexpected unqualified-id before ‘[01m[Kcase[m[K’
   15 | [01;31m[Kcase[m[K 3:
      | [01;31m[K^~~~[m[K
[01m[K/home/nick/dev/pi_bot_ws/src/motor_driver/src/motor.cpp:17:5:[m[K [01;31m[Kerror: [m[Kexpected unqualified-id before ‘[01m[Kthis[m[K’
   17 |     [01;31m[Kthis[m[K->in2 = 6;
      |     [01;31m[K^~~~[m[K
[01m[K/home/nick/dev/pi_bot_ws/src/motor_driver/src/motor.cpp:18:5:[m[K [01;31m[Kerror: [m[Kexpected unqualified-id before ‘[01m[Kthis[m[K’
   18 |     [01;31m[Kthis[m[K->in1 = 5;
      |     [01;31m[K^~~~[m[K
[01m[K/home/nick/dev/pi_bot_ws/src/motor_driver/src/motor.cpp:19:5:[m[K [01;31m[Kerror: [m[Kexpected unqualified-id before ‘[01m[Kbreak[m[K’
   19 |     [01;31m[Kbreak[m[K;
      |     [01;31m[K^~~~~[m[K
[01m[K/home/nick/dev/pi_bot_ws/src/motor_driver/src/motor.cpp:20:1:[m[K [01;31m[Kerror: [m[Kexpected unqualified-id before ‘[01m[Kdefault[m[K’
   20 | [01;31m[Kdefault[m[K:
      | [01;31m[K^~~~~~~[m[K
[01m[K/home/nick/dev/pi_bot_ws/src/motor_driver/src/motor.cpp:22:5:[m[K [01;31m[Kerror: [m[Kexpected unqualified-id before ‘[01m[Kbreak[m[K’
   22 |     [01;31m[Kbreak[m[K;
      |     [01;31m[K^~~~~[m[K
[01m[K/home/nick/dev/pi_bot_ws/src/motor_driver/src/motor.cpp:23:5:[m[K [01;31m[Kerror: [m[Kexpected declaration before ‘[01m[K}[m[K’ token
   23 |     [01;31m[K}[m[K
      |     [01;31m[K^[m[K
[01m[K/home/nick/dev/pi_bot_ws/src/motor_driver/src/motor.cpp:24:5:[m[K [01;31m[Kerror: [m[Kexpected declaration before ‘[01m[K}[m[K’ token
   24 |     [01;31m[K}[m[K
      |     [01;31m[K^[m[K
[01m[K/home/nick/dev/pi_bot_ws/src/motor_driver/src/motor.cpp:[m[K In member function ‘[01m[Kvoid Motor::[01;32m[Kset_power[m[K(int)[m[K’:
[01m[K/home/nick/dev/pi_bot_ws/src/motor_driver/src/motor.cpp:38:18:[m[K [01;31m[Kerror: [m[Kinvalid use of incomplete type ‘[01m[Kclass MotorHat[m[K’
   38 |         this->hat[01;31m[K->[m[Kpwm.set_pwm(this->pwm, 0, pwm_off);
      |                  [01;31m[K^~[m[K
In file included from [01m[K/home/nick/dev/pi_bot_ws/src/motor_driver/src/motor.cpp:1[m[K:
[01m[K/home/nick/dev/pi_bot_ws/src/motor_driver/include/motor_driver/motor.hpp:6:7:[m[K [01;36m[Knote: [m[Kforward declaration of ‘[01m[Kclass MotorHat[m[K’
    6 | class [01;36m[KMotorHat[m[K;
      |       [01;36m[K^~~~~~~~[m[K
[01m[K/home/nick/dev/pi_bot_ws/src/motor_driver/src/motor.cpp:[m[K In member function ‘[01m[Kvoid Motor::[01;32m[Kstop[m[K()[m[K’:
[01m[K/home/nick/dev/pi_bot_ws/src/motor_driver/src/motor.cpp:42:18:[m[K [01;31m[Kerror: [m[Kinvalid use of incomplete type ‘[01m[Kclass MotorHat[m[K’
   42 |         this->hat[01;31m[K->[m[Kpwm.set_pwm(this->pwm, 0, 0);
      |                  [01;31m[K^~[m[K
[01m[K/home/nick/dev/pi_bot_ws/src/motor_driver/include/motor_driver/motor.hpp:6:7:[m[K [01;36m[Knote: [m[Kforward declaration of ‘[01m[Kclass MotorHat[m[K’
    6 | class [01;36m[KMotorHat[m[K;
      |       [01;36m[K^~~~~~~~[m[K
[01m[K/home/nick/dev/pi_bot_ws/src/motor_driver/src/motor.cpp:[m[K In member function ‘[01m[Kvoid Motor::[01;32m[Kset_direction[m[K(Command)[m[K’:
[01m[K/home/nick/dev/pi_bot_ws/src/motor_driver/src/motor.cpp:48:20:[m[K [01;31m[Kerror: [m[Kinvalid use of incomplete type ‘[01m[Kclass MotorHat[m[K’
   48 |                 hat[01;31m[K->[m[Kset_pin(this->in1, 1);
      |                    [01;31m[K^~[m[K
[01m[K/home/nick/dev/pi_bot_ws/src/motor_driver/include/motor_driver/motor.hpp:6:7:[m[K [01;36m[Knote: [m[Kforward declaration of ‘[01m[Kclass MotorHat[m[K’
    6 | class [01;36m[KMotorHat[m[K;
      |       [01;36m[K^~~~~~~~[m[K
[01m[K/home/nick/dev/pi_bot_ws/src/motor_driver/src/motor.cpp:49:20:[m[K [01;31m[Kerror: [m[Kinvalid use of incomplete type ‘[01m[Kclass MotorHat[m[K’
   49 |                 hat[01;31m[K->[m[Kset_pin(this->in2, 0);
      |                    [01;31m[K^~[m[K
[01m[K/home/nick/dev/pi_bot_ws/src/motor_driver/include/motor_driver/motor.hpp:6:7:[m[K [01;36m[Knote: [m[Kforward declaration of ‘[01m[Kclass MotorHat[m[K’
    6 | class [01;36m[KMotorHat[m[K;
      |       [01;36m[K^~~~~~~~[m[K
[01m[K/home/nick/dev/pi_bot_ws/src/motor_driver/src/motor.cpp:52:20:[m[K [01;31m[Kerror: [m[Kinvalid use of incomplete type ‘[01m[Kclass MotorHat[m[K’
   52 |                 hat[01;31m[K->[m[Kset_pin(this->in1, 0);
      |                    [01;31m[K^~[m[K
[01m[K/home/nick/dev/pi_bot_ws/src/motor_driver/include/motor_driver/motor.hpp:6:7:[m[K [01;36m[Knote: [m[Kforward declaration of ‘[01m[Kclass MotorHat[m[K’
    6 | class [01;36m[KMotorHat[m[K;
      |       [01;36m[K^~~~~~~~[m[K
[01m[K/home/nick/dev/pi_bot_ws/src/motor_driver/src/motor.cpp:53:20:[m[K [01;31m[Kerror: [m[Kinvalid use of incomplete type ‘[01m[Kclass MotorHat[m[K’
   53 |                 hat[01;31m[K->[m[Kset_pin(this->in2, 1);
      |                    [01;31m[K^~[m[K
[01m[K/home/nick/dev/pi_bot_ws/src/motor_driver/include/motor_driver/motor.hpp:6:7:[m[K [01;36m[Knote: [m[Kforward declaration of ‘[01m[Kclass MotorHat[m[K’
    6 | class [01;36m[KMotorHat[m[K;
      |       [01;36m[K^~~~~~~~[m[K
[01m[K/home/nick/dev/pi_bot_ws/src/motor_driver/src/motor.cpp:56:20:[m[K [01;31m[Kerror: [m[Kinvalid use of incomplete type ‘[01m[Kclass MotorHat[m[K’
   56 |                 hat[01;31m[K->[m[Kset_pin(this->in1, 0);
      |                    [01;31m[K^~[m[K
[01m[K/home/nick/dev/pi_bot_ws/src/motor_driver/include/motor_driver/motor.hpp:6:7:[m[K [01;36m[Knote: [m[Kforward declaration of ‘[01m[Kclass MotorHat[m[K’
    6 | class [01;36m[KMotorHat[m[K;
      |       [01;36m[K^~~~~~~~[m[K
[01m[K/home/nick/dev/pi_bot_ws/src/motor_driver/src/motor.cpp:57:20:[m[K [01;31m[Kerror: [m[Kinvalid use of incomplete type ‘[01m[Kclass MotorHat[m[K’
   57 |                 hat[01;31m[K->[m[Kset_pin(this->in2, 0);
      |                    [01;31m[K^~[m[K
[01m[K/home/nick/dev/pi_bot_ws/src/motor_driver/include/motor_driver/motor.hpp:6:7:[m[K [01;36m[Knote: [m[Kforward declaration of ‘[01m[Kclass MotorHat[m[K’
    6 | class [01;36m[KMotorHat[m[K;
      |       [01;36m[K^~~~~~~~[m[K
[01m[K/home/nick/dev/pi_bot_ws/src/motor_driver/src/motor.cpp:60:20:[m[K [01;31m[Kerror: [m[Kinvalid use of incomplete type ‘[01m[Kclass MotorHat[m[K’
   60 |                 hat[01;31m[K->[m[Kset_pin(this->in1, 1);
      |                    [01;31m[K^~[m[K
[01m[K/home/nick/dev/pi_bot_ws/src/motor_driver/include/motor_driver/motor.hpp:6:7:[m[K [01;36m[Knote: [m[Kforward declaration of ‘[01m[Kclass MotorHat[m[K’
    6 | class [01;36m[KMotorHat[m[K;
      |       [01;36m[K^~~~~~~~[m[K
[01m[K/home/nick/dev/pi_bot_ws/src/motor_driver/src/motor.cpp:61:20:[m[K [01;31m[Kerror: [m[Kinvalid use of incomplete type ‘[01m[Kclass MotorHat[m[K’
   61 |                 hat[01;31m[K->[m[Kset_pin(this->in2, 1);
      |                    [01;31m[K^~[m[K
[01m[K/home/nick/dev/pi_bot_ws/src/motor_driver/include/motor_driver/motor.hpp:6:7:[m[K [01;36m[Knote: [m[Kforward declaration of ‘[01m[Kclass MotorHat[m[K’
    6 | class [01;36m[KMotorHat[m[K;
      |       [01;36m[K^~~~~~~~[m[K
make[2]: *** [CMakeFiles/motor_driver.dir/build.make:93: CMakeFiles/motor_driver.dir/src/motor.cpp.o] Error 1
make[2]: *** Waiting for unfinished jobs....
In file included from [01m[K/usr/include/c++/15.1.1/bits/stl_tempbuf.h:61[m[K,
                 from [01m[K/usr/include/c++/15.1.1/memory:68[m[K,
                 from [01m[K/home/nick/dev/pi_bot_ws/src/motor_driver/include/motor_driver/motor_hat.hpp:5[m[K,
                 from [01m[K/home/nick/dev/pi_bot_ws/src/motor_driver/src/motor_hat.cpp:2[m[K:
/usr/include/c++/15.1.1/bits/stl_construct.h: In instantiation of ‘[01m[Kvoid std::[01;32m[K_Construct[m[K(_Tp*, _Args&& ...) [35m[K[with _Tp = Motor; _Args = {PWM&, int&}][m[K[m[K’:
[01m[K/usr/include/c++/15.1.1/bits/alloc_traits.h:805:19:[m[K   required from ‘[01m[Kstatic void std::allocator_traits<std::allocator<void> >::[01;32m[Kconstruct[m[K(allocator_type&, _Up*, _Args&& ...) [35m[K[with _Up = Motor; _Args = {PWM&, int&}; allocator_type = std::allocator<void>][m[K[m[K’
  805 |         { [01;36m[Kstd::_Construct(__p, std::forward<_Args>(__args)...)[m[K; }
      |           [01;36m[K~~~~~~~~~~~~~~~^~~~~~~~~~~~~~~~~~~~~~~~~~~~~~~~~~~~~[m[K
[01m[K/usr/include/c++/15.1.1/bits/shared_ptr_base.h:606:39:[m[K   required from ‘[01m[Kstd::_Sp_counted_ptr_inplace<_Tp, _Alloc, _Lp>::[01;32m[K_Sp_counted_ptr_inplace[m[K(_Alloc, _Args&& ...) [35m[K[with _Args = {PWM&, int&}; _Tp = Motor; _Alloc = std::allocator<void>; __gnu_cxx::_Lock_policy _Lp = __gnu_cxx::_S_atomic][m[K[m[K’
  606 |           [01;36m[Kallocator_traits<_Alloc>::construct(__a, _M_ptr(),[m[K
      |           [01;36m[K~~~~~~~~~~~~~~~~~~~~~~~~~~~~~~~~~~~^~~~~~~~~~~~~~~[m[K
  607 | [01;36m[K              std::forward<_Args>(__args)...)[m[K; // might throw
      |               [01;36m[K~~~~~~~~~~~~~~~~~~~~~~~~~~~~~~~[m[K 
[01m[K/usr/include/c++/15.1.1/bits/shared_ptr_base.h:969:16:[m[K   required from ‘[01m[Kstd::__shared_count<_Lp>::[01;32m[K__shared_count[m[K(_Tp*&, std::_Sp_alloc_shared_tag<_Alloc>, _Args&& ...) [35m[K[with _Tp = Motor; _Alloc = std::allocator<void>; _Args = {PWM&, int&}; __gnu_cxx::_Lock_policy _Lp = __gnu_cxx::_S_atomic][m[K[m[K’
  969 |           auto __pi = [01;36m[K::new (__mem)[m[K
      |                       [01;36m[K^~~~~~~~~~~~~[m[K
  970 | [01;36m[K            _Sp_cp_type(__a._M_a, std::forward<_Args>(__args)...)[m[K;
      |             [01;36m[K~~~~~~~~~~~~~~~~~~~~~~~~~~~~~~~~~~~~~~~~~~~~~~~~~~~~~[m[K
[01m[K/usr/include/c++/15.1.1/bits/shared_ptr_base.h:1719:14:[m[K   required from ‘[01m[Kstd::__shared_ptr<_Tp, _Lp>::[01;32m[K__shared_ptr[m[K(std::_Sp_alloc_shared_tag<_Tp>, _Args&& ...) [35m[K[with _Alloc = std::allocator<void>; _Args = {PWM&, int&}; _Tp = Motor; __gnu_cxx::_Lock_policy _Lp = __gnu_cxx::_S_atomic][m[K[m[K’
 1719 |         : _M_ptr(), [01;36m[K_M_refcount(_M_ptr, __tag, std::forward<_Args>(__args)...)[m[K
      |                     [01;36m[K^~~~~~~~~~~~~~~~~~~~~~~~~~~~~~~~~~~~~~~~~~~~~~~~~~~~~~~~~~[m[K
[01m[K/usr/include/c++/15.1.1/bits/shared_ptr.h:463:59:[m[K   required from ‘[01m[Kstd::shared_ptr<_Tp>::[01;32m[Kshared_ptr[m[K(std::_Sp_alloc_shared_tag<_Tp>, _Args&& ...) [35m[K[with _Alloc = std::allocator<void>; _Args = {PWM&, int&}; _Tp = Motor][m[K[m[K’
  463 |         : __shared_ptr<_Tp>(__tag, std::forward<_Args>(__args)...[01;36m[K)[m[K
      |                                                                  [01;36m[K^[m[K
[01m[K/usr/include/c++/15.1.1/bits/shared_ptr.h:1007:14:[m[K   required from ‘[01m[Kstd::shared_ptr<typename std::enable_if<(! std::is_array<_Tp>::value), _Tp>::type> std::[01;32m[Kmake_shared[m[K(_Args&& ...) [35m[K[with _Tp = Motor; _Args = {PWM&, int&}; typename enable_if<(! is_array<_Tp>::value), _Tp>::type = Motor][m[K[m[K’
 1007 |       return [01;36m[Kshared_ptr<_Tp>(_Sp_alloc_shared_tag<_Alloc>{__a},[m[K
      |              [01;36m[K^~~~~~~~~~~~~~~~~~~~~~~~~~~~~~~~~~~~~~~~~~~~~~~~~~[m[K
 1008 | [01;36m[K                             std::forward<_Args>(__args)...)[m[K;
      |                              [01;36m[K~~~~~~~~~~~~~~~~~~~~~~~~~~~~~~~[m[K
[01m[K/home/nick/dev/pi_bot_ws/src/motor_driver/src/motor_hat.cpp:9:44:[m[K   required from here
    9 |         motors[i] = [01;36m[Kstd::make_shared<Motor>(this->pwm, i)[m[K;
      |                     [01;36m[K~~~~~~~~~~~~~~~~~~~~~~~^~~~~~~~~~~~~~[m[K
[01m[K/usr/include/c++/15.1.1/bits/stl_construct.h:133:7:[m[K [01;31m[Kerror: [m[Kno matching function for call to ‘[01m[KMotor::Motor(PWM&, int&)[m[K’
  133 |       [01;31m[K::new(static_cast<void*>(__p)) _Tp(std::forward<_Args>(__args)...)[m[K;
      |       [01;31m[K^~~~~~~~~~~~~~~~~~~~~~~~~~~~~~~~~~~~~~~~~~~~~~~~~~~~~~~~~~~~~~~~~~[m[K
[01m[K/usr/include/c++/15.1.1/bits/stl_construct.h:133:7:[m[K [01;36m[Knote: [m[Kthere are 3 candidates
In file included from [01m[K/home/nick/dev/pi_bot_ws/src/motor_driver/include/motor_driver/motor_hat.hpp:9[m[K:
[01m[K/home/nick/dev/pi_bot_ws/src/motor_driver/include/motor_driver/motor.hpp:18:5:[m[K [01;36m[Knote: [m[Kcandidate 1: ‘[01m[KMotor::[01;32m[KMotor[m[K(MotorHat*, int)[m[K’
   18 |     [01;36m[KMotor[m[K(MotorHat* hat, int motor_channel);
      |     [01;36m[K^~~~~[m[K
[01m[K/home/nick/dev/pi_bot_ws/src/motor_driver/include/motor_driver/motor.hpp:18:21:[m[K [01;36m[Knote: [m[Kno known conversion for argument 1 from ‘[01m[K[01;32m[KPWM[m[K[m[K’ to ‘[01m[K[01;34m[KMotorHat*[m[K[m[K’
   18 |     Motor([01;36m[KMotorHat* hat[m[K, int motor_channel);
      |           [01;36m[K~~~~~~~~~~^~~[m[K
[01m[K/home/nick/dev/pi_bot_ws/src/motor_driver/include/motor_driver/motor.hpp:10:7:[m[K [01;36m[Knote: [m[Kcandidate 2: ‘[01m[Kconstexpr Motor::[01;32m[KMotor[m[K(const Motor&)[m[K’
   10 | class [01;36m[KMotor[m[K {
      |       [01;36m[K^~~~~[m[K
[01m[K/home/nick/dev/pi_bot_ws/src/motor_driver/include/motor_driver/motor.hpp:10:7:[m[K [01;36m[Knote: [m[Kcandidate expects 1 argument, 2 provided
[01m[K/home/nick/dev/pi_bot_ws/src/motor_driver/include/motor_driver/motor.hpp:10:7:[m[K [01;36m[Knote: [m[Kcandidate 3: ‘[01m[Kconstexpr Motor::[01;32m[KMotor[m[K(Motor&&)[m[K’
[01m[K/home/nick/dev/pi_bot_ws/src/motor_driver/include/motor_driver/motor.hpp:10:7:[m[K [01;36m[Knote: [m[Kcandidate expects 1 argument, 2 provided
make[2]: *** [CMakeFiles/motor_driver.dir/build.make:107: CMakeFiles/motor_driver.dir/src/motor_hat.cpp.o] Error 1
make[1]: *** [CMakeFiles/Makefile2:153: CMakeFiles/motor_driver.dir/all] Error 2
make: *** [Makefile:146: all] Error 2
