[ 40%] [32mBuilding CXX object CMakeFiles/motor_driver.dir/src/motor.cpp.o[0m
[ 40%] [32mBuilding CXX object CMakeFiles/motor_driver.dir/src/pwm_driver.cpp.o[0m
[ 60%] [32m[1mLinking CXX static library libmotor_driver.a[0m
[100%] Built target motor_driver
-- Install configuration: ""
-- Installing: /home/nick/dev/pi_bot_ws/install/motor_driver/lib/libmotor_driver.a
-- Up-to-date: /home/nick/dev/pi_bot_ws/install/motor_driver/include/
-- Up-to-date: /home/nick/dev/pi_bot_ws/install/motor_driver/include//motor_driver
-- Up-to-date: /home/nick/dev/pi_bot_ws/install/motor_driver/include//motor_driver/pwm_driver.hpp
-- Up-to-date: /home/nick/dev/pi_bot_ws/install/motor_driver/include//motor_driver/motor_hat.hpp
-- Up-to-date: /home/nick/dev/pi_bot_ws/install/motor_driver/include//motor_driver/motor.hpp
-- Up-to-date: /home/nick/dev/pi_bot_ws/install/motor_driver/include//i2c_comm_cpp
-- Up-to-date: /home/nick/dev/pi_bot_ws/install/motor_driver/include//i2c_comm_cpp/i2c_utils.hpp
-- Up-to-date: /home/nick/dev/pi_bot_ws/install/motor_driver/share/ament_index/resource_index/package_run_dependencies/motor_driver
-- Up-to-date: /home/nick/dev/pi_bot_ws/install/motor_driver/share/ament_index/resource_index/parent_prefix_path/motor_driver
-- Up-to-date: /home/nick/dev/pi_bot_ws/install/motor_driver/share/motor_driver/environment/ament_prefix_path.sh
-- Up-to-date: /home/nick/dev/pi_bot_ws/install/motor_driver/share/motor_driver/environment/ament_prefix_path.dsv
-- Up-to-date: /home/nick/dev/pi_bot_ws/install/motor_driver/share/motor_driver/environment/path.sh
-- Up-to-date: /home/nick/dev/pi_bot_ws/install/motor_driver/share/motor_driver/environment/path.dsv
-- Up-to-date: /home/nick/dev/pi_bot_ws/install/motor_driver/share/motor_driver/local_setup.bash
-- Up-to-date: /home/nick/dev/pi_bot_ws/install/motor_driver/share/motor_driver/local_setup.sh
-- Up-to-date: /home/nick/dev/pi_bot_ws/install/motor_driver/share/motor_driver/local_setup.zsh
-- Up-to-date: /home/nick/dev/pi_bot_ws/install/motor_driver/share/motor_driver/local_setup.dsv
-- Installing: /home/nick/dev/pi_bot_ws/install/motor_driver/share/motor_driver/package.dsv
-- Up-to-date: /home/nick/dev/pi_bot_ws/install/motor_driver/share/ament_index/resource_index/packages/motor_driver
-- Up-to-date: /home/nick/dev/pi_bot_ws/install/motor_driver/share/motor_driver/cmake/motor_driverConfig.cmake
-- Up-to-date: /home/nick/dev/pi_bot_ws/install/motor_driver/share/motor_driver/cmake/motor_driverConfig-version.cmake
-- Up-to-date: /home/nick/dev/pi_bot_ws/install/motor_driver/share/motor_driver/package.xml
