[0.027s] Invoking command in '/home/nick/dev/pi_bot_ws/build/motor_driver': DEBUGINFOD_URLS=https://debuginfod.archlinux.org _=/usr/bin/env /usr/bin/cmake --build /home/nick/dev/pi_bot_ws/build/motor_driver -- -j12 -l12
[0.122s] [ 40%] [32mBuilding CXX object CMakeFiles/motor_driver.dir/src/motor_hat.cpp.o[0m
[0.122s] [ 40%] [32mBuilding CXX object CMakeFiles/motor_driver.dir/src/pwm_driver.cpp.o[0m
[0.738s] In file included from [01m[K/usr/include/c++/15.1.1/bits/stl_tempbuf.h:61[m[K,
[0.738s]                  from [01m[K/usr/include/c++/15.1.1/memory:68[m[K,
[0.739s]                  from [01m[K/home/nick/dev/pi_bot_ws/src/motor_driver/include/motor_driver/motor_hat.hpp:5[m[K,
[0.739s]                  from [01m[K/home/nick/dev/pi_bot_ws/src/motor_driver/src/motor_hat.cpp:2[m[K:
[0.739s] /usr/include/c++/15.1.1/bits/stl_construct.h: In instantiation of ‘[01m[Kvoid std::[01;32m[K_Construct[m[K(_Tp*, _Args&& ...) [35m[K[with _Tp = Motor; _Args = {PWM&, int&}][m[K[m[K’:
[0.739s] [01m[K/usr/include/c++/15.1.1/bits/alloc_traits.h:805:19:[m[K   required from ‘[01m[Kstatic void std::allocator_traits<std::allocator<void> >::[01;32m[Kconstruct[m[K(allocator_type&, _Up*, _Args&& ...) [35m[K[with _Up = Motor; _Args = {PWM&, int&}; allocator_type = std::allocator<void>][m[K[m[K’
[0.739s]   805 |         { [01;36m[Kstd::_Construct(__p, std::forward<_Args>(__args)...)[m[K; }
[0.739s]       |           [01;36m[K~~~~~~~~~~~~~~~^~~~~~~~~~~~~~~~~~~~~~~~~~~~~~~~~~~~~[m[K
[0.739s] [01m[K/usr/include/c++/15.1.1/bits/shared_ptr_base.h:606:39:[m[K   required from ‘[01m[Kstd::_Sp_counted_ptr_inplace<_Tp, _Alloc, _Lp>::[01;32m[K_Sp_counted_ptr_inplace[m[K(_Alloc, _Args&& ...) [35m[K[with _Args = {PWM&, int&}; _Tp = Motor; _Alloc = std::allocator<void>; __gnu_cxx::_Lock_policy _Lp = __gnu_cxx::_S_atomic][m[K[m[K’
[0.739s]   606 |           [01;36m[Kallocator_traits<_Alloc>::construct(__a, _M_ptr(),[m[K
[0.739s]       |           [01;36m[K~~~~~~~~~~~~~~~~~~~~~~~~~~~~~~~~~~~^~~~~~~~~~~~~~~[m[K
[0.739s]   607 | [01;36m[K              std::forward<_Args>(__args)...)[m[K; // might throw
[0.740s]       |               [01;36m[K~~~~~~~~~~~~~~~~~~~~~~~~~~~~~~~[m[K 
[0.740s] [01m[K/usr/include/c++/15.1.1/bits/shared_ptr_base.h:969:16:[m[K   required from ‘[01m[Kstd::__shared_count<_Lp>::[01;32m[K__shared_count[m[K(_Tp*&, std::_Sp_alloc_shared_tag<_Alloc>, _Args&& ...) [35m[K[with _Tp = Motor; _Alloc = std::allocator<void>; _Args = {PWM&, int&}; __gnu_cxx::_Lock_policy _Lp = __gnu_cxx::_S_atomic][m[K[m[K’
[0.740s]   969 |           auto __pi = [01;36m[K::new (__mem)[m[K
[0.740s]       |                       [01;36m[K^~~~~~~~~~~~~[m[K
[0.740s]   970 | [01;36m[K            _Sp_cp_type(__a._M_a, std::forward<_Args>(__args)...)[m[K;
[0.740s]       |             [01;36m[K~~~~~~~~~~~~~~~~~~~~~~~~~~~~~~~~~~~~~~~~~~~~~~~~~~~~~[m[K
[0.740s] [01m[K/usr/include/c++/15.1.1/bits/shared_ptr_base.h:1719:14:[m[K   required from ‘[01m[Kstd::__shared_ptr<_Tp, _Lp>::[01;32m[K__shared_ptr[m[K(std::_Sp_alloc_shared_tag<_Tp>, _Args&& ...) [35m[K[with _Alloc = std::allocator<void>; _Args = {PWM&, int&}; _Tp = Motor; __gnu_cxx::_Lock_policy _Lp = __gnu_cxx::_S_atomic][m[K[m[K’
[0.740s]  1719 |         : _M_ptr(), [01;36m[K_M_refcount(_M_ptr, __tag, std::forward<_Args>(__args)...)[m[K
[0.740s]       |                     [01;36m[K^~~~~~~~~~~~~~~~~~~~~~~~~~~~~~~~~~~~~~~~~~~~~~~~~~~~~~~~~~[m[K
[0.740s] [01m[K/usr/include/c++/15.1.1/bits/shared_ptr.h:463:59:[m[K   required from ‘[01m[Kstd::shared_ptr<_Tp>::[01;32m[Kshared_ptr[m[K(std::_Sp_alloc_shared_tag<_Tp>, _Args&& ...) [35m[K[with _Alloc = std::allocator<void>; _Args = {PWM&, int&}; _Tp = Motor][m[K[m[K’
[0.740s]   463 |         : __shared_ptr<_Tp>(__tag, std::forward<_Args>(__args)...[01;36m[K)[m[K
[0.740s]       |                                                                  [01;36m[K^[m[K
[0.740s] [01m[K/usr/include/c++/15.1.1/bits/shared_ptr.h:1007:14:[m[K   required from ‘[01m[Kstd::shared_ptr<typename std::enable_if<(! std::is_array<_Tp>::value), _Tp>::type> std::[01;32m[Kmake_shared[m[K(_Args&& ...) [35m[K[with _Tp = Motor; _Args = {PWM&, int&}; typename enable_if<(! is_array<_Tp>::value), _Tp>::type = Motor][m[K[m[K’
[0.741s]  1007 |       return [01;36m[Kshared_ptr<_Tp>(_Sp_alloc_shared_tag<_Alloc>{__a},[m[K
[0.741s]       |              [01;36m[K^~~~~~~~~~~~~~~~~~~~~~~~~~~~~~~~~~~~~~~~~~~~~~~~~~[m[K
[0.741s]  1008 | [01;36m[K                             std::forward<_Args>(__args)...)[m[K;
[0.741s]       |                              [01;36m[K~~~~~~~~~~~~~~~~~~~~~~~~~~~~~~~[m[K
[0.741s] [01m[K/home/nick/dev/pi_bot_ws/src/motor_driver/src/motor_hat.cpp:9:44:[m[K   required from here
[0.741s]     9 |         motors[i] = [01;36m[Kstd::make_shared<Motor>(this->pwm, i)[m[K;
[0.741s]       |                     [01;36m[K~~~~~~~~~~~~~~~~~~~~~~~^~~~~~~~~~~~~~[m[K
[0.741s] [01m[K/usr/include/c++/15.1.1/bits/stl_construct.h:133:7:[m[K [01;31m[Kerror: [m[Kno matching function for call to ‘[01m[KMotor::Motor(PWM&, int&)[m[K’
[0.741s]   133 |       [01;31m[K::new(static_cast<void*>(__p)) _Tp(std::forward<_Args>(__args)...)[m[K;
[0.741s]       |       [01;31m[K^~~~~~~~~~~~~~~~~~~~~~~~~~~~~~~~~~~~~~~~~~~~~~~~~~~~~~~~~~~~~~~~~~[m[K
[0.741s] [01m[K/usr/include/c++/15.1.1/bits/stl_construct.h:133:7:[m[K [01;36m[Knote: [m[Kthere are 3 candidates
[0.741s] In file included from [01m[K/home/nick/dev/pi_bot_ws/src/motor_driver/include/motor_driver/motor_hat.hpp:9[m[K:
[0.742s] [01m[K/home/nick/dev/pi_bot_ws/src/motor_driver/include/motor_driver/motor.hpp:18:5:[m[K [01;36m[Knote: [m[Kcandidate 1: ‘[01m[KMotor::[01;32m[KMotor[m[K(MotorHat*, int)[m[K’
[0.742s]    18 |     [01;36m[KMotor[m[K(MotorHat* hat, int motor_channel);
[0.742s]       |     [01;36m[K^~~~~[m[K
[0.742s] [01m[K/home/nick/dev/pi_bot_ws/src/motor_driver/include/motor_driver/motor.hpp:18:21:[m[K [01;36m[Knote: [m[Kno known conversion for argument 1 from ‘[01m[K[01;32m[KPWM[m[K[m[K’ to ‘[01m[K[01;34m[KMotorHat*[m[K[m[K’
[0.742s]    18 |     Motor([01;36m[KMotorHat* hat[m[K, int motor_channel);
[0.742s]       |           [01;36m[K~~~~~~~~~~^~~[m[K
[0.742s] [01m[K/home/nick/dev/pi_bot_ws/src/motor_driver/include/motor_driver/motor.hpp:10:7:[m[K [01;36m[Knote: [m[Kcandidate 2: ‘[01m[Kconstexpr Motor::[01;32m[KMotor[m[K(const Motor&)[m[K’
[0.742s]    10 | class [01;36m[KMotor[m[K {
[0.742s]       |       [01;36m[K^~~~~[m[K
[0.742s] [01m[K/home/nick/dev/pi_bot_ws/src/motor_driver/include/motor_driver/motor.hpp:10:7:[m[K [01;36m[Knote: [m[Kcandidate expects 1 argument, 2 provided
[0.742s] [01m[K/home/nick/dev/pi_bot_ws/src/motor_driver/include/motor_driver/motor.hpp:10:7:[m[K [01;36m[Knote: [m[Kcandidate 3: ‘[01m[Kconstexpr Motor::[01;32m[KMotor[m[K(Motor&&)[m[K’
[0.742s] [01m[K/home/nick/dev/pi_bot_ws/src/motor_driver/include/motor_driver/motor.hpp:10:7:[m[K [01;36m[Knote: [m[Kcandidate expects 1 argument, 2 provided
[0.753s] make[2]: *** [CMakeFiles/motor_driver.dir/build.make:107: CMakeFiles/motor_driver.dir/src/motor_hat.cpp.o] Error 1
[0.754s] make[1]: *** [CMakeFiles/Makefile2:153: CMakeFiles/motor_driver.dir/all] Error 2
[0.754s] make: *** [Makefile:146: all] Error 2
[0.759s] Invoked command in '/home/nick/dev/pi_bot_ws/build/motor_driver' returned '2': DEBUGINFOD_URLS=https://debuginfod.archlinux.org _=/usr/bin/env /usr/bin/cmake --build /home/nick/dev/pi_bot_ws/build/motor_driver -- -j12 -l12
