[0.112s] Invoking command in '/home/pi/pi_bot_ws/build/motor_driver': CMAKE_PREFIX_PATH=${CMAKE_PREFIX_PATH}:/opt/ros/humble /usr/bin/cmake --build /home/pi/pi_bot_ws/build/motor_driver -- -j4 -l4
[0.539s] [100%] Built target motor_driver
[0.617s] Invoked command in '/home/pi/pi_bot_ws/build/motor_driver' returned '0': CMAKE_PREFIX_PATH=${CMAKE_PREFIX_PATH}:/opt/ros/humble /usr/bin/cmake --build /home/pi/pi_bot_ws/build/motor_driver -- -j4 -l4
[0.695s] Invoking command in '/home/pi/pi_bot_ws/build/motor_driver': CMAKE_PREFIX_PATH=${CMAKE_PREFIX_PATH}:/opt/ros/humble /usr/bin/cmake --install /home/pi/pi_bot_ws/build/motor_driver
[0.749s] -- Install configuration: ""
[0.750s] -- Up-to-date: /home/pi/pi_bot_ws/install/motor_driver/lib/libmotor_driver.a
[0.751s] -- Up-to-date: /home/pi/pi_bot_ws/install/motor_driver/include/
[0.753s] -- Up-to-date: /home/pi/pi_bot_ws/install/motor_driver/include//motor_driver
[0.754s] -- Up-to-date: /home/pi/pi_bot_ws/install/motor_driver/include//motor_driver/motor_hat.hpp
[0.755s] -- Up-to-date: /home/pi/pi_bot_ws/install/motor_driver/include//motor_driver/pwm_driver.hpp
[0.756s] -- Up-to-date: /home/pi/pi_bot_ws/install/motor_driver/include//motor_driver/motor.hpp
[0.758s] -- Up-to-date: /home/pi/pi_bot_ws/install/motor_driver/include//i2c_comm_cpp
[0.759s] -- Up-to-date: /home/pi/pi_bot_ws/install/motor_driver/include//i2c_comm_cpp/i2c-dev.h
[0.760s] -- Up-to-date: /home/pi/pi_bot_ws/install/motor_driver/include//i2c_comm_cpp/i2c_utils.hpp
[0.761s] -- Up-to-date: /home/pi/pi_bot_ws/install/motor_driver/share/ament_index/resource_index/package_run_dependencies/motor_driver
[0.763s] -- Up-to-date: /home/pi/pi_bot_ws/install/motor_driver/share/ament_index/resource_index/parent_prefix_path/motor_driver
[0.763s] -- Up-to-date: /home/pi/pi_bot_ws/install/motor_driver/share/motor_driver/environment/ament_prefix_path.sh
[0.765s] -- Up-to-date: /home/pi/pi_bot_ws/install/motor_driver/share/motor_driver/environment/ament_prefix_path.dsv
[0.766s] -- Up-to-date: /home/pi/pi_bot_ws/install/motor_driver/share/motor_driver/environment/path.sh
[0.767s] -- Up-to-date: /home/pi/pi_bot_ws/install/motor_driver/share/motor_driver/environment/path.dsv
[0.768s] -- Up-to-date: /home/pi/pi_bot_ws/install/motor_driver/share/motor_driver/local_setup.bash
[0.769s] -- Up-to-date: /home/pi/pi_bot_ws/install/motor_driver/share/motor_driver/local_setup.sh
[0.770s] -- Up-to-date: /home/pi/pi_bot_ws/install/motor_driver/share/motor_driver/local_setup.zsh
[0.772s] -- Up-to-date: /home/pi/pi_bot_ws/install/motor_driver/share/motor_driver/local_setup.dsv
[0.773s] -- Installing: /home/pi/pi_bot_ws/install/motor_driver/share/motor_driver/package.dsv
[0.774s] -- Up-to-date: /home/pi/pi_bot_ws/install/motor_driver/share/ament_index/resource_index/packages/motor_driver
[0.775s] -- Up-to-date: /home/pi/pi_bot_ws/install/motor_driver/share/motor_driver/cmake/export_motor_driverExport.cmake
[0.776s] -- Up-to-date: /home/pi/pi_bot_ws/install/motor_driver/share/motor_driver/cmake/export_motor_driverExport-noconfig.cmake
[0.777s] -- Up-to-date: /home/pi/pi_bot_ws/install/motor_driver/share/motor_driver/cmake/ament_cmake_export_include_directories-extras.cmake
[0.778s] -- Up-to-date: /home/pi/pi_bot_ws/install/motor_driver/share/motor_driver/cmake/ament_cmake_export_dependencies-extras.cmake
[0.778s] -- Up-to-date: /home/pi/pi_bot_ws/install/motor_driver/share/motor_driver/cmake/ament_cmake_export_targets-extras.cmake
[0.779s] -- Up-to-date: /home/pi/pi_bot_ws/install/motor_driver/share/motor_driver/cmake/motor_driverConfig.cmake
[0.780s] -- Up-to-date: /home/pi/pi_bot_ws/install/motor_driver/share/motor_driver/cmake/motor_driverConfig-version.cmake
[0.782s] -- Up-to-date: /home/pi/pi_bot_ws/install/motor_driver/share/motor_driver/package.xml
[0.788s] Invoked command in '/home/pi/pi_bot_ws/build/motor_driver' returned '0': CMAKE_PREFIX_PATH=${CMAKE_PREFIX_PATH}:/opt/ros/humble /usr/bin/cmake --install /home/pi/pi_bot_ws/build/motor_driver
