[0.031s] Invoking command in '/home/nick/dev/pi_bot_ws/build/motor_driver': DEBUGINFOD_URLS=https://debuginfod.archlinux.org _=/usr/bin/env /usr/bin/cmake /home/nick/dev/pi_bot_ws/src/motor_driver -DCMAKE_EXPORT_COMPILE_COMMANDS=ON -DCMAKE_INSTALL_PREFIX=/home/nick/dev/pi_bot_ws/install/motor_driver
[0.044s] [0mCMake Deprecation Warning at CMakeLists.txt:1 (cmake_minimum_required):
[0.044s]   Compatibility with CMake < 3.10 will be removed from a future version of
[0.044s]   CMake.
[0.044s] 
[0.044s]   Update the VERSION argument <min> value.  Or, use the <min>...<max> syntax
[0.044s]   to tell CMake that the project requires at least <min> but has been updated
[0.045s]   to work with policies introduced by <max> or earlier.
[0.045s] 
[0.045s] [0m
[0.067s] -- Found ament_cmake: 1.3.11 (/home/nick/ros2-humble/src/install/share/ament_cmake/cmake)
[0.378s] -- Found rclcpp: 16.0.12 (/home/nick/ros2-humble/src/install/share/rclcpp/cmake)
[0.424s] -- Found rosidl_generator_c: 3.1.6 (/home/nick/ros2-humble/src/install/share/rosidl_generator_c/cmake)
[0.429s] -- Found rosidl_adapter: 3.1.6 (/home/nick/ros2-humble/src/install/share/rosidl_adapter/cmake)
[0.438s] -- Found rosidl_generator_cpp: 3.1.6 (/home/nick/ros2-humble/src/install/share/rosidl_generator_cpp/cmake)
[0.454s] -- Using all available rosidl_typesupport_c: rosidl_typesupport_fastrtps_c;rosidl_typesupport_introspection_c
[0.475s] -- Using all available rosidl_typesupport_cpp: rosidl_typesupport_fastrtps_cpp;rosidl_typesupport_introspection_cpp
[0.531s] -- Found rmw_implementation_cmake: 6.1.2 (/home/nick/ros2-humble/src/install/share/rmw_implementation_cmake/cmake)
[0.533s] -- Found rmw_fastrtps_cpp: 6.2.7 (/home/nick/ros2-humble/src/install/share/rmw_fastrtps_cpp/cmake)
[0.643s] -- Using RMW implementation 'rmw_fastrtps_cpp' as default
[0.735s] -- Found ament_lint_auto: 0.12.12 (/home/nick/ros2-humble/src/install/share/ament_lint_auto/cmake)
[0.892s] -- Added test 'cppcheck' to perform static code analysis on C / C++ code
[0.892s] -- Configured cppcheck include dirs: /home/nick/dev/pi_bot_ws/src/motor_driver/include
[0.892s] -- Configured cppcheck exclude dirs and/or files: 
[0.893s] -- Added test 'lint_cmake' to check CMake code style
[0.895s] -- Added test 'uncrustify' to check C / C++ code style
[0.895s] -- Configured uncrustify additional arguments: 
[0.895s] -- Added test 'xmllint' to check XML markup files
[0.896s] -- Configuring done (0.9s)
[0.913s] -- Generating done (0.0s)
[0.915s] -- Build files have been written to: /home/nick/dev/pi_bot_ws/build/motor_driver
[0.929s] Invoked command in '/home/nick/dev/pi_bot_ws/build/motor_driver' returned '0': DEBUGINFOD_URLS=https://debuginfod.archlinux.org _=/usr/bin/env /usr/bin/cmake /home/nick/dev/pi_bot_ws/src/motor_driver -DCMAKE_EXPORT_COMPILE_COMMANDS=ON -DCMAKE_INSTALL_PREFIX=/home/nick/dev/pi_bot_ws/install/motor_driver
[0.931s] Invoking command in '/home/nick/dev/pi_bot_ws/build/motor_driver': DEBUGINFOD_URLS=https://debuginfod.archlinux.org _=/usr/bin/env /usr/bin/cmake --build /home/nick/dev/pi_bot_ws/build/motor_driver -- -j12 -l12
[1.030s] [ 40%] [32mBuilding CXX object CMakeFiles/motor_driver.dir/src/motor_hat.cpp.o[0m
[1.030s] [ 40%] [32mBuilding CXX object CMakeFiles/motor_driver.dir/src/motor.cpp.o[0m
[1.448s] In file included from [01m[K/usr/include/c++/15.1.1/bits/stl_tempbuf.h:61[m[K,
[1.448s]                  from [01m[K/usr/include/c++/15.1.1/memory:68[m[K,
[1.448s]                  from [01m[K/home/nick/dev/pi_bot_ws/src/motor_driver/include/motor_driver/motor_hat.hpp:5[m[K,
[1.448s]                  from [01m[K/home/nick/dev/pi_bot_ws/src/motor_driver/src/motor_hat.cpp:2[m[K:
[1.448s] /usr/include/c++/15.1.1/bits/stl_construct.h: In instantiation of ‘[01m[Kvoid std::[01;32m[K_Construct[m[K(_Tp*, _Args&& ...) [35m[K[with _Tp = Motor; _Args = {PWM&, int&}][m[K[m[K’:
[1.448s] [01m[K/usr/include/c++/15.1.1/bits/alloc_traits.h:805:19:[m[K   required from ‘[01m[Kstatic void std::allocator_traits<std::allocator<void> >::[01;32m[Kconstruct[m[K(allocator_type&, _Up*, _Args&& ...) [35m[K[with _Up = Motor; _Args = {PWM&, int&}; allocator_type = std::allocator<void>][m[K[m[K’
[1.448s]   805 |         { [01;36m[Kstd::_Construct(__p, std::forward<_Args>(__args)...)[m[K; }
[1.448s]       |           [01;36m[K~~~~~~~~~~~~~~~^~~~~~~~~~~~~~~~~~~~~~~~~~~~~~~~~~~~~[m[K
[1.449s] [01m[K/usr/include/c++/15.1.1/bits/shared_ptr_base.h:606:39:[m[K   required from ‘[01m[Kstd::_Sp_counted_ptr_inplace<_Tp, _Alloc, _Lp>::[01;32m[K_Sp_counted_ptr_inplace[m[K(_Alloc, _Args&& ...) [35m[K[with _Args = {PWM&, int&}; _Tp = Motor; _Alloc = std::allocator<void>; __gnu_cxx::_Lock_policy _Lp = __gnu_cxx::_S_atomic][m[K[m[K’
[1.449s]   606 |           [01;36m[Kallocator_traits<_Alloc>::construct(__a, _M_ptr(),[m[K
[1.449s]       |           [01;36m[K~~~~~~~~~~~~~~~~~~~~~~~~~~~~~~~~~~~^~~~~~~~~~~~~~~[m[K
[1.449s]   607 | [01;36m[K              std::forward<_Args>(__args)...)[m[K; // might throw
[1.449s]       |               [01;36m[K~~~~~~~~~~~~~~~~~~~~~~~~~~~~~~~[m[K 
[1.449s] [01m[K/usr/include/c++/15.1.1/bits/shared_ptr_base.h:969:16:[m[K   required from ‘[01m[Kstd::__shared_count<_Lp>::[01;32m[K__shared_count[m[K(_Tp*&, std::_Sp_alloc_shared_tag<_Alloc>, _Args&& ...) [35m[K[with _Tp = Motor; _Alloc = std::allocator<void>; _Args = {PWM&, int&}; __gnu_cxx::_Lock_policy _Lp = __gnu_cxx::_S_atomic][m[K[m[K’
[1.449s]   969 |           auto __pi = [01;36m[K::new (__mem)[m[K
[1.449s]       |                       [01;36m[K^~~~~~~~~~~~~[m[K
[1.449s]   970 | [01;36m[K            _Sp_cp_type(__a._M_a, std::forward<_Args>(__args)...)[m[K;
[1.449s]       |             [01;36m[K~~~~~~~~~~~~~~~~~~~~~~~~~~~~~~~~~~~~~~~~~~~~~~~~~~~~~[m[K
[1.449s] [01m[K/usr/include/c++/15.1.1/bits/shared_ptr_base.h:1719:14:[m[K   required from ‘[01m[Kstd::__shared_ptr<_Tp, _Lp>::[01;32m[K__shared_ptr[m[K(std::_Sp_alloc_shared_tag<_Tp>, _Args&& ...) [35m[K[with _Alloc = std::allocator<void>; _Args = {PWM&, int&}; _Tp = Motor; __gnu_cxx::_Lock_policy _Lp = __gnu_cxx::_S_atomic][m[K[m[K’
[1.449s]  1719 |         : _M_ptr(), [01;36m[K_M_refcount(_M_ptr, __tag, std::forward<_Args>(__args)...)[m[K
[1.449s]       |                     [01;36m[K^~~~~~~~~~~~~~~~~~~~~~~~~~~~~~~~~~~~~~~~~~~~~~~~~~~~~~~~~~[m[K
[1.449s] [01m[K/usr/include/c++/15.1.1/bits/shared_ptr.h:463:59:[m[K   required from ‘[01m[Kstd::shared_ptr<_Tp>::[01;32m[Kshared_ptr[m[K(std::_Sp_alloc_shared_tag<_Tp>, _Args&& ...) [35m[K[with _Alloc = std::allocator<void>; _Args = {PWM&, int&}; _Tp = Motor][m[K[m[K’
[1.449s]   463 |         : __shared_ptr<_Tp>(__tag, std::forward<_Args>(__args)...[01;36m[K)[m[K
[1.449s]       |                                                                  [01;36m[K^[m[K
[1.449s] [01m[K/usr/include/c++/15.1.1/bits/shared_ptr.h:1007:14:[m[K   required from ‘[01m[Kstd::shared_ptr<typename std::enable_if<(! std::is_array<_Tp>::value), _Tp>::type> std::[01;32m[Kmake_shared[m[K(_Args&& ...) [35m[K[with _Tp = Motor; _Args = {PWM&, int&}; typename enable_if<(! is_array<_Tp>::value), _Tp>::type = Motor][m[K[m[K’
[1.449s]  1007 |       return [01;36m[Kshared_ptr<_Tp>(_Sp_alloc_shared_tag<_Alloc>{__a},[m[K
[1.449s]       |              [01;36m[K^~~~~~~~~~~~~~~~~~~~~~~~~~~~~~~~~~~~~~~~~~~~~~~~~~[m[K
[1.449s]  1008 | [01;36m[K                             std::forward<_Args>(__args)...)[m[K;
[1.449s]       |                              [01;36m[K~~~~~~~~~~~~~~~~~~~~~~~~~~~~~~~[m[K
[1.449s] [01m[K/home/nick/dev/pi_bot_ws/src/motor_driver/src/motor_hat.cpp:9:44:[m[K   required from here
[1.449s]     9 |         motors[i] = [01;36m[Kstd::make_shared<Motor>(this->pwm, i)[m[K;
[1.449s]       |                     [01;36m[K~~~~~~~~~~~~~~~~~~~~~~~^~~~~~~~~~~~~~[m[K
[1.449s] [01m[K/usr/include/c++/15.1.1/bits/stl_construct.h:133:7:[m[K [01;31m[Kerror: [m[Kno matching function for call to ‘[01m[KMotor::Motor(PWM&, int&)[m[K’
[1.449s]   133 |       [01;31m[K::new(static_cast<void*>(__p)) _Tp(std::forward<_Args>(__args)...)[m[K;
[1.449s]       |       [01;31m[K^~~~~~~~~~~~~~~~~~~~~~~~~~~~~~~~~~~~~~~~~~~~~~~~~~~~~~~~~~~~~~~~~~[m[K
[1.449s] [01m[K/usr/include/c++/15.1.1/bits/stl_construct.h:133:7:[m[K [01;36m[Knote: [m[Kthere are 3 candidates
[1.449s] In file included from [01m[K/home/nick/dev/pi_bot_ws/src/motor_driver/include/motor_driver/motor_hat.hpp:9[m[K:
[1.450s] [01m[K/home/nick/dev/pi_bot_ws/src/motor_driver/include/motor_driver/motor.hpp:19:5:[m[K [01;36m[Knote: [m[Kcandidate 1: ‘[01m[KMotor::[01;32m[KMotor[m[K(MotorHat*, int)[m[K’
[1.450s]    19 |     [01;36m[KMotor[m[K(MotorHat* hat, int motor_channel);
[1.450s]       |     [01;36m[K^~~~~[m[K
[1.450s] [01m[K/home/nick/dev/pi_bot_ws/src/motor_driver/include/motor_driver/motor.hpp:19:21:[m[K [01;36m[Knote: [m[Kno known conversion for argument 1 from ‘[01m[K[01;32m[KPWM[m[K[m[K’ to ‘[01m[K[01;34m[KMotorHat*[m[K[m[K’
[1.450s]    19 |     Motor([01;36m[KMotorHat* hat[m[K, int motor_channel);
[1.450s]       |           [01;36m[K~~~~~~~~~~^~~[m[K
[1.450s] [01m[K/home/nick/dev/pi_bot_ws/src/motor_driver/include/motor_driver/motor.hpp:11:7:[m[K [01;36m[Knote: [m[Kcandidate 2: ‘[01m[Kconstexpr Motor::[01;32m[KMotor[m[K(const Motor&)[m[K’
[1.450s]    11 | class [01;36m[KMotor[m[K {
[1.450s]       |       [01;36m[K^~~~~[m[K
[1.450s] [01m[K/home/nick/dev/pi_bot_ws/src/motor_driver/include/motor_driver/motor.hpp:11:7:[m[K [01;36m[Knote: [m[Kcandidate expects 1 argument, 2 provided
[1.450s] [01m[K/home/nick/dev/pi_bot_ws/src/motor_driver/include/motor_driver/motor.hpp:11:7:[m[K [01;36m[Knote: [m[Kcandidate 3: ‘[01m[Kconstexpr Motor::[01;32m[KMotor[m[K(Motor&&)[m[K’
[1.450s] [01m[K/home/nick/dev/pi_bot_ws/src/motor_driver/include/motor_driver/motor.hpp:11:7:[m[K [01;36m[Knote: [m[Kcandidate expects 1 argument, 2 provided
[1.458s] make[2]: *** [CMakeFiles/motor_driver.dir/build.make:107: CMakeFiles/motor_driver.dir/src/motor_hat.cpp.o] Error 1
[1.458s] make[2]: *** Waiting for unfinished jobs....
[1.467s] make[1]: *** [CMakeFiles/Makefile2:153: CMakeFiles/motor_driver.dir/all] Error 2
[1.467s] make: *** [Makefile:146: all] Error 2
[1.470s] Invoked command in '/home/nick/dev/pi_bot_ws/build/motor_driver' returned '2': DEBUGINFOD_URLS=https://debuginfod.archlinux.org _=/usr/bin/env /usr/bin/cmake --build /home/nick/dev/pi_bot_ws/build/motor_driver -- -j12 -l12
