[0.021s] Invoking command in '/home/nick/dev/pi_bot_ws/build/motor_driver': DEBUGINFOD_URLS=https://debuginfod.archlinux.org _=/usr/bin/env /usr/bin/cmake --build /home/nick/dev/pi_bot_ws/build/motor_driver -- -j12 -l12
[0.046s] [0mCMake Deprecation Warning at CMakeLists.txt:1 (cmake_minimum_required):
[0.046s]   Compatibility with CMake < 3.10 will be removed from a future version of
[0.046s]   CMake.
[0.046s] 
[0.046s]   Update the VERSION argument <min> value.  Or, use the <min>...<max> syntax
[0.046s]   to tell CMake that the project requires at least <min> but has been updated
[0.046s]   to work with policies introduced by <max> or earlier.
[0.046s] 
[0.046s] [0m
[0.062s] -- Found ament_cmake: 1.3.11 (/home/nick/ros2-humble/src/install/share/ament_cmake/cmake)
[0.243s] -- Found rclcpp: 16.0.12 (/home/nick/ros2-humble/src/install/share/rclcpp/cmake)
[0.265s] -- Found rosidl_generator_c: 3.1.6 (/home/nick/ros2-humble/src/install/share/rosidl_generator_c/cmake)
[0.267s] -- Found rosidl_adapter: 3.1.6 (/home/nick/ros2-humble/src/install/share/rosidl_adapter/cmake)
[0.271s] -- Found rosidl_generator_cpp: 3.1.6 (/home/nick/ros2-humble/src/install/share/rosidl_generator_cpp/cmake)
[0.278s] -- Using all available rosidl_typesupport_c: rosidl_typesupport_fastrtps_c;rosidl_typesupport_introspection_c
[0.287s] -- Using all available rosidl_typesupport_cpp: rosidl_typesupport_fastrtps_cpp;rosidl_typesupport_introspection_cpp
[0.313s] -- Found rmw_implementation_cmake: 6.1.2 (/home/nick/ros2-humble/src/install/share/rmw_implementation_cmake/cmake)
[0.314s] -- Found rmw_fastrtps_cpp: 6.2.7 (/home/nick/ros2-humble/src/install/share/rmw_fastrtps_cpp/cmake)
[0.368s] -- Using RMW implementation 'rmw_fastrtps_cpp' as default
[0.411s] -- Found ament_lint_auto: 0.12.12 (/home/nick/ros2-humble/src/install/share/ament_lint_auto/cmake)
[0.484s] -- Added test 'copyright' to check source files copyright and LICENSE
[0.485s] -- Added test 'cppcheck' to perform static code analysis on C / C++ code
[0.485s] -- Configured cppcheck include dirs: /home/nick/dev/pi_bot_ws/src/motor_driver/include;$<BUILD_INTERFACE:/home/nick/dev/pi_bot_ws/src/motor_driver/include>
[0.485s] -- Configured cppcheck exclude dirs and/or files: 
[0.486s] -- Added test 'cpplint' to check C / C++ code against the Google style
[0.486s] -- Configured cpplint exclude dirs and/or files: 
[0.486s] -- Added test 'lint_cmake' to check CMake code style
[0.487s] -- Added test 'uncrustify' to check C / C++ code style
[0.487s] -- Configured uncrustify additional arguments: 
[0.487s] -- Added test 'xmllint' to check XML markup files
[0.488s] -- Configuring done (0.4s)
[0.496s] -- Generating done (0.0s)
[0.497s] -- Build files have been written to: /home/nick/dev/pi_bot_ws/build/motor_driver
[0.539s] [ 60%] [32mBuilding CXX object CMakeFiles/motor_driver.dir/src/motor_hat.cpp.o[0m
[0.539s] [ 60%] [32mBuilding CXX object CMakeFiles/motor_driver.dir/src/i2c_utils.cpp.o[0m
[0.539s] [ 60%] [32mBuilding CXX object CMakeFiles/motor_driver.dir/src/motor.cpp.o[0m
[0.539s] [ 80%] [32mBuilding CXX object CMakeFiles/motor_driver.dir/src/pwm_driver.cpp.o[0m
[1.022s] [100%] [32m[1mLinking CXX static library libmotor_driver.a[0m
[1.067s] [100%] Built target motor_driver
[1.077s] Invoked command in '/home/nick/dev/pi_bot_ws/build/motor_driver' returned '0': DEBUGINFOD_URLS=https://debuginfod.archlinux.org _=/usr/bin/env /usr/bin/cmake --build /home/nick/dev/pi_bot_ws/build/motor_driver -- -j12 -l12
[1.084s] Invoking command in '/home/nick/dev/pi_bot_ws/build/motor_driver': DEBUGINFOD_URLS=https://debuginfod.archlinux.org _=/usr/bin/env /usr/bin/cmake --install /home/nick/dev/pi_bot_ws/build/motor_driver
[1.090s] -- Install configuration: ""
[1.090s] -- Installing: /home/nick/dev/pi_bot_ws/install/motor_driver/lib/libmotor_driver.a
[1.090s] -- Up-to-date: /home/nick/dev/pi_bot_ws/install/motor_driver/include/
[1.090s] -- Up-to-date: /home/nick/dev/pi_bot_ws/install/motor_driver/include//motor_driver
[1.090s] -- Up-to-date: /home/nick/dev/pi_bot_ws/install/motor_driver/include//motor_driver/pwm_driver.hpp
[1.090s] -- Up-to-date: /home/nick/dev/pi_bot_ws/install/motor_driver/include//motor_driver/motor_hat.hpp
[1.090s] -- Up-to-date: /home/nick/dev/pi_bot_ws/install/motor_driver/include//motor_driver/motor.hpp
[1.090s] -- Up-to-date: /home/nick/dev/pi_bot_ws/install/motor_driver/include//i2c_comm_cpp
[1.090s] -- Installing: /home/nick/dev/pi_bot_ws/install/motor_driver/include//i2c_comm_cpp/i2c-dev.h
[1.091s] -- Installing: /home/nick/dev/pi_bot_ws/install/motor_driver/include//i2c_comm_cpp/i2c_utils.hpp
[1.091s] -- Up-to-date: /home/nick/dev/pi_bot_ws/install/motor_driver/share/ament_index/resource_index/package_run_dependencies/motor_driver
[1.091s] -- Up-to-date: /home/nick/dev/pi_bot_ws/install/motor_driver/share/ament_index/resource_index/parent_prefix_path/motor_driver
[1.091s] -- Up-to-date: /home/nick/dev/pi_bot_ws/install/motor_driver/share/motor_driver/environment/ament_prefix_path.sh
[1.091s] -- Installing: /home/nick/dev/pi_bot_ws/install/motor_driver/share/motor_driver/environment/ament_prefix_path.dsv
[1.091s] -- Up-to-date: /home/nick/dev/pi_bot_ws/install/motor_driver/share/motor_driver/environment/path.sh
[1.091s] -- Installing: /home/nick/dev/pi_bot_ws/install/motor_driver/share/motor_driver/environment/path.dsv
[1.091s] -- Up-to-date: /home/nick/dev/pi_bot_ws/install/motor_driver/share/motor_driver/local_setup.bash
[1.091s] -- Up-to-date: /home/nick/dev/pi_bot_ws/install/motor_driver/share/motor_driver/local_setup.sh
[1.091s] -- Up-to-date: /home/nick/dev/pi_bot_ws/install/motor_driver/share/motor_driver/local_setup.zsh
[1.091s] -- Installing: /home/nick/dev/pi_bot_ws/install/motor_driver/share/motor_driver/local_setup.dsv
[1.091s] -- Installing: /home/nick/dev/pi_bot_ws/install/motor_driver/share/motor_driver/package.dsv
[1.091s] -- Up-to-date: /home/nick/dev/pi_bot_ws/install/motor_driver/share/ament_index/resource_index/packages/motor_driver
[1.091s] -- Old export file "/home/nick/dev/pi_bot_ws/install/motor_driver/share/motor_driver/cmake/export_motor_driverExport.cmake" will be replaced.  Removing files [/home/nick/dev/pi_bot_ws/install/motor_driver/share/motor_driver/cmake/export_motor_driverExport-noconfig.cmake].
[1.091s] -- Installing: /home/nick/dev/pi_bot_ws/install/motor_driver/share/motor_driver/cmake/export_motor_driverExport.cmake
[1.091s] -- Installing: /home/nick/dev/pi_bot_ws/install/motor_driver/share/motor_driver/cmake/export_motor_driverExport-noconfig.cmake
[1.091s] -- Up-to-date: /home/nick/dev/pi_bot_ws/install/motor_driver/share/motor_driver/cmake/ament_cmake_export_include_directories-extras.cmake
[1.092s] -- Up-to-date: /home/nick/dev/pi_bot_ws/install/motor_driver/share/motor_driver/cmake/ament_cmake_export_dependencies-extras.cmake
[1.092s] -- Up-to-date: /home/nick/dev/pi_bot_ws/install/motor_driver/share/motor_driver/cmake/ament_cmake_export_targets-extras.cmake
[1.092s] -- Up-to-date: /home/nick/dev/pi_bot_ws/install/motor_driver/share/motor_driver/cmake/motor_driverConfig.cmake
[1.092s] -- Up-to-date: /home/nick/dev/pi_bot_ws/install/motor_driver/share/motor_driver/cmake/motor_driverConfig-version.cmake
[1.092s] -- Up-to-date: /home/nick/dev/pi_bot_ws/install/motor_driver/share/motor_driver/package.xml
[1.093s] Invoked command in '/home/nick/dev/pi_bot_ws/build/motor_driver' returned '0': DEBUGINFOD_URLS=https://debuginfod.archlinux.org _=/usr/bin/env /usr/bin/cmake --install /home/nick/dev/pi_bot_ws/build/motor_driver
