[0.021s] Invoking command in '/home/nick/dev/pi_bot_ws/build/motor_driver': DEBUGINFOD_URLS=https://debuginfod.archlinux.org _=/usr/bin/env /usr/bin/cmake /home/nick/dev/pi_bot_ws/src/motor_driver -DCMAKE_EXPORT_COMPILE_COMMANDS=ON -DCMAKE_INSTALL_PREFIX=/home/nick/dev/pi_bot_ws/install/motor_driver
[0.031s] [0mCMake Deprecation Warning at CMakeLists.txt:1 (cmake_minimum_required):
[0.031s]   Compatibility with CMake < 3.10 will be removed from a future version of
[0.031s]   CMake.
[0.032s] 
[0.032s]   Update the VERSION argument <min> value.  Or, use the <min>...<max> syntax
[0.032s]   to tell CMake that the project requires at least <min> but has been updated
[0.032s]   to work with policies introduced by <max> or earlier.
[0.032s] 
[0.032s] [0m
[0.094s] -- The C compiler identification is GNU 15.1.1
[0.543s] -- The CXX compiler identification is GNU 15.1.1
[0.550s] -- Detecting C compiler ABI info
[0.717s] -- Detecting C compiler ABI info - done
[0.729s] -- Check for working C compiler: /usr/bin/cc - skipped
[0.729s] -- Detecting C compile features
[0.730s] -- Detecting C compile features - done
[0.746s] -- Detecting CXX compiler ABI info
[0.847s] -- Detecting CXX compiler ABI info - done
[0.858s] -- Check for working CXX compiler: /usr/bin/c++ - skipped
[0.859s] -- Detecting CXX compile features
[0.859s] -- Detecting CXX compile features - done
[0.869s] -- Found ament_cmake: 1.3.11 (/home/nick/ros2-humble/src/install/share/ament_cmake/cmake)
[0.956s] -- Found Python3: /home/nick/.pyenv/versions/3.11.9/bin/python3 (found version "3.11.9") found components: Interpreter
[1.026s] -- Found rclcpp: 16.0.12 (/home/nick/ros2-humble/src/install/share/rclcpp/cmake)
[1.057s] -- Found rosidl_generator_c: 3.1.6 (/home/nick/ros2-humble/src/install/share/rosidl_generator_c/cmake)
[1.060s] -- Found rosidl_adapter: 3.1.6 (/home/nick/ros2-humble/src/install/share/rosidl_adapter/cmake)
[1.066s] -- Found rosidl_generator_cpp: 3.1.6 (/home/nick/ros2-humble/src/install/share/rosidl_generator_cpp/cmake)
[1.075s] -- Using all available rosidl_typesupport_c: rosidl_typesupport_fastrtps_c;rosidl_typesupport_introspection_c
[1.088s] -- Using all available rosidl_typesupport_cpp: rosidl_typesupport_fastrtps_cpp;rosidl_typesupport_introspection_cpp
[1.121s] -- Found rmw_implementation_cmake: 6.1.2 (/home/nick/ros2-humble/src/install/share/rmw_implementation_cmake/cmake)
[1.123s] -- Found rmw_fastrtps_cpp: 6.2.7 (/home/nick/ros2-humble/src/install/share/rmw_fastrtps_cpp/cmake)
[1.193s] -- Found OpenSSL: /usr/lib/libcrypto.so (found version "3.5.0")
[1.208s] -- Found FastRTPS: /home/nick/ros2-humble/src/install/include
[1.228s] -- Using RMW implementation 'rmw_fastrtps_cpp' as default
[1.234s] -- Performing Test CMAKE_HAVE_LIBC_PTHREAD
[1.323s] -- Performing Test CMAKE_HAVE_LIBC_PTHREAD - Success
[1.323s] -- Found Threads: TRUE
[1.370s] -- Found ament_lint_auto: 0.12.12 (/home/nick/ros2-humble/src/install/share/ament_lint_auto/cmake)
[1.452s] -- Added test 'cppcheck' to perform static code analysis on C / C++ code
[1.452s] -- Configured cppcheck include dirs: /home/nick/dev/pi_bot_ws/src/motor_driver/include
[1.452s] -- Configured cppcheck exclude dirs and/or files: 
[1.452s] -- Added test 'lint_cmake' to check CMake code style
[1.452s] -- Added test 'uncrustify' to check C / C++ code style
[1.452s] -- Configured uncrustify additional arguments: 
[1.453s] -- Added test 'xmllint' to check XML markup files
[1.454s] -- Configuring done (1.4s)
[1.461s] -- Generating done (0.0s)
[1.462s] -- Build files have been written to: /home/nick/dev/pi_bot_ws/build/motor_driver
[1.476s] Invoked command in '/home/nick/dev/pi_bot_ws/build/motor_driver' returned '0': DEBUGINFOD_URLS=https://debuginfod.archlinux.org _=/usr/bin/env /usr/bin/cmake /home/nick/dev/pi_bot_ws/src/motor_driver -DCMAKE_EXPORT_COMPILE_COMMANDS=ON -DCMAKE_INSTALL_PREFIX=/home/nick/dev/pi_bot_ws/install/motor_driver
[1.477s] Invoking command in '/home/nick/dev/pi_bot_ws/build/motor_driver': DEBUGINFOD_URLS=https://debuginfod.archlinux.org _=/usr/bin/env /usr/bin/cmake --build /home/nick/dev/pi_bot_ws/build/motor_driver -- -j12 -l12
[1.524s] [ 50%] [32mBuilding CXX object CMakeFiles/motor_driver.dir/src/i2c_utils.cpp.o[0m
[1.776s] [100%] [32m[1mLinking CXX static library libmotor_driver.a[0m
[1.824s] [100%] Built target motor_driver
[1.833s] Invoked command in '/home/nick/dev/pi_bot_ws/build/motor_driver' returned '0': DEBUGINFOD_URLS=https://debuginfod.archlinux.org _=/usr/bin/env /usr/bin/cmake --build /home/nick/dev/pi_bot_ws/build/motor_driver -- -j12 -l12
[1.842s] Invoking command in '/home/nick/dev/pi_bot_ws/build/motor_driver': DEBUGINFOD_URLS=https://debuginfod.archlinux.org _=/usr/bin/env /usr/bin/cmake --install /home/nick/dev/pi_bot_ws/build/motor_driver
[1.847s] -- Install configuration: ""
[1.847s] -- Installing: /home/nick/dev/pi_bot_ws/install/motor_driver/lib/libmotor_driver.a
[1.847s] -- Installing: /home/nick/dev/pi_bot_ws/install/motor_driver/include/
[1.847s] -- Installing: /home/nick/dev/pi_bot_ws/install/motor_driver/include//motor_driver
[1.848s] -- Installing: /home/nick/dev/pi_bot_ws/install/motor_driver/include//i2c_comm_cpp
[1.848s] -- Installing: /home/nick/dev/pi_bot_ws/install/motor_driver/include//i2c_comm_cpp/i2c_utils.hpp
[1.848s] -- Installing: /home/nick/dev/pi_bot_ws/install/motor_driver/share/ament_index/resource_index/package_run_dependencies/motor_driver
[1.848s] -- Installing: /home/nick/dev/pi_bot_ws/install/motor_driver/share/ament_index/resource_index/parent_prefix_path/motor_driver
[1.848s] -- Installing: /home/nick/dev/pi_bot_ws/install/motor_driver/share/motor_driver/environment/ament_prefix_path.sh
[1.848s] -- Installing: /home/nick/dev/pi_bot_ws/install/motor_driver/share/motor_driver/environment/ament_prefix_path.dsv
[1.848s] -- Installing: /home/nick/dev/pi_bot_ws/install/motor_driver/share/motor_driver/environment/path.sh
[1.848s] -- Installing: /home/nick/dev/pi_bot_ws/install/motor_driver/share/motor_driver/environment/path.dsv
[1.849s] -- Installing: /home/nick/dev/pi_bot_ws/install/motor_driver/share/motor_driver/local_setup.bash
[1.849s] -- Installing: /home/nick/dev/pi_bot_ws/install/motor_driver/share/motor_driver/local_setup.sh
[1.849s] -- Installing: /home/nick/dev/pi_bot_ws/install/motor_driver/share/motor_driver/local_setup.zsh
[1.849s] -- Installing: /home/nick/dev/pi_bot_ws/install/motor_driver/share/motor_driver/local_setup.dsv
[1.849s] -- Installing: /home/nick/dev/pi_bot_ws/install/motor_driver/share/motor_driver/package.dsv
[1.849s] -- Installing: /home/nick/dev/pi_bot_ws/install/motor_driver/share/ament_index/resource_index/packages/motor_driver
[1.850s] -- Installing: /home/nick/dev/pi_bot_ws/install/motor_driver/share/motor_driver/cmake/motor_driverConfig.cmake
[1.850s] -- Installing: /home/nick/dev/pi_bot_ws/install/motor_driver/share/motor_driver/cmake/motor_driverConfig-version.cmake
[1.850s] -- Installing: /home/nick/dev/pi_bot_ws/install/motor_driver/share/motor_driver/package.xml
[1.851s] Invoked command in '/home/nick/dev/pi_bot_ws/build/motor_driver' returned '0': DEBUGINFOD_URLS=https://debuginfod.archlinux.org _=/usr/bin/env /usr/bin/cmake --install /home/nick/dev/pi_bot_ws/build/motor_driver
