[0.153s] DEBUG:colcon:Command line arguments: ['/home/nick/.pyenv/versions/3.11.9/bin/colcon', 'build', '--cmake-args', '-DCMAKE_EXPORT_COMPILE_COMMANDS=ON']
[0.153s] DEBUG:colcon:Parsed command line arguments: Namespace(log_base=None, log_level=None, verb_name='build', build_base='build', install_base='install', merge_install=False, symlink_install=False, test_result_base=None, continue_on_error=False, executor='parallel', parallel_workers=12, event_handlers=None, ignore_user_meta=False, metas=['./colcon.meta'], base_paths=['.'], packages_ignore=None, packages_ignore_regex=None, paths=None, packages_up_to=None, packages_up_to_regex=None, packages_above=None, packages_above_and_dependencies=None, packages_above_depth=None, packages_select_by_dep=None, packages_skip_by_dep=None, packages_skip_up_to=None, packages_select_build_failed=False, packages_skip_build_finished=False, packages_select_test_failures=False, packages_skip_test_passed=False, packages_select=None, packages_skip=None, packages_select_regex=None, packages_skip_regex=None, packages_start=None, packages_end=None, cmake_args=['-DCMAKE_EXPORT_COMPILE_COMMANDS=ON'], cmake_target=None, cmake_target_skip_unavailable=False, cmake_clean_cache=False, cmake_clean_first=False, cmake_force_configure=False, ament_cmake_args=None, catkin_cmake_args=None, catkin_skip_building_tests=False, verb_parser=<colcon_defaults.argument_parser.defaults.DefaultArgumentsDecorator object at 0x7f219941a050>, verb_extension=<colcon_core.verb.build.BuildVerb object at 0x7f2199497190>, main=<bound method BuildVerb.main of <colcon_core.verb.build.BuildVerb object at 0x7f2199497190>>)
[0.328s] Level 1:colcon.colcon_core.package_discovery:discover_packages(colcon_meta) check parameters
[0.328s] Level 1:colcon.colcon_core.package_discovery:discover_packages(recursive) check parameters
[0.328s] Level 1:colcon.colcon_core.package_discovery:discover_packages(ignore) check parameters
[0.328s] Level 1:colcon.colcon_core.package_discovery:discover_packages(path) check parameters
[0.328s] Level 1:colcon.colcon_core.package_discovery:discover_packages(colcon_meta) discover
[0.328s] Level 1:colcon.colcon_core.package_discovery:discover_packages(recursive) discover
[0.329s] INFO:colcon.colcon_core.package_discovery:Crawling recursively for packages in '/home/nick/dev/pi_bot_ws'
[0.329s] Level 1:colcon.colcon_core.package_identification:_identify(.) by extensions ['ignore', 'ignore_ament_install']
[0.329s] Level 1:colcon.colcon_core.package_identification:_identify(.) by extension 'ignore'
[0.329s] Level 1:colcon.colcon_core.package_identification:_identify(.) by extension 'ignore_ament_install'
[0.329s] Level 1:colcon.colcon_core.package_identification:_identify(.) by extensions ['colcon_pkg']
[0.329s] Level 1:colcon.colcon_core.package_identification:_identify(.) by extension 'colcon_pkg'
[0.329s] Level 1:colcon.colcon_core.package_identification:_identify(.) by extensions ['colcon_meta']
[0.329s] Level 1:colcon.colcon_core.package_identification:_identify(.) by extension 'colcon_meta'
[0.329s] Level 1:colcon.colcon_core.package_identification:_identify(.) by extensions ['ros']
[0.329s] Level 1:colcon.colcon_core.package_identification:_identify(.) by extension 'ros'
[0.371s] Level 1:colcon.colcon_core.package_identification:_identify(.) by extensions ['cmake', 'python']
[0.371s] Level 1:colcon.colcon_core.package_identification:_identify(.) by extension 'cmake'
[0.371s] Level 1:colcon.colcon_core.package_identification:_identify(.) by extension 'python'
[0.371s] Level 1:colcon.colcon_core.package_identification:_identify(.) by extensions ['python_setup_py']
[0.371s] Level 1:colcon.colcon_core.package_identification:_identify(.) by extension 'python_setup_py'
[0.371s] Level 1:colcon.colcon_core.package_identification:_identify(build) by extensions ['ignore', 'ignore_ament_install']
[0.371s] Level 1:colcon.colcon_core.package_identification:_identify(build) by extension 'ignore'
[0.372s] Level 1:colcon.colcon_core.package_identification:_identify(build) ignored
[0.372s] Level 1:colcon.colcon_core.package_identification:_identify(install) by extensions ['ignore', 'ignore_ament_install']
[0.372s] Level 1:colcon.colcon_core.package_identification:_identify(install) by extension 'ignore'
[0.372s] Level 1:colcon.colcon_core.package_identification:_identify(install) ignored
[0.372s] Level 1:colcon.colcon_core.package_identification:_identify(log) by extensions ['ignore', 'ignore_ament_install']
[0.372s] Level 1:colcon.colcon_core.package_identification:_identify(log) by extension 'ignore'
[0.372s] Level 1:colcon.colcon_core.package_identification:_identify(log) ignored
[0.372s] Level 1:colcon.colcon_core.package_identification:_identify(src) by extensions ['ignore', 'ignore_ament_install']
[0.372s] Level 1:colcon.colcon_core.package_identification:_identify(src) by extension 'ignore'
[0.372s] Level 1:colcon.colcon_core.package_identification:_identify(src) by extension 'ignore_ament_install'
[0.372s] Level 1:colcon.colcon_core.package_identification:_identify(src) by extensions ['colcon_pkg']
[0.372s] Level 1:colcon.colcon_core.package_identification:_identify(src) by extension 'colcon_pkg'
[0.372s] Level 1:colcon.colcon_core.package_identification:_identify(src) by extensions ['colcon_meta']
[0.372s] Level 1:colcon.colcon_core.package_identification:_identify(src) by extension 'colcon_meta'
[0.372s] Level 1:colcon.colcon_core.package_identification:_identify(src) by extensions ['ros']
[0.372s] Level 1:colcon.colcon_core.package_identification:_identify(src) by extension 'ros'
[0.373s] Level 1:colcon.colcon_core.package_identification:_identify(src) by extensions ['cmake', 'python']
[0.373s] Level 1:colcon.colcon_core.package_identification:_identify(src) by extension 'cmake'
[0.373s] Level 1:colcon.colcon_core.package_identification:_identify(src) by extension 'python'
[0.373s] Level 1:colcon.colcon_core.package_identification:_identify(src) by extensions ['python_setup_py']
[0.373s] Level 1:colcon.colcon_core.package_identification:_identify(src) by extension 'python_setup_py'
[0.373s] Level 1:colcon.colcon_core.package_identification:_identify(src/hat_test) by extensions ['ignore', 'ignore_ament_install']
[0.373s] Level 1:colcon.colcon_core.package_identification:_identify(src/hat_test) by extension 'ignore'
[0.373s] Level 1:colcon.colcon_core.package_identification:_identify(src/hat_test) by extension 'ignore_ament_install'
[0.373s] Level 1:colcon.colcon_core.package_identification:_identify(src/hat_test) by extensions ['colcon_pkg']
[0.373s] Level 1:colcon.colcon_core.package_identification:_identify(src/hat_test) by extension 'colcon_pkg'
[0.373s] Level 1:colcon.colcon_core.package_identification:_identify(src/hat_test) by extensions ['colcon_meta']
[0.373s] Level 1:colcon.colcon_core.package_identification:_identify(src/hat_test) by extension 'colcon_meta'
[0.373s] Level 1:colcon.colcon_core.package_identification:_identify(src/hat_test) by extensions ['ros']
[0.373s] Level 1:colcon.colcon_core.package_identification:_identify(src/hat_test) by extension 'ros'
[0.376s] DEBUG:colcon.colcon_core.package_identification:Package 'src/hat_test' with type 'ros.ament_cmake' and name 'hat_test'
[0.376s] Level 1:colcon.colcon_core.package_identification:_identify(src/motor_driver) by extensions ['ignore', 'ignore_ament_install']
[0.376s] Level 1:colcon.colcon_core.package_identification:_identify(src/motor_driver) by extension 'ignore'
[0.376s] Level 1:colcon.colcon_core.package_identification:_identify(src/motor_driver) by extension 'ignore_ament_install'
[0.376s] Level 1:colcon.colcon_core.package_identification:_identify(src/motor_driver) by extensions ['colcon_pkg']
[0.376s] Level 1:colcon.colcon_core.package_identification:_identify(src/motor_driver) by extension 'colcon_pkg'
[0.377s] Level 1:colcon.colcon_core.package_identification:_identify(src/motor_driver) by extensions ['colcon_meta']
[0.377s] Level 1:colcon.colcon_core.package_identification:_identify(src/motor_driver) by extension 'colcon_meta'
[0.377s] Level 1:colcon.colcon_core.package_identification:_identify(src/motor_driver) by extensions ['ros']
[0.377s] Level 1:colcon.colcon_core.package_identification:_identify(src/motor_driver) by extension 'ros'
[0.377s] DEBUG:colcon.colcon_core.package_identification:Package 'src/motor_driver' with type 'ros.ament_cmake' and name 'motor_driver'
[0.377s] Level 1:colcon.colcon_core.package_discovery:discover_packages(recursive) using defaults
[0.377s] Level 1:colcon.colcon_core.package_discovery:discover_packages(ignore) discover
[0.377s] Level 1:colcon.colcon_core.package_discovery:discover_packages(ignore) using defaults
[0.377s] Level 1:colcon.colcon_core.package_discovery:discover_packages(path) discover
[0.377s] Level 1:colcon.colcon_core.package_discovery:discover_packages(path) using defaults
[0.399s] Level 5:colcon.colcon_core.verb:set package 'motor_driver' build argument 'cmake_args' from command line to '['-DCMAKE_EXPORT_COMPILE_COMMANDS=ON']'
[0.399s] Level 5:colcon.colcon_core.verb:set package 'motor_driver' build argument 'cmake_target' from command line to 'None'
[0.399s] Level 5:colcon.colcon_core.verb:set package 'motor_driver' build argument 'cmake_target_skip_unavailable' from command line to 'False'
[0.399s] Level 5:colcon.colcon_core.verb:set package 'motor_driver' build argument 'cmake_clean_cache' from command line to 'False'
[0.399s] Level 5:colcon.colcon_core.verb:set package 'motor_driver' build argument 'cmake_clean_first' from command line to 'False'
[0.399s] Level 5:colcon.colcon_core.verb:set package 'motor_driver' build argument 'cmake_force_configure' from command line to 'False'
[0.399s] Level 5:colcon.colcon_core.verb:set package 'motor_driver' build argument 'ament_cmake_args' from command line to 'None'
[0.399s] Level 5:colcon.colcon_core.verb:set package 'motor_driver' build argument 'catkin_cmake_args' from command line to 'None'
[0.399s] Level 5:colcon.colcon_core.verb:set package 'motor_driver' build argument 'catkin_skip_building_tests' from command line to 'False'
[0.399s] DEBUG:colcon.colcon_core.verb:Building package 'motor_driver' with the following arguments: {'ament_cmake_args': None, 'build_base': '/home/nick/dev/pi_bot_ws/build/motor_driver', 'catkin_cmake_args': None, 'catkin_skip_building_tests': False, 'cmake_args': ['-DCMAKE_EXPORT_COMPILE_COMMANDS=ON'], 'cmake_clean_cache': False, 'cmake_clean_first': False, 'cmake_force_configure': False, 'cmake_target': None, 'cmake_target_skip_unavailable': False, 'install_base': '/home/nick/dev/pi_bot_ws/install/motor_driver', 'merge_install': False, 'path': '/home/nick/dev/pi_bot_ws/src/motor_driver', 'symlink_install': False, 'test_result_base': None}
[0.400s] Level 5:colcon.colcon_core.verb:set package 'hat_test' build argument 'cmake_args' from command line to '['-DCMAKE_EXPORT_COMPILE_COMMANDS=ON']'
[0.400s] Level 5:colcon.colcon_core.verb:set package 'hat_test' build argument 'cmake_target' from command line to 'None'
[0.400s] Level 5:colcon.colcon_core.verb:set package 'hat_test' build argument 'cmake_target_skip_unavailable' from command line to 'False'
[0.400s] Level 5:colcon.colcon_core.verb:set package 'hat_test' build argument 'cmake_clean_cache' from command line to 'False'
[0.400s] Level 5:colcon.colcon_core.verb:set package 'hat_test' build argument 'cmake_clean_first' from command line to 'False'
[0.400s] Level 5:colcon.colcon_core.verb:set package 'hat_test' build argument 'cmake_force_configure' from command line to 'False'
[0.400s] Level 5:colcon.colcon_core.verb:set package 'hat_test' build argument 'ament_cmake_args' from command line to 'None'
[0.400s] Level 5:colcon.colcon_core.verb:set package 'hat_test' build argument 'catkin_cmake_args' from command line to 'None'
[0.400s] Level 5:colcon.colcon_core.verb:set package 'hat_test' build argument 'catkin_skip_building_tests' from command line to 'False'
[0.400s] DEBUG:colcon.colcon_core.verb:Building package 'hat_test' with the following arguments: {'ament_cmake_args': None, 'build_base': '/home/nick/dev/pi_bot_ws/build/hat_test', 'catkin_cmake_args': None, 'catkin_skip_building_tests': False, 'cmake_args': ['-DCMAKE_EXPORT_COMPILE_COMMANDS=ON'], 'cmake_clean_cache': False, 'cmake_clean_first': False, 'cmake_force_configure': False, 'cmake_target': None, 'cmake_target_skip_unavailable': False, 'install_base': '/home/nick/dev/pi_bot_ws/install/hat_test', 'merge_install': False, 'path': '/home/nick/dev/pi_bot_ws/src/hat_test', 'symlink_install': False, 'test_result_base': None}
[0.400s] INFO:colcon.colcon_core.executor:Executing jobs using 'parallel' executor
[0.401s] DEBUG:colcon.colcon_parallel_executor.executor.parallel:run_until_complete
[0.402s] INFO:colcon.colcon_ros.task.ament_cmake.build:Building ROS package in '/home/nick/dev/pi_bot_ws/src/motor_driver' with build type 'ament_cmake'
[0.402s] INFO:colcon.colcon_cmake.task.cmake.build:Building CMake package in '/home/nick/dev/pi_bot_ws/src/motor_driver'
[0.404s] INFO:colcon.colcon_core.plugin_system:Skipping extension 'colcon_core.shell.bat': Not used on non-Windows systems
[0.404s] INFO:colcon.colcon_core.shell:Skip shell extension 'powershell' for command environment: Not usable outside of PowerShell
[0.404s] DEBUG:colcon.colcon_core.shell:Skip shell extension 'dsv' for command environment
[0.423s] DEBUG:colcon.colcon_core.event_handler.log_command:Invoking command in '/home/nick/dev/pi_bot_ws/build/motor_driver': DEBUGINFOD_URLS=https://debuginfod.archlinux.org _=/usr/bin/env /usr/bin/cmake --build /home/nick/dev/pi_bot_ws/build/motor_driver -- -j12 -l12
[0.500s] DEBUG:colcon.colcon_core.event_handler.log_command:Invoked command in '/home/nick/dev/pi_bot_ws/build/motor_driver' returned '0': DEBUGINFOD_URLS=https://debuginfod.archlinux.org _=/usr/bin/env /usr/bin/cmake --build /home/nick/dev/pi_bot_ws/build/motor_driver -- -j12 -l12
[0.511s] DEBUG:colcon.colcon_core.event_handler.log_command:Invoking command in '/home/nick/dev/pi_bot_ws/build/motor_driver': DEBUGINFOD_URLS=https://debuginfod.archlinux.org _=/usr/bin/env /usr/bin/cmake --install /home/nick/dev/pi_bot_ws/build/motor_driver
[0.521s] Level 1:colcon.colcon_core.environment:create_environment_scripts_only(motor_driver)
[0.522s] DEBUG:colcon.colcon_core.event_handler.log_command:Invoked command in '/home/nick/dev/pi_bot_ws/build/motor_driver' returned '0': DEBUGINFOD_URLS=https://debuginfod.archlinux.org _=/usr/bin/env /usr/bin/cmake --install /home/nick/dev/pi_bot_ws/build/motor_driver
[0.524s] Level 1:colcon.colcon_core.environment:checking '/home/nick/dev/pi_bot_ws/install/motor_driver' for CMake module files
[0.525s] Level 1:colcon.colcon_core.environment:checking '/home/nick/dev/pi_bot_ws/install/motor_driver' for CMake config files
[0.525s] Level 1:colcon.colcon_core.shell:create_environment_hook('motor_driver', 'cmake_prefix_path')
[0.525s] INFO:colcon.colcon_core.shell:Creating environment hook '/home/nick/dev/pi_bot_ws/install/motor_driver/share/motor_driver/hook/cmake_prefix_path.ps1'
[0.526s] INFO:colcon.colcon_core.shell:Creating environment descriptor '/home/nick/dev/pi_bot_ws/install/motor_driver/share/motor_driver/hook/cmake_prefix_path.dsv'
[0.527s] INFO:colcon.colcon_core.shell:Creating environment hook '/home/nick/dev/pi_bot_ws/install/motor_driver/share/motor_driver/hook/cmake_prefix_path.sh'
[0.527s] Level 1:colcon.colcon_core.environment:checking '/home/nick/dev/pi_bot_ws/install/motor_driver/lib'
[0.528s] Level 1:colcon.colcon_core.environment:checking '/home/nick/dev/pi_bot_ws/install/motor_driver/bin'
[0.528s] Level 1:colcon.colcon_core.environment:checking '/home/nick/dev/pi_bot_ws/install/motor_driver/lib/pkgconfig/motor_driver.pc'
[0.529s] Level 1:colcon.colcon_core.environment:checking '/home/nick/dev/pi_bot_ws/install/motor_driver/lib/python3.11/site-packages'
[0.529s] Level 1:colcon.colcon_core.environment:checking '/home/nick/dev/pi_bot_ws/install/motor_driver/bin'
[0.529s] INFO:colcon.colcon_core.shell:Creating package script '/home/nick/dev/pi_bot_ws/install/motor_driver/share/motor_driver/package.ps1'
[0.530s] INFO:colcon.colcon_core.shell:Creating package descriptor '/home/nick/dev/pi_bot_ws/install/motor_driver/share/motor_driver/package.dsv'
[0.531s] INFO:colcon.colcon_core.shell:Creating package script '/home/nick/dev/pi_bot_ws/install/motor_driver/share/motor_driver/package.sh'
[0.531s] INFO:colcon.colcon_core.shell:Creating package script '/home/nick/dev/pi_bot_ws/install/motor_driver/share/motor_driver/package.bash'
[0.532s] INFO:colcon.colcon_core.shell:Creating package script '/home/nick/dev/pi_bot_ws/install/motor_driver/share/motor_driver/package.zsh'
[0.533s] Level 1:colcon.colcon_core.environment:create_file_with_runtime_dependencies(/home/nick/dev/pi_bot_ws/install/motor_driver/share/colcon-core/packages/motor_driver)
[0.533s] Level 1:colcon.colcon_core.environment:create_environment_scripts_only(motor_driver)
[0.533s] Level 1:colcon.colcon_core.environment:checking '/home/nick/dev/pi_bot_ws/install/motor_driver' for CMake module files
[0.534s] Level 1:colcon.colcon_core.environment:checking '/home/nick/dev/pi_bot_ws/install/motor_driver' for CMake config files
[0.534s] Level 1:colcon.colcon_core.shell:create_environment_hook('motor_driver', 'cmake_prefix_path')
[0.534s] INFO:colcon.colcon_core.shell:Creating environment hook '/home/nick/dev/pi_bot_ws/install/motor_driver/share/motor_driver/hook/cmake_prefix_path.ps1'
[0.535s] INFO:colcon.colcon_core.shell:Creating environment descriptor '/home/nick/dev/pi_bot_ws/install/motor_driver/share/motor_driver/hook/cmake_prefix_path.dsv'
[0.535s] INFO:colcon.colcon_core.shell:Creating environment hook '/home/nick/dev/pi_bot_ws/install/motor_driver/share/motor_driver/hook/cmake_prefix_path.sh'
[0.535s] Level 1:colcon.colcon_core.environment:checking '/home/nick/dev/pi_bot_ws/install/motor_driver/lib'
[0.536s] Level 1:colcon.colcon_core.environment:checking '/home/nick/dev/pi_bot_ws/install/motor_driver/bin'
[0.536s] Level 1:colcon.colcon_core.environment:checking '/home/nick/dev/pi_bot_ws/install/motor_driver/lib/pkgconfig/motor_driver.pc'
[0.536s] Level 1:colcon.colcon_core.environment:checking '/home/nick/dev/pi_bot_ws/install/motor_driver/lib/python3.11/site-packages'
[0.536s] Level 1:colcon.colcon_core.environment:checking '/home/nick/dev/pi_bot_ws/install/motor_driver/bin'
[0.536s] INFO:colcon.colcon_core.shell:Creating package script '/home/nick/dev/pi_bot_ws/install/motor_driver/share/motor_driver/package.ps1'
[0.537s] INFO:colcon.colcon_core.shell:Creating package descriptor '/home/nick/dev/pi_bot_ws/install/motor_driver/share/motor_driver/package.dsv'
[0.537s] INFO:colcon.colcon_core.shell:Creating package script '/home/nick/dev/pi_bot_ws/install/motor_driver/share/motor_driver/package.sh'
[0.538s] INFO:colcon.colcon_core.shell:Creating package script '/home/nick/dev/pi_bot_ws/install/motor_driver/share/motor_driver/package.bash'
[0.538s] INFO:colcon.colcon_core.shell:Creating package script '/home/nick/dev/pi_bot_ws/install/motor_driver/share/motor_driver/package.zsh'
[0.539s] Level 1:colcon.colcon_core.environment:create_file_with_runtime_dependencies(/home/nick/dev/pi_bot_ws/install/motor_driver/share/colcon-core/packages/motor_driver)
[0.539s] INFO:colcon.colcon_ros.task.ament_cmake.build:Building ROS package in '/home/nick/dev/pi_bot_ws/src/hat_test' with build type 'ament_cmake'
[0.539s] INFO:colcon.colcon_cmake.task.cmake.build:Building CMake package in '/home/nick/dev/pi_bot_ws/src/hat_test'
[0.539s] INFO:colcon.colcon_core.shell:Skip shell extension 'powershell' for command environment: Not usable outside of PowerShell
[0.539s] DEBUG:colcon.colcon_core.shell:Skip shell extension 'dsv' for command environment
[0.557s] DEBUG:colcon.colcon_core.event_handler.log_command:Invoking command in '/home/nick/dev/pi_bot_ws/build/hat_test': AMENT_PREFIX_PATH=/home/nick/dev/pi_bot_ws/install/motor_driver:${AMENT_PREFIX_PATH} CMAKE_PREFIX_PATH=/home/nick/dev/pi_bot_ws/install/motor_driver:${CMAKE_PREFIX_PATH} DEBUGINFOD_URLS=https://debuginfod.archlinux.org _=/usr/bin/env /usr/bin/cmake --build /home/nick/dev/pi_bot_ws/build/hat_test -- -j12 -l12
[0.726s] DEBUG:colcon.colcon_core.event_handler.log_command:Invoked command in '/home/nick/dev/pi_bot_ws/build/hat_test' returned '2': AMENT_PREFIX_PATH=/home/nick/dev/pi_bot_ws/install/motor_driver:${AMENT_PREFIX_PATH} CMAKE_PREFIX_PATH=/home/nick/dev/pi_bot_ws/install/motor_driver:${CMAKE_PREFIX_PATH} DEBUGINFOD_URLS=https://debuginfod.archlinux.org _=/usr/bin/env /usr/bin/cmake --build /home/nick/dev/pi_bot_ws/build/hat_test -- -j12 -l12
[0.727s] Level 1:colcon.colcon_core.environment:create_environment_scripts_only(hat_test)
[0.727s] Level 1:colcon.colcon_core.environment:checking '/home/nick/dev/pi_bot_ws/install/hat_test' for CMake module files
[0.727s] Level 1:colcon.colcon_core.environment:checking '/home/nick/dev/pi_bot_ws/install/hat_test' for CMake config files
[0.728s] Level 1:colcon.colcon_core.environment:checking '/home/nick/dev/pi_bot_ws/install/hat_test/bin'
[0.728s] Level 1:colcon.colcon_core.environment:checking '/home/nick/dev/pi_bot_ws/install/hat_test/lib/pkgconfig/hat_test.pc'
[0.728s] Level 1:colcon.colcon_core.environment:checking '/home/nick/dev/pi_bot_ws/install/hat_test/lib/python3.11/site-packages'
[0.728s] Level 1:colcon.colcon_core.environment:checking '/home/nick/dev/pi_bot_ws/install/hat_test/bin'
[0.728s] INFO:colcon.colcon_core.shell:Creating package script '/home/nick/dev/pi_bot_ws/install/hat_test/share/hat_test/package.ps1'
[0.729s] INFO:colcon.colcon_core.shell:Creating package descriptor '/home/nick/dev/pi_bot_ws/install/hat_test/share/hat_test/package.dsv'
[0.729s] INFO:colcon.colcon_core.shell:Creating package script '/home/nick/dev/pi_bot_ws/install/hat_test/share/hat_test/package.sh'
[0.730s] INFO:colcon.colcon_core.shell:Creating package script '/home/nick/dev/pi_bot_ws/install/hat_test/share/hat_test/package.bash'
[0.730s] INFO:colcon.colcon_core.shell:Creating package script '/home/nick/dev/pi_bot_ws/install/hat_test/share/hat_test/package.zsh'
[0.731s] Level 1:colcon.colcon_core.environment:create_file_with_runtime_dependencies(/home/nick/dev/pi_bot_ws/install/hat_test/share/colcon-core/packages/hat_test)
[0.741s] DEBUG:colcon.colcon_parallel_executor.executor.parallel:closing loop
[0.741s] DEBUG:colcon.colcon_parallel_executor.executor.parallel:loop closed
[0.741s] DEBUG:colcon.colcon_parallel_executor.executor.parallel:run_until_complete finished with '2'
[0.741s] DEBUG:colcon.colcon_core.event_reactor:joining thread
[0.743s] INFO:colcon.colcon_core.plugin_system:Skipping extension 'colcon_notification.desktop_notification.notify2': 'notify2' not found
[0.744s] INFO:colcon.colcon_core.plugin_system:Skipping extension 'colcon_notification.desktop_notification.terminal_notifier': Not used on non-Darwin systems
[0.744s] INFO:colcon.colcon_core.plugin_system:Skipping extension 'colcon_notification.desktop_notification.win32': Not used on non-Windows systems
[0.744s] INFO:colcon.colcon_notification.desktop_notification:Sending desktop notification using 'notify_send'
[0.760s] DEBUG:colcon.colcon_core.event_reactor:joined thread
[0.760s] INFO:colcon.colcon_core.shell:Creating prefix script '/home/nick/dev/pi_bot_ws/install/local_setup.ps1'
[0.761s] INFO:colcon.colcon_core.shell:Creating prefix util module '/home/nick/dev/pi_bot_ws/install/_local_setup_util_ps1.py'
[0.762s] INFO:colcon.colcon_core.shell:Creating prefix chain script '/home/nick/dev/pi_bot_ws/install/setup.ps1'
[0.763s] INFO:colcon.colcon_core.shell:Creating prefix script '/home/nick/dev/pi_bot_ws/install/local_setup.sh'
[0.764s] INFO:colcon.colcon_core.shell:Creating prefix util module '/home/nick/dev/pi_bot_ws/install/_local_setup_util_sh.py'
[0.764s] INFO:colcon.colcon_core.shell:Creating prefix chain script '/home/nick/dev/pi_bot_ws/install/setup.sh'
[0.765s] INFO:colcon.colcon_core.shell:Creating prefix script '/home/nick/dev/pi_bot_ws/install/local_setup.bash'
[0.766s] INFO:colcon.colcon_core.shell:Creating prefix chain script '/home/nick/dev/pi_bot_ws/install/setup.bash'
[0.766s] INFO:colcon.colcon_core.shell:Creating prefix script '/home/nick/dev/pi_bot_ws/install/local_setup.zsh'
[0.767s] INFO:colcon.colcon_core.shell:Creating prefix chain script '/home/nick/dev/pi_bot_ws/install/setup.zsh'
