[1.078s] DEBUG:colcon:Command line arguments: ['/usr/bin/colcon', 'build']
[1.079s] DEBUG:colcon:Parsed command line arguments: Namespace(log_base=None, log_level=None, verb_name='build', build_base='build', install_base='install', merge_install=False, symlink_install=False, test_result_base=None, continue_on_error=False, executor='parallel', parallel_workers=4, event_handlers=None, ignore_user_meta=False, metas=['./colcon.meta'], base_paths=['.'], packages_ignore=None, packages_ignore_regex=None, paths=None, packages_up_to=None, packages_up_to_regex=None, packages_above=None, packages_above_and_dependencies=None, packages_above_depth=None, packages_select_by_dep=None, packages_skip_by_dep=None, packages_skip_up_to=None, packages_select_build_failed=False, packages_skip_build_finished=False, packages_select_test_failures=False, packages_skip_test_passed=False, packages_select=None, packages_skip=None, packages_select_regex=None, packages_skip_regex=None, packages_start=None, packages_end=None, allow_overriding=[], cmake_args=None, cmake_target=None, cmake_target_skip_unavailable=False, cmake_clean_cache=False, cmake_clean_first=False, cmake_force_configure=False, ament_cmake_args=None, catkin_cmake_args=None, catkin_skip_building_tests=False, mixin_files=None, mixin=None, verb_parser=<colcon_mixin.mixin.mixin_argument.MixinArgumentDecorator object at 0xffff8013ba30>, verb_extension=<colcon_core.verb.build.BuildVerb object at 0xffff8029ca00>, main=<bound method BuildVerb.main of <colcon_core.verb.build.BuildVerb object at 0xffff8029ca00>>, mixin_verb=('build',))
[2.742s] Level 1:colcon.colcon_core.package_discovery:discover_packages(colcon_meta) check parameters
[2.743s] Level 1:colcon.colcon_core.package_discovery:discover_packages(recursive) check parameters
[2.744s] Level 1:colcon.colcon_core.package_discovery:discover_packages(ignore) check parameters
[2.744s] Level 1:colcon.colcon_core.package_discovery:discover_packages(path) check parameters
[2.744s] Level 1:colcon.colcon_core.package_discovery:discover_packages(colcon_meta) discover
[2.745s] Level 1:colcon.colcon_core.package_discovery:discover_packages(recursive) discover
[2.745s] INFO:colcon.colcon_core.package_discovery:Crawling recursively for packages in '/home/pi/pi_bot_ws'
[2.746s] Level 1:colcon.colcon_core.package_identification:_identify(.) by extensions ['ignore', 'ignore_ament_install']
[2.747s] Level 1:colcon.colcon_core.package_identification:_identify(.) by extension 'ignore'
[2.748s] Level 1:colcon.colcon_core.package_identification:_identify(.) by extension 'ignore_ament_install'
[2.748s] Level 1:colcon.colcon_core.package_identification:_identify(.) by extensions ['colcon_pkg']
[2.749s] Level 1:colcon.colcon_core.package_identification:_identify(.) by extension 'colcon_pkg'
[2.749s] Level 1:colcon.colcon_core.package_identification:_identify(.) by extensions ['colcon_meta']
[2.749s] Level 1:colcon.colcon_core.package_identification:_identify(.) by extension 'colcon_meta'
[2.750s] Level 1:colcon.colcon_core.package_identification:_identify(.) by extensions ['ros']
[2.750s] Level 1:colcon.colcon_core.package_identification:_identify(.) by extension 'ros'
[2.865s] Level 1:colcon.colcon_core.package_identification:_identify(.) by extensions ['cmake', 'python']
[2.866s] Level 1:colcon.colcon_core.package_identification:_identify(.) by extension 'cmake'
[2.866s] Level 1:colcon.colcon_core.package_identification:_identify(.) by extension 'python'
[2.867s] Level 1:colcon.colcon_core.package_identification:_identify(.) by extensions ['python_setup_py']
[2.867s] Level 1:colcon.colcon_core.package_identification:_identify(.) by extension 'python_setup_py'
[2.868s] Level 1:colcon.colcon_core.package_identification:_identify(build) by extensions ['ignore', 'ignore_ament_install']
[2.869s] Level 1:colcon.colcon_core.package_identification:_identify(build) by extension 'ignore'
[2.869s] Level 1:colcon.colcon_core.package_identification:_identify(build) ignored
[2.871s] Level 1:colcon.colcon_core.package_identification:_identify(install) by extensions ['ignore', 'ignore_ament_install']
[2.872s] Level 1:colcon.colcon_core.package_identification:_identify(install) by extension 'ignore'
[2.872s] Level 1:colcon.colcon_core.package_identification:_identify(install) ignored
[2.873s] Level 1:colcon.colcon_core.package_identification:_identify(log) by extensions ['ignore', 'ignore_ament_install']
[2.874s] Level 1:colcon.colcon_core.package_identification:_identify(log) by extension 'ignore'
[2.875s] Level 1:colcon.colcon_core.package_identification:_identify(log) ignored
[2.876s] Level 1:colcon.colcon_core.package_identification:_identify(src) by extensions ['ignore', 'ignore_ament_install']
[2.877s] Level 1:colcon.colcon_core.package_identification:_identify(src) by extension 'ignore'
[2.877s] Level 1:colcon.colcon_core.package_identification:_identify(src) by extension 'ignore_ament_install'
[2.878s] Level 1:colcon.colcon_core.package_identification:_identify(src) by extensions ['colcon_pkg']
[2.878s] Level 1:colcon.colcon_core.package_identification:_identify(src) by extension 'colcon_pkg'
[2.878s] Level 1:colcon.colcon_core.package_identification:_identify(src) by extensions ['colcon_meta']
[2.879s] Level 1:colcon.colcon_core.package_identification:_identify(src) by extension 'colcon_meta'
[2.879s] Level 1:colcon.colcon_core.package_identification:_identify(src) by extensions ['ros']
[2.879s] Level 1:colcon.colcon_core.package_identification:_identify(src) by extension 'ros'
[2.880s] Level 1:colcon.colcon_core.package_identification:_identify(src) by extensions ['cmake', 'python']
[2.881s] Level 1:colcon.colcon_core.package_identification:_identify(src) by extension 'cmake'
[2.881s] Level 1:colcon.colcon_core.package_identification:_identify(src) by extension 'python'
[2.881s] Level 1:colcon.colcon_core.package_identification:_identify(src) by extensions ['python_setup_py']
[2.882s] Level 1:colcon.colcon_core.package_identification:_identify(src) by extension 'python_setup_py'
[2.883s] Level 1:colcon.colcon_core.package_identification:_identify(src/hat_test) by extensions ['ignore', 'ignore_ament_install']
[2.884s] Level 1:colcon.colcon_core.package_identification:_identify(src/hat_test) by extension 'ignore'
[2.884s] Level 1:colcon.colcon_core.package_identification:_identify(src/hat_test) by extension 'ignore_ament_install'
[2.885s] Level 1:colcon.colcon_core.package_identification:_identify(src/hat_test) by extensions ['colcon_pkg']
[2.885s] Level 1:colcon.colcon_core.package_identification:_identify(src/hat_test) by extension 'colcon_pkg'
[2.885s] Level 1:colcon.colcon_core.package_identification:_identify(src/hat_test) by extensions ['colcon_meta']
[2.886s] Level 1:colcon.colcon_core.package_identification:_identify(src/hat_test) by extension 'colcon_meta'
[2.886s] Level 1:colcon.colcon_core.package_identification:_identify(src/hat_test) by extensions ['ros']
[2.886s] Level 1:colcon.colcon_core.package_identification:_identify(src/hat_test) by extension 'ros'
[2.906s] DEBUG:colcon.colcon_core.package_identification:Package 'src/hat_test' with type 'ros.ament_cmake' and name 'hat_test'
[2.908s] Level 1:colcon.colcon_core.package_identification:_identify(src/motor_driver) by extensions ['ignore', 'ignore_ament_install']
[2.908s] Level 1:colcon.colcon_core.package_identification:_identify(src/motor_driver) by extension 'ignore'
[2.909s] Level 1:colcon.colcon_core.package_identification:_identify(src/motor_driver) by extension 'ignore_ament_install'
[2.910s] Level 1:colcon.colcon_core.package_identification:_identify(src/motor_driver) by extensions ['colcon_pkg']
[2.910s] Level 1:colcon.colcon_core.package_identification:_identify(src/motor_driver) by extension 'colcon_pkg'
[2.910s] Level 1:colcon.colcon_core.package_identification:_identify(src/motor_driver) by extensions ['colcon_meta']
[2.911s] Level 1:colcon.colcon_core.package_identification:_identify(src/motor_driver) by extension 'colcon_meta'
[2.911s] Level 1:colcon.colcon_core.package_identification:_identify(src/motor_driver) by extensions ['ros']
[2.912s] Level 1:colcon.colcon_core.package_identification:_identify(src/motor_driver) by extension 'ros'
[2.917s] DEBUG:colcon.colcon_core.package_identification:Package 'src/motor_driver' with type 'ros.ament_cmake' and name 'motor_driver'
[2.917s] Level 1:colcon.colcon_core.package_discovery:discover_packages(recursive) using defaults
[2.918s] Level 1:colcon.colcon_core.package_discovery:discover_packages(ignore) discover
[2.918s] Level 1:colcon.colcon_core.package_discovery:discover_packages(ignore) using defaults
[2.918s] Level 1:colcon.colcon_core.package_discovery:discover_packages(path) discover
[2.919s] Level 1:colcon.colcon_core.package_discovery:discover_packages(path) using defaults
[3.091s] Level 1:colcon.colcon_core.package_discovery:discover_packages(prefix_path) check parameters
[3.092s] Level 1:colcon.colcon_core.package_discovery:discover_packages(prefix_path) discover
[3.111s] DEBUG:colcon.colcon_installed_package_information.package_discovery:Found 2 installed packages in /home/pi/pi_bot_ws/install
[3.125s] DEBUG:colcon.colcon_installed_package_information.package_discovery:Found 182 installed packages in /opt/ros/humble
[3.136s] Level 1:colcon.colcon_core.package_discovery:discover_packages(prefix_path) using defaults
[3.515s] Level 5:colcon.colcon_core.verb:set package 'motor_driver' build argument 'cmake_args' from command line to 'None'
[3.516s] Level 5:colcon.colcon_core.verb:set package 'motor_driver' build argument 'cmake_target' from command line to 'None'
[3.516s] Level 5:colcon.colcon_core.verb:set package 'motor_driver' build argument 'cmake_target_skip_unavailable' from command line to 'False'
[3.516s] Level 5:colcon.colcon_core.verb:set package 'motor_driver' build argument 'cmake_clean_cache' from command line to 'False'
[3.516s] Level 5:colcon.colcon_core.verb:set package 'motor_driver' build argument 'cmake_clean_first' from command line to 'False'
[3.517s] Level 5:colcon.colcon_core.verb:set package 'motor_driver' build argument 'cmake_force_configure' from command line to 'False'
[3.517s] Level 5:colcon.colcon_core.verb:set package 'motor_driver' build argument 'ament_cmake_args' from command line to 'None'
[3.517s] Level 5:colcon.colcon_core.verb:set package 'motor_driver' build argument 'catkin_cmake_args' from command line to 'None'
[3.517s] Level 5:colcon.colcon_core.verb:set package 'motor_driver' build argument 'catkin_skip_building_tests' from command line to 'False'
[3.518s] DEBUG:colcon.colcon_core.verb:Building package 'motor_driver' with the following arguments: {'ament_cmake_args': None, 'build_base': '/home/pi/pi_bot_ws/build/motor_driver', 'catkin_cmake_args': None, 'catkin_skip_building_tests': False, 'cmake_args': None, 'cmake_clean_cache': False, 'cmake_clean_first': False, 'cmake_force_configure': False, 'cmake_target': None, 'cmake_target_skip_unavailable': False, 'install_base': '/home/pi/pi_bot_ws/install/motor_driver', 'merge_install': False, 'path': '/home/pi/pi_bot_ws/src/motor_driver', 'symlink_install': False, 'test_result_base': None}
[3.521s] Level 5:colcon.colcon_core.verb:set package 'hat_test' build argument 'cmake_args' from command line to 'None'
[3.522s] Level 5:colcon.colcon_core.verb:set package 'hat_test' build argument 'cmake_target' from command line to 'None'
[3.522s] Level 5:colcon.colcon_core.verb:set package 'hat_test' build argument 'cmake_target_skip_unavailable' from command line to 'False'
[3.522s] Level 5:colcon.colcon_core.verb:set package 'hat_test' build argument 'cmake_clean_cache' from command line to 'False'
[3.522s] Level 5:colcon.colcon_core.verb:set package 'hat_test' build argument 'cmake_clean_first' from command line to 'False'
[3.523s] Level 5:colcon.colcon_core.verb:set package 'hat_test' build argument 'cmake_force_configure' from command line to 'False'
[3.523s] Level 5:colcon.colcon_core.verb:set package 'hat_test' build argument 'ament_cmake_args' from command line to 'None'
[3.523s] Level 5:colcon.colcon_core.verb:set package 'hat_test' build argument 'catkin_cmake_args' from command line to 'None'
[3.523s] Level 5:colcon.colcon_core.verb:set package 'hat_test' build argument 'catkin_skip_building_tests' from command line to 'False'
[3.524s] DEBUG:colcon.colcon_core.verb:Building package 'hat_test' with the following arguments: {'ament_cmake_args': None, 'build_base': '/home/pi/pi_bot_ws/build/hat_test', 'catkin_cmake_args': None, 'catkin_skip_building_tests': False, 'cmake_args': None, 'cmake_clean_cache': False, 'cmake_clean_first': False, 'cmake_force_configure': False, 'cmake_target': None, 'cmake_target_skip_unavailable': False, 'install_base': '/home/pi/pi_bot_ws/install/hat_test', 'merge_install': False, 'path': '/home/pi/pi_bot_ws/src/hat_test', 'symlink_install': False, 'test_result_base': None}
[3.525s] INFO:colcon.colcon_core.executor:Executing jobs using 'parallel' executor
[3.532s] DEBUG:colcon.colcon_parallel_executor.executor.parallel:run_until_complete
[3.533s] INFO:colcon.colcon_ros.task.ament_cmake.build:Building ROS package in '/home/pi/pi_bot_ws/src/motor_driver' with build type 'ament_cmake'
[3.534s] INFO:colcon.colcon_cmake.task.cmake.build:Building CMake package in '/home/pi/pi_bot_ws/src/motor_driver'
[3.555s] INFO:colcon.colcon_core.plugin_system:Skipping extension 'colcon_core.shell.bat': Not used on non-Windows systems
[3.557s] INFO:colcon.colcon_core.shell:Skip shell extension 'powershell' for command environment: Not usable outside of PowerShell
[3.558s] DEBUG:colcon.colcon_core.shell:Skip shell extension 'dsv' for command environment
[3.643s] DEBUG:colcon.colcon_core.event_handler.log_command:Invoking command in '/home/pi/pi_bot_ws/build/motor_driver': CMAKE_PREFIX_PATH=${CMAKE_PREFIX_PATH}:/opt/ros/humble /usr/bin/cmake --build /home/pi/pi_bot_ws/build/motor_driver -- -j4 -l4
[4.147s] DEBUG:colcon.colcon_core.event_handler.log_command:Invoked command in '/home/pi/pi_bot_ws/build/motor_driver' returned '0': CMAKE_PREFIX_PATH=${CMAKE_PREFIX_PATH}:/opt/ros/humble /usr/bin/cmake --build /home/pi/pi_bot_ws/build/motor_driver -- -j4 -l4
[4.228s] DEBUG:colcon.colcon_core.event_handler.log_command:Invoking command in '/home/pi/pi_bot_ws/build/motor_driver': CMAKE_PREFIX_PATH=${CMAKE_PREFIX_PATH}:/opt/ros/humble /usr/bin/cmake --install /home/pi/pi_bot_ws/build/motor_driver
[4.318s] Level 1:colcon.colcon_core.environment:create_environment_scripts_only(motor_driver)
[4.322s] DEBUG:colcon.colcon_core.event_handler.log_command:Invoked command in '/home/pi/pi_bot_ws/build/motor_driver' returned '0': CMAKE_PREFIX_PATH=${CMAKE_PREFIX_PATH}:/opt/ros/humble /usr/bin/cmake --install /home/pi/pi_bot_ws/build/motor_driver
[4.344s] Level 1:colcon.colcon_core.environment:checking '/home/pi/pi_bot_ws/install/motor_driver' for CMake module files
[4.350s] Level 1:colcon.colcon_core.environment:checking '/home/pi/pi_bot_ws/install/motor_driver' for CMake config files
[4.353s] Level 1:colcon.colcon_core.shell:create_environment_hook('motor_driver', 'cmake_prefix_path')
[4.356s] INFO:colcon.colcon_core.shell:Creating environment hook '/home/pi/pi_bot_ws/install/motor_driver/share/motor_driver/hook/cmake_prefix_path.ps1'
[4.362s] INFO:colcon.colcon_core.shell:Creating environment descriptor '/home/pi/pi_bot_ws/install/motor_driver/share/motor_driver/hook/cmake_prefix_path.dsv'
[4.367s] INFO:colcon.colcon_core.shell:Creating environment hook '/home/pi/pi_bot_ws/install/motor_driver/share/motor_driver/hook/cmake_prefix_path.sh'
[4.375s] Level 1:colcon.colcon_core.environment:checking '/home/pi/pi_bot_ws/install/motor_driver/lib'
[4.377s] Level 1:colcon.colcon_core.environment:checking '/home/pi/pi_bot_ws/install/motor_driver/bin'
[4.378s] Level 1:colcon.colcon_core.environment:checking '/home/pi/pi_bot_ws/install/motor_driver/lib/pkgconfig/motor_driver.pc'
[4.380s] Level 1:colcon.colcon_core.environment:checking '/home/pi/pi_bot_ws/install/motor_driver/lib/python3.10/site-packages'
[4.382s] Level 1:colcon.colcon_core.environment:checking '/home/pi/pi_bot_ws/install/motor_driver/bin'
[4.385s] INFO:colcon.colcon_core.shell:Creating package script '/home/pi/pi_bot_ws/install/motor_driver/share/motor_driver/package.ps1'
[4.393s] INFO:colcon.colcon_core.shell:Creating package descriptor '/home/pi/pi_bot_ws/install/motor_driver/share/motor_driver/package.dsv'
[4.398s] INFO:colcon.colcon_core.shell:Creating package script '/home/pi/pi_bot_ws/install/motor_driver/share/motor_driver/package.sh'
[4.406s] INFO:colcon.colcon_core.shell:Creating package script '/home/pi/pi_bot_ws/install/motor_driver/share/motor_driver/package.bash'
[4.414s] INFO:colcon.colcon_core.shell:Creating package script '/home/pi/pi_bot_ws/install/motor_driver/share/motor_driver/package.zsh'
[4.422s] Level 1:colcon.colcon_core.environment:create_file_with_runtime_dependencies(/home/pi/pi_bot_ws/install/motor_driver/share/colcon-core/packages/motor_driver)
[4.428s] Level 1:colcon.colcon_core.environment:create_environment_scripts_only(motor_driver)
[4.430s] Level 1:colcon.colcon_core.environment:checking '/home/pi/pi_bot_ws/install/motor_driver' for CMake module files
[4.436s] Level 1:colcon.colcon_core.environment:checking '/home/pi/pi_bot_ws/install/motor_driver' for CMake config files
[4.439s] Level 1:colcon.colcon_core.shell:create_environment_hook('motor_driver', 'cmake_prefix_path')
[4.441s] INFO:colcon.colcon_core.shell:Creating environment hook '/home/pi/pi_bot_ws/install/motor_driver/share/motor_driver/hook/cmake_prefix_path.ps1'
[4.445s] INFO:colcon.colcon_core.shell:Creating environment descriptor '/home/pi/pi_bot_ws/install/motor_driver/share/motor_driver/hook/cmake_prefix_path.dsv'
[4.449s] INFO:colcon.colcon_core.shell:Creating environment hook '/home/pi/pi_bot_ws/install/motor_driver/share/motor_driver/hook/cmake_prefix_path.sh'
[4.455s] Level 1:colcon.colcon_core.environment:checking '/home/pi/pi_bot_ws/install/motor_driver/lib'
[4.456s] Level 1:colcon.colcon_core.environment:checking '/home/pi/pi_bot_ws/install/motor_driver/bin'
[4.457s] Level 1:colcon.colcon_core.environment:checking '/home/pi/pi_bot_ws/install/motor_driver/lib/pkgconfig/motor_driver.pc'
[4.459s] Level 1:colcon.colcon_core.environment:checking '/home/pi/pi_bot_ws/install/motor_driver/lib/python3.10/site-packages'
[4.462s] Level 1:colcon.colcon_core.environment:checking '/home/pi/pi_bot_ws/install/motor_driver/bin'
[4.465s] INFO:colcon.colcon_core.shell:Creating package script '/home/pi/pi_bot_ws/install/motor_driver/share/motor_driver/package.ps1'
[4.470s] INFO:colcon.colcon_core.shell:Creating package descriptor '/home/pi/pi_bot_ws/install/motor_driver/share/motor_driver/package.dsv'
[4.476s] INFO:colcon.colcon_core.shell:Creating package script '/home/pi/pi_bot_ws/install/motor_driver/share/motor_driver/package.sh'
[4.481s] INFO:colcon.colcon_core.shell:Creating package script '/home/pi/pi_bot_ws/install/motor_driver/share/motor_driver/package.bash'
[4.485s] INFO:colcon.colcon_core.shell:Creating package script '/home/pi/pi_bot_ws/install/motor_driver/share/motor_driver/package.zsh'
[4.490s] Level 1:colcon.colcon_core.environment:create_file_with_runtime_dependencies(/home/pi/pi_bot_ws/install/motor_driver/share/colcon-core/packages/motor_driver)
[4.493s] INFO:colcon.colcon_ros.task.ament_cmake.build:Building ROS package in '/home/pi/pi_bot_ws/src/hat_test' with build type 'ament_cmake'
[4.494s] INFO:colcon.colcon_cmake.task.cmake.build:Building CMake package in '/home/pi/pi_bot_ws/src/hat_test'
[4.497s] INFO:colcon.colcon_core.shell:Skip shell extension 'powershell' for command environment: Not usable outside of PowerShell
[4.498s] DEBUG:colcon.colcon_core.shell:Skip shell extension 'dsv' for command environment
[4.584s] DEBUG:colcon.colcon_core.event_handler.log_command:Invoking command in '/home/pi/pi_bot_ws/build/hat_test': CMAKE_PREFIX_PATH=/home/pi/pi_bot_ws/install/motor_driver:/home/pi/pi_bot_ws/install/hat_test:/opt/ros/humble /usr/bin/cmake --build /home/pi/pi_bot_ws/build/hat_test -- -j4 -l4
[33.766s] DEBUG:colcon.colcon_core.event_handler.log_command:Invoked command in '/home/pi/pi_bot_ws/build/hat_test' returned '0': CMAKE_PREFIX_PATH=/home/pi/pi_bot_ws/install/motor_driver:/home/pi/pi_bot_ws/install/hat_test:/opt/ros/humble /usr/bin/cmake --build /home/pi/pi_bot_ws/build/hat_test -- -j4 -l4
[33.786s] DEBUG:colcon.colcon_core.event_handler.log_command:Invoking command in '/home/pi/pi_bot_ws/build/hat_test': CMAKE_PREFIX_PATH=/home/pi/pi_bot_ws/install/motor_driver:/home/pi/pi_bot_ws/install/hat_test:/opt/ros/humble /usr/bin/cmake --install /home/pi/pi_bot_ws/build/hat_test
[33.870s] Level 1:colcon.colcon_core.environment:create_environment_scripts_only(hat_test)
[33.873s] Level 1:colcon.colcon_core.environment:checking '/home/pi/pi_bot_ws/install/hat_test' for CMake module files
[33.877s] DEBUG:colcon.colcon_core.event_handler.log_command:Invoked command in '/home/pi/pi_bot_ws/build/hat_test' returned '0': CMAKE_PREFIX_PATH=/home/pi/pi_bot_ws/install/motor_driver:/home/pi/pi_bot_ws/install/hat_test:/opt/ros/humble /usr/bin/cmake --install /home/pi/pi_bot_ws/build/hat_test
[33.883s] Level 1:colcon.colcon_core.environment:checking '/home/pi/pi_bot_ws/install/hat_test' for CMake config files
[33.887s] Level 1:colcon.colcon_core.shell:create_environment_hook('hat_test', 'cmake_prefix_path')
[33.889s] INFO:colcon.colcon_core.shell:Creating environment hook '/home/pi/pi_bot_ws/install/hat_test/share/hat_test/hook/cmake_prefix_path.ps1'
[33.894s] INFO:colcon.colcon_core.shell:Creating environment descriptor '/home/pi/pi_bot_ws/install/hat_test/share/hat_test/hook/cmake_prefix_path.dsv'
[33.898s] INFO:colcon.colcon_core.shell:Creating environment hook '/home/pi/pi_bot_ws/install/hat_test/share/hat_test/hook/cmake_prefix_path.sh'
[33.904s] Level 1:colcon.colcon_core.environment:checking '/home/pi/pi_bot_ws/install/hat_test/lib'
[33.905s] Level 1:colcon.colcon_core.environment:checking '/home/pi/pi_bot_ws/install/hat_test/bin'
[33.906s] Level 1:colcon.colcon_core.environment:checking '/home/pi/pi_bot_ws/install/hat_test/lib/pkgconfig/hat_test.pc'
[33.908s] Level 1:colcon.colcon_core.environment:checking '/home/pi/pi_bot_ws/install/hat_test/lib/python3.10/site-packages'
[33.910s] Level 1:colcon.colcon_core.environment:checking '/home/pi/pi_bot_ws/install/hat_test/bin'
[33.913s] INFO:colcon.colcon_core.shell:Creating package script '/home/pi/pi_bot_ws/install/hat_test/share/hat_test/package.ps1'
[33.917s] INFO:colcon.colcon_core.shell:Creating package descriptor '/home/pi/pi_bot_ws/install/hat_test/share/hat_test/package.dsv'
[33.922s] INFO:colcon.colcon_core.shell:Creating package script '/home/pi/pi_bot_ws/install/hat_test/share/hat_test/package.sh'
[33.926s] INFO:colcon.colcon_core.shell:Creating package script '/home/pi/pi_bot_ws/install/hat_test/share/hat_test/package.bash'
[33.931s] INFO:colcon.colcon_core.shell:Creating package script '/home/pi/pi_bot_ws/install/hat_test/share/hat_test/package.zsh'
[33.936s] Level 1:colcon.colcon_core.environment:create_file_with_runtime_dependencies(/home/pi/pi_bot_ws/install/hat_test/share/colcon-core/packages/hat_test)
[33.942s] Level 1:colcon.colcon_core.environment:create_environment_scripts_only(hat_test)
[33.944s] Level 1:colcon.colcon_core.environment:checking '/home/pi/pi_bot_ws/install/hat_test' for CMake module files
[33.950s] Level 1:colcon.colcon_core.environment:checking '/home/pi/pi_bot_ws/install/hat_test' for CMake config files
[33.953s] Level 1:colcon.colcon_core.shell:create_environment_hook('hat_test', 'cmake_prefix_path')
[33.955s] INFO:colcon.colcon_core.shell:Creating environment hook '/home/pi/pi_bot_ws/install/hat_test/share/hat_test/hook/cmake_prefix_path.ps1'
[33.959s] INFO:colcon.colcon_core.shell:Creating environment descriptor '/home/pi/pi_bot_ws/install/hat_test/share/hat_test/hook/cmake_prefix_path.dsv'
[33.963s] INFO:colcon.colcon_core.shell:Creating environment hook '/home/pi/pi_bot_ws/install/hat_test/share/hat_test/hook/cmake_prefix_path.sh'
[33.969s] Level 1:colcon.colcon_core.environment:checking '/home/pi/pi_bot_ws/install/hat_test/lib'
[33.970s] Level 1:colcon.colcon_core.environment:checking '/home/pi/pi_bot_ws/install/hat_test/bin'
[33.970s] Level 1:colcon.colcon_core.environment:checking '/home/pi/pi_bot_ws/install/hat_test/lib/pkgconfig/hat_test.pc'
[33.972s] Level 1:colcon.colcon_core.environment:checking '/home/pi/pi_bot_ws/install/hat_test/lib/python3.10/site-packages'
[33.975s] Level 1:colcon.colcon_core.environment:checking '/home/pi/pi_bot_ws/install/hat_test/bin'
[33.977s] INFO:colcon.colcon_core.shell:Creating package script '/home/pi/pi_bot_ws/install/hat_test/share/hat_test/package.ps1'
[33.982s] INFO:colcon.colcon_core.shell:Creating package descriptor '/home/pi/pi_bot_ws/install/hat_test/share/hat_test/package.dsv'
[33.987s] INFO:colcon.colcon_core.shell:Creating package script '/home/pi/pi_bot_ws/install/hat_test/share/hat_test/package.sh'
[33.992s] INFO:colcon.colcon_core.shell:Creating package script '/home/pi/pi_bot_ws/install/hat_test/share/hat_test/package.bash'
[33.997s] INFO:colcon.colcon_core.shell:Creating package script '/home/pi/pi_bot_ws/install/hat_test/share/hat_test/package.zsh'
[34.002s] Level 1:colcon.colcon_core.environment:create_file_with_runtime_dependencies(/home/pi/pi_bot_ws/install/hat_test/share/colcon-core/packages/hat_test)
[34.004s] DEBUG:colcon.colcon_parallel_executor.executor.parallel:closing loop
[34.007s] DEBUG:colcon.colcon_parallel_executor.executor.parallel:loop closed
[34.008s] DEBUG:colcon.colcon_parallel_executor.executor.parallel:run_until_complete finished with '0'
[34.009s] DEBUG:colcon.colcon_core.event_reactor:joining thread
[34.053s] INFO:colcon.colcon_core.plugin_system:Skipping extension 'colcon_notification.desktop_notification.notify_send': Could not find 'notify-send'
[34.054s] INFO:colcon.colcon_core.plugin_system:Skipping extension 'colcon_notification.desktop_notification.terminal_notifier': Not used on non-Darwin systems
[34.054s] INFO:colcon.colcon_core.plugin_system:Skipping extension 'colcon_notification.desktop_notification.win32': Not used on non-Windows systems
[34.055s] INFO:colcon.colcon_notification.desktop_notification:Sending desktop notification using 'notify2'
[34.061s] DEBUG:colcon.colcon_notification.desktop_notification.notify2:Failed to initialize notify2: org.freedesktop.DBus.Error.ServiceUnknown: The name org.freedesktop.Notifications was not provided by any .service files
[34.062s] DEBUG:colcon.colcon_core.event_reactor:joined thread
[34.064s] INFO:colcon.colcon_core.shell:Creating prefix script '/home/pi/pi_bot_ws/install/local_setup.ps1'
[34.073s] INFO:colcon.colcon_core.shell:Creating prefix util module '/home/pi/pi_bot_ws/install/_local_setup_util_ps1.py'
[34.089s] INFO:colcon.colcon_core.shell:Creating prefix chain script '/home/pi/pi_bot_ws/install/setup.ps1'
[34.099s] INFO:colcon.colcon_core.shell:Creating prefix script '/home/pi/pi_bot_ws/install/local_setup.sh'
[34.105s] INFO:colcon.colcon_core.shell:Creating prefix util module '/home/pi/pi_bot_ws/install/_local_setup_util_sh.py'
[34.111s] INFO:colcon.colcon_core.shell:Creating prefix chain script '/home/pi/pi_bot_ws/install/setup.sh'
[34.122s] INFO:colcon.colcon_core.shell:Creating prefix script '/home/pi/pi_bot_ws/install/local_setup.bash'
[34.127s] INFO:colcon.colcon_core.shell:Creating prefix chain script '/home/pi/pi_bot_ws/install/setup.bash'
[34.138s] INFO:colcon.colcon_core.shell:Creating prefix script '/home/pi/pi_bot_ws/install/local_setup.zsh'
[34.143s] INFO:colcon.colcon_core.shell:Creating prefix chain script '/home/pi/pi_bot_ws/install/setup.zsh'
