[0.029s] Invoking command in '/home/nick/dev/pi_bot_ws/build/i2c_comm_cpp': DEBUGINFOD_URLS=https://debuginfod.archlinux.org _=/usr/bin/env /usr/bin/cmake --build /home/nick/dev/pi_bot_ws/build/i2c_comm_cpp -- -j12 -l12
[0.066s] [0mCMake Deprecation Warning at CMakeLists.txt:1 (cmake_minimum_required):
[0.066s]   Compatibility with CMake < 3.10 will be removed from a future version of
[0.066s]   CMake.
[0.067s] 
[0.067s]   Update the VERSION argument <min> value.  Or, use the <min>...<max> syntax
[0.067s]   to tell CMake that the project requires at least <min> but has been updated
[0.067s]   to work with policies introduced by <max> or earlier.
[0.067s] 
[0.067s] [0m
[0.089s] -- Found ament_cmake: 1.3.11 (/home/nick/ros2-humble/src/install/share/ament_cmake/cmake)
[0.386s] -- Found rclcpp: 16.0.12 (/home/nick/ros2-humble/src/install/share/rclcpp/cmake)
[0.436s] -- Found rosidl_generator_c: 3.1.6 (/home/nick/ros2-humble/src/install/share/rosidl_generator_c/cmake)
[0.440s] -- Found rosidl_adapter: 3.1.6 (/home/nick/ros2-humble/src/install/share/rosidl_adapter/cmake)
[0.449s] -- Found rosidl_generator_cpp: 3.1.6 (/home/nick/ros2-humble/src/install/share/rosidl_generator_cpp/cmake)
[0.464s] -- Using all available rosidl_typesupport_c: rosidl_typesupport_fastrtps_c;rosidl_typesupport_introspection_c
[0.484s] -- Using all available rosidl_typesupport_cpp: rosidl_typesupport_fastrtps_cpp;rosidl_typesupport_introspection_cpp
[0.539s] -- Found rmw_implementation_cmake: 6.1.2 (/home/nick/ros2-humble/src/install/share/rmw_implementation_cmake/cmake)
[0.540s] -- Found rmw_fastrtps_cpp: 6.2.7 (/home/nick/ros2-humble/src/install/share/rmw_fastrtps_cpp/cmake)
[0.651s] -- Using RMW implementation 'rmw_fastrtps_cpp' as default
[0.743s] -- Found ament_lint_auto: 0.12.12 (/home/nick/ros2-humble/src/install/share/ament_lint_auto/cmake)
[0.908s] -- Added test 'cppcheck' to perform static code analysis on C / C++ code
[0.908s] -- Configured cppcheck include dirs: /home/nick/dev/pi_bot_ws/src/i2c_comm_cpp/include
[0.909s] -- Configured cppcheck exclude dirs and/or files: 
[0.915s] -- Added test 'lint_cmake' to check CMake code style
[0.932s] -- Added test 'uncrustify' to check C / C++ code style
[0.933s] -- Configured uncrustify additional arguments: 
[0.935s] -- Added test 'xmllint' to check XML markup files
[0.936s] -- Configuring done (0.9s)
[0.952s] -- Generating done (0.0s)
[0.954s] -- Build files have been written to: /home/nick/dev/pi_bot_ws/build/i2c_comm_cpp
[1.025s] [ 50%] [32mBuilding CXX object CMakeFiles/i2c_comm_cpp.dir/src/i2c_utils.cpp.o[0m
[1.536s] [100%] [32m[1mLinking CXX static library libi2c_comm_cpp.a[0m
[1.626s] [100%] Built target i2c_comm_cpp
[1.644s] Invoked command in '/home/nick/dev/pi_bot_ws/build/i2c_comm_cpp' returned '0': DEBUGINFOD_URLS=https://debuginfod.archlinux.org _=/usr/bin/env /usr/bin/cmake --build /home/nick/dev/pi_bot_ws/build/i2c_comm_cpp -- -j12 -l12
[1.659s] Invoking command in '/home/nick/dev/pi_bot_ws/build/i2c_comm_cpp': DEBUGINFOD_URLS=https://debuginfod.archlinux.org _=/usr/bin/env /usr/bin/cmake --install /home/nick/dev/pi_bot_ws/build/i2c_comm_cpp
[1.670s] -- Install configuration: ""
[1.670s] -- Installing: /home/nick/dev/pi_bot_ws/install/i2c_comm_cpp/lib/libi2c_comm_cpp.a
[1.670s] -- Up-to-date: /home/nick/dev/pi_bot_ws/install/i2c_comm_cpp/include/
[1.671s] -- Up-to-date: /home/nick/dev/pi_bot_ws/install/i2c_comm_cpp/include//i2c_comm_cpp
[1.671s] -- Up-to-date: /home/nick/dev/pi_bot_ws/install/i2c_comm_cpp/include//i2c_comm_cpp/i2c_utils.hpp
[1.671s] -- Up-to-date: /home/nick/dev/pi_bot_ws/install/i2c_comm_cpp/share/ament_index/resource_index/package_run_dependencies/i2c_comm_cpp
[1.671s] -- Up-to-date: /home/nick/dev/pi_bot_ws/install/i2c_comm_cpp/share/ament_index/resource_index/parent_prefix_path/i2c_comm_cpp
[1.671s] -- Up-to-date: /home/nick/dev/pi_bot_ws/install/i2c_comm_cpp/share/i2c_comm_cpp/environment/ament_prefix_path.sh
[1.671s] -- Installing: /home/nick/dev/pi_bot_ws/install/i2c_comm_cpp/share/i2c_comm_cpp/environment/ament_prefix_path.dsv
[1.672s] -- Up-to-date: /home/nick/dev/pi_bot_ws/install/i2c_comm_cpp/share/i2c_comm_cpp/environment/path.sh
[1.672s] -- Installing: /home/nick/dev/pi_bot_ws/install/i2c_comm_cpp/share/i2c_comm_cpp/environment/path.dsv
[1.672s] -- Up-to-date: /home/nick/dev/pi_bot_ws/install/i2c_comm_cpp/share/i2c_comm_cpp/local_setup.bash
[1.672s] -- Up-to-date: /home/nick/dev/pi_bot_ws/install/i2c_comm_cpp/share/i2c_comm_cpp/local_setup.sh
[1.672s] -- Up-to-date: /home/nick/dev/pi_bot_ws/install/i2c_comm_cpp/share/i2c_comm_cpp/local_setup.zsh
[1.672s] -- Installing: /home/nick/dev/pi_bot_ws/install/i2c_comm_cpp/share/i2c_comm_cpp/local_setup.dsv
[1.672s] -- Installing: /home/nick/dev/pi_bot_ws/install/i2c_comm_cpp/share/i2c_comm_cpp/package.dsv
[1.672s] -- Up-to-date: /home/nick/dev/pi_bot_ws/install/i2c_comm_cpp/share/ament_index/resource_index/packages/i2c_comm_cpp
[1.672s] -- Up-to-date: /home/nick/dev/pi_bot_ws/install/i2c_comm_cpp/share/i2c_comm_cpp/cmake/i2c_comm_cppConfig.cmake
[1.672s] -- Up-to-date: /home/nick/dev/pi_bot_ws/install/i2c_comm_cpp/share/i2c_comm_cpp/cmake/i2c_comm_cppConfig-version.cmake
[1.673s] -- Up-to-date: /home/nick/dev/pi_bot_ws/install/i2c_comm_cpp/share/i2c_comm_cpp/package.xml
[1.674s] Invoked command in '/home/nick/dev/pi_bot_ws/build/i2c_comm_cpp' returned '0': DEBUGINFOD_URLS=https://debuginfod.archlinux.org _=/usr/bin/env /usr/bin/cmake --install /home/nick/dev/pi_bot_ws/build/i2c_comm_cpp
